Change Component Designator: Old Designator=C13 New Designator=C32
Change Component Designator: Old Designator=C14 New Designator=C33
Change Component Designator: Old Designator=C15 New Designator=C34
Change Component Designator: Old Designator=C16 New Designator=C35
Change Component Designator: Old Designator=C17 New Designator=C36
Change Component Designator: Old Designator=P2 New Designator=P10
Change Component Designator: Old Designator=P3 New Designator=P11
Change Component Designator: Old Designator=P4 New Designator=P12
Change Component Designator: Old Designator=P5 New Designator=P13
Change Component Designator: Old Designator=Q1 New Designator=Q21
Change Component Designator: Old Designator=Q2 New Designator=Q22
Change Component Designator: Old Designator=R8 New Designator=R100
Change Component Designator: Old Designator=R9 New Designator=R101
Change Component Designator: Old Designator=R10 New Designator=R102
Change Component Designator: Old Designator=R11 New Designator=R103
Change Component Designator: Old Designator=R12 New Designator=R104
Change Component Designator: Old Designator=R13 New Designator=R105
Change Component Designator: Old Designator=R14 New Designator=R106
Change Component Designator: Old Designator=RIPROPI1 New Designator=RIPROPI2
Change Component Designator: Old Designator=U4 New Designator=U7
