Change Component Designator: Old Designator=C18 New Designator=C29
Change Component Designator: Old Designator=C19 New Designator=C30
Change Component Designator: Old Designator=C20 New Designator=C31
Change Component Designator: Old Designator=D1 New Designator=D11
Change Component Designator: Old Designator=D2 New Designator=D12
Change Component Designator: Old Designator=J3 New Designator=J20
Change Component Designator: Old Designator=K1 New Designator=K3
Change Component Designator: Old Designator=K2 New Designator=K4
Change Component Designator: Old Designator=P6 New Designator=P8
Change Component Designator: Old Designator=P7 New Designator=P9
Change Component Designator: Old Designator=Q3 New Designator=Q17
Change Component Designator: Old Designator=Q4 New Designator=Q18
Change Component Designator: Old Designator=Q5 New Designator=Q19
Change Component Designator: Old Designator=Q6 New Designator=Q20
Change Component Designator: Old Designator=R15 New Designator=R92
Change Component Designator: Old Designator=R16 New Designator=R93
Change Component Designator: Old Designator=R17 New Designator=R94
Change Component Designator: Old Designator=R18 New Designator=R95
Change Component Designator: Old Designator=R19 New Designator=R96
Change Component Designator: Old Designator=R20 New Designator=R97
Change Component Designator: Old Designator=R21 New Designator=R98
Change Component Designator: Old Designator=R22 New Designator=R99
Change Component Designator: Old Designator=U5 New Designator=U6
