Removed Pin From Net: NetName=NetC13_2 Pin=RIPROPI1-1
Removed Pin From Net: NetName=GND Pin=RIPROPI1-2
Removed Pin From Net: NetName=NetC26_2 Pin=RIPROPI2-1
Removed Pin From Net: NetName=GND Pin=RIPROPI2-2
Removed Pin From Net: NetName=GND Pin=U4-17
Removed Member From Class: ClassName=jack driver 1 Member=RIPROPI1
Removed Member From Class: ClassName=jack driver 2 Member=RIPROPI2
Change Component Designator: OldDesignator=C2 NewDesignator=C1
Change Component Designator: OldDesignator=C3 NewDesignator=C2
Change Component Designator: OldDesignator=C4 NewDesignator=C3
Change Component Designator: OldDesignator=C5 NewDesignator=C4
Change Component Designator: OldDesignator=C6 NewDesignator=C5
Change Component Designator: OldDesignator=C7 NewDesignator=C6
Change Component Designator: OldDesignator=C8 NewDesignator=C7
Change Component Designator: OldDesignator=C9 NewDesignator=C8
Change Component Designator: OldDesignator=C10 NewDesignator=C9
Change Component Designator: OldDesignator=C11 NewDesignator=C10
Change Component Designator: OldDesignator=C12 NewDesignator=C11
Change Component Designator: OldDesignator=C13 NewDesignator=C12
Change Component Designator: OldDesignator=C14 NewDesignator=C13
Change Component Designator: OldDesignator=C15 NewDesignator=C14
Change Component Designator: OldDesignator=C16 NewDesignator=C15
Change Component Designator: OldDesignator=C17 NewDesignator=C16
Change Component Designator: OldDesignator=C18 NewDesignator=C17
Change Component Designator: OldDesignator=C19 NewDesignator=C18
Change Component Designator: OldDesignator=C20 NewDesignator=C19
Change Component Designator: OldDesignator=C21 NewDesignator=C20
Change Component Designator: OldDesignator=C22 NewDesignator=C21
Change Component Designator: OldDesignator=C23 NewDesignator=C22
Change Component Designator: OldDesignator=C24 NewDesignator=C23
Change Component Designator: OldDesignator=C25 NewDesignator=C24
Change Component Designator: OldDesignator=C26 NewDesignator=C25
Change Component Designator: OldDesignator=C27 NewDesignator=C26
Change Component Designator: OldDesignator=C28 NewDesignator=C27
Change Component Designator: OldDesignator=C29 NewDesignator=C28
Change Component Designator: OldDesignator=C30 NewDesignator=C29
Change Component Designator: OldDesignator=R14 NewDesignator=R15
Change Component Designator: OldDesignator=R15 NewDesignator=R16
Change Component Designator: OldDesignator=R16 NewDesignator=R17
Change Component Designator: OldDesignator=R17 NewDesignator=R18
Change Component Designator: OldDesignator=R18 NewDesignator=R19
Change Component Designator: OldDesignator=R19 NewDesignator=R20
Change Component Designator: OldDesignator=R20 NewDesignator=R21
Change Component Designator: OldDesignator=R21 NewDesignator=R22
Change Component Designator: OldDesignator=R22 NewDesignator=R23
Change Component Designator: OldDesignator=R23 NewDesignator=R24
Change Component Designator: OldDesignator=R24 NewDesignator=R25
Change Component Designator: OldDesignator=R25 NewDesignator=R26
Change Component Designator: OldDesignator=R26 NewDesignator=R27
Change Component Designator: OldDesignator=R27 NewDesignator=R28
Change Component Designator: OldDesignator=R28 NewDesignator=R29
Change Component Designator: OldDesignator=R29 NewDesignator=R30
Change Component Designator: OldDesignator=R30 NewDesignator=R31
Change Component Designator: OldDesignator=R31 NewDesignator=R32
Change Component Designator: OldDesignator=R32 NewDesignator=R33
Change Component Designator: OldDesignator=R33 NewDesignator=R34
Change Component Designator: OldDesignator=R34 NewDesignator=R35
Change Component Designator: OldDesignator=R35 NewDesignator=R36
Change Component Designator: OldDesignator=R36 NewDesignator=R37
Change Component Designator: OldDesignator=R37 NewDesignator=R38
Change Component Designator: OldDesignator=R38 NewDesignator=R39
Change Component Designator: OldDesignator=R39 NewDesignator=R40
Change Component Designator: OldDesignator=R40 NewDesignator=R41
Change Component Designator: OldDesignator=R41 NewDesignator=R42
Change Component Designator: OldDesignator=R42 NewDesignator=R43
Change Component Designator: OldDesignator=R43 NewDesignator=R44
Change Component Designator: OldDesignator=R44 NewDesignator=R45
Change Component Designator: OldDesignator=R45 NewDesignator=R46
Change Component Designator: OldDesignator=R46 NewDesignator=R47
Change Component Designator: OldDesignator=R47 NewDesignator=R48
Change Component Designator: OldDesignator=R48 NewDesignator=R49
Change Component Designator: OldDesignator=R49 NewDesignator=R50
Change Component Designator: OldDesignator=R50 NewDesignator=R51
Change Component Designator: OldDesignator=R51 NewDesignator=R52
Change Component Designator: OldDesignator=R52 NewDesignator=R53
Change Component Designator: OldDesignator=R53 NewDesignator=R54
Change Component Designator: OldDesignator=R54 NewDesignator=R55
Change Component Designator: OldDesignator=R55 NewDesignator=R56
Change Component Designator: OldDesignator=R56 NewDesignator=R57
Change Component Designator: OldDesignator=R57 NewDesignator=R58
Change Component Designator: OldDesignator=R58 NewDesignator=R59
Change Component Designator: OldDesignator=R59 NewDesignator=R60
Change Component Designator: OldDesignator=R60 NewDesignator=R61
Change Component Designator: OldDesignator=R61 NewDesignator=R62
Change Component Designator: OldDesignator=R62 NewDesignator=R63
Change Component Designator: OldDesignator=R63 NewDesignator=R64
Change Component Designator: OldDesignator=R64 NewDesignator=R65
Change Component Designator: OldDesignator=R65 NewDesignator=R66
Change Component Designator: OldDesignator=R66 NewDesignator=R67
Change Component Designator: OldDesignator=R67 NewDesignator=R68
Change Component Designator: OldDesignator=R68 NewDesignator=R69
Change Component Designator: OldDesignator=R69 NewDesignator=R70
Change Component Designator: OldDesignator=R70 NewDesignator=R71
Change Component Designator: OldDesignator=R71 NewDesignator=R72
Change Component Designator: OldDesignator=R72 NewDesignator=R73
Change Component Designator: OldDesignator=R73 NewDesignator=R74
Change Component Designator: OldDesignator=R74 NewDesignator=R75
Change Component Designator: OldDesignator=R75 NewDesignator=R76
Change Component Designator: OldDesignator=R76 NewDesignator=R77
Change Component Designator: OldDesignator=R77 NewDesignator=R78
Change Component Designator: OldDesignator=R78 NewDesignator=R79
Change Component Designator: OldDesignator=R79 NewDesignator=R80
Change Component Designator: OldDesignator=R80 NewDesignator=R81
Change Component Designator: OldDesignator=R81 NewDesignator=R82
Change Component Designator: OldDesignator=R82 NewDesignator=R83
Change Component Designator: OldDesignator=R83 NewDesignator=R84
Change Component Designator: OldDesignator=R84 NewDesignator=R85
Change Component Designator: OldDesignator=R85 NewDesignator=R86
Change Component Designator: OldDesignator=R86 NewDesignator=R87
Change Component Designator: OldDesignator=R87 NewDesignator=R88
Change Component Designator: OldDesignator=R88 NewDesignator=R89
Change Component Designator: OldDesignator=R89 NewDesignator=R90
Change Component Designator: OldDesignator=R90 NewDesignator=R91
Change Component Designator: OldDesignator=R91 NewDesignator=R92
Change Component Designator: OldDesignator=R92 NewDesignator=R93
Change Component Designator: OldDesignator=R93 NewDesignator=R94
Change Component Designator: OldDesignator=R94 NewDesignator=R95
Change Component Designator: OldDesignator=R95 NewDesignator=R96
Change Component Designator: OldDesignator=R96 NewDesignator=R97
Change Component Designator: OldDesignator=R97 NewDesignator=R98
Change Component Designator: OldDesignator=R98 NewDesignator=R99
Change Component Designator: OldDesignator=R99 NewDesignator=R100
Change Component Designator: OldDesignator=R100 NewDesignator=R101
Change Component Designator: OldDesignator=R101 NewDesignator=R102
Change Component Designator: OldDesignator=R102 NewDesignator=R103
Change Component Designator: OldDesignator=R103 NewDesignator=R104
Change Component Designator: OldDesignator=R104 NewDesignator=R105
Change Component Designator: OldDesignator=R105 NewDesignator=R106
Change Component Designator: OldDesignator=R106 NewDesignator=R107
Change Component Designator: OldDesignator=R107 NewDesignator=R108
Change Component Designator: OldDesignator=R108 NewDesignator=R109
Change Component Designator: OldDesignator=R109 NewDesignator=R110
Change Component Designator: OldDesignator=R110 NewDesignator=R111
Change Component Designator: OldDesignator=R111 NewDesignator=R112
Change Component Designator: OldDesignator=R112 NewDesignator=R114
Change Component Designator: OldDesignator=R113 NewDesignator=R115
Change Component Designator: OldDesignator=R114 NewDesignator=R116
Change Component Designator: OldDesignator=R115 NewDesignator=R117
Change Component Designator: OldDesignator=R116 NewDesignator=R118
Change Component Designator: OldDesignator=R117 NewDesignator=R119
Change Component Designator: OldDesignator=R118 NewDesignator=R120
Added Component: Designator=R14(RESC3015X65N)
Add component (AddParameter): Name = "Check_prices"; Value = "https://www.snapeda.com/parts/CPF1206B10KE1/TE+Connectivity/view-part/?ref=eda"; VariantName = "[No Variations]"
Add component (AddParameter): Name = "EU_RoHS_Compliance"; Value = "Compliant"; VariantName = "[No Variations]"
Add component (AddParameter): Name = "MF"; Value = "TE Connectivity"; VariantName = "[No Variations]"
Add component (AddParameter): Name = "MP"; Value = "CPF1206B10KE1"; VariantName = "[No Variations]"
Add component (AddParameter): Name = "Package"; Value = "1206"; VariantName = "[No Variations]"
Add component (AddParameter): Name = "Power_Rating"; Value = ".125 W"; VariantName = "[No Variations]"
Add component (AddParameter): Name = "Resistance"; Value = "10K"; VariantName = "[No Variations]"
Add component (AddParameter): Name = "SnapEDA_Link"; Value = "https://www.snapeda.com/parts/CPF1206B10KE1/TE+Connectivity/view-part/?ref=snap"; VariantName = "[No Variations]"
Add component (AddParameter): Name = "Tolerance"; Value = ".1%"; VariantName = "[No Variations]"
Add component (AddParameter): Name = "Value"; Value = ""; VariantName = "[No Variations]"
Add component (AddParameter): Name = "Voltage_Rating"; Value = "150 V"; VariantName = "[No Variations]"
Added Component: Designator=R113(RESC3015X65N)
Add component (AddParameter): Name = "Check_prices"; Value = "https://www.snapeda.com/parts/CPF1206B10KE1/TE+Connectivity/view-part/?ref=eda"; VariantName = "[No Variations]"
Add component (AddParameter): Name = "EU_RoHS_Compliance"; Value = "Compliant"; VariantName = "[No Variations]"
Add component (AddParameter): Name = "MF"; Value = "TE Connectivity"; VariantName = "[No Variations]"
Add component (AddParameter): Name = "MP"; Value = "CPF1206B10KE1"; VariantName = "[No Variations]"
Add component (AddParameter): Name = "Package"; Value = "1206"; VariantName = "[No Variations]"
Add component (AddParameter): Name = "Power_Rating"; Value = ".125 W"; VariantName = "[No Variations]"
Add component (AddParameter): Name = "Resistance"; Value = "10K"; VariantName = "[No Variations]"
Add component (AddParameter): Name = "SnapEDA_Link"; Value = "https://www.snapeda.com/parts/CPF1206B10KE1/TE+Connectivity/view-part/?ref=snap"; VariantName = "[No Variations]"
Add component (AddParameter): Name = "Tolerance"; Value = ".1%"; VariantName = "[No Variations]"
Add component (AddParameter): Name = "Value"; Value = ""; VariantName = "[No Variations]"
Add component (AddParameter): Name = "Voltage_Rating"; Value = "150 V"; VariantName = "[No Variations]"
Added Pin To Net: NetName=NetC13_2 Pin=R14-1
Added Pin To Net: NetName=GND Pin=R14-2
Added Pin To Net: NetName=NetC26_2 Pin=R113-1
Added Pin To Net: NetName=GND Pin=R113-2
Change Net Name : Old Net Name=NetC5_2 New Net Name=NetC4_2
Change Net Name : Old Net Name=NetC12_2 New Net Name=NetC11_2
Change Net Name : Old Net Name=NetC13_2 New Net Name=NetC12_2
Change Net Name : Old Net Name=NetC18_1 New Net Name=NetC17_1
Change Net Name : Old Net Name=NetC18_2 New Net Name=NetC17_2
Change Net Name : Old Net Name=NetC19_1 New Net Name=NetC18_1
Change Net Name : Old Net Name=NetC19_2 New Net Name=NetC18_2
Change Net Name : Old Net Name=NetC20_1 New Net Name=NetC19_1
Change Net Name : Old Net Name=NetC20_2 New Net Name=NetC19_2
Change Net Name : Old Net Name=NetC21_1 New Net Name=NetC20_1
Change Net Name : Old Net Name=NetC21_2 New Net Name=NetC20_2
Change Net Name : Old Net Name=NetC22_1 New Net Name=NetC21_1
Change Net Name : Old Net Name=NetC22_2 New Net Name=NetC21_2
Change Net Name : Old Net Name=NetC23_1 New Net Name=NetC22_1
Change Net Name : Old Net Name=NetC23_2 New Net Name=NetC22_2
Change Net Name : Old Net Name=NetC24_1 New Net Name=NetC23_1
Change Net Name : Old Net Name=NetC24_2 New Net Name=NetC23_2
Change Net Name : Old Net Name=NetC25_1 New Net Name=NetC24_1
Change Net Name : Old Net Name=NetC25_2 New Net Name=NetC24_2
Change Net Name : Old Net Name=NetC26_2 New Net Name=NetC25_2
Change Net Name : Old Net Name=NetR14_1 New Net Name=NetR15_1
Change Net Name : Old Net Name=NetR19_2 New Net Name=NetR20_2
Change Net Name : Old Net Name=NetR20_2 New Net Name=NetR21_2
Change Net Name : Old Net Name=NetR29_2 New Net Name=NetR30_2
Change Net Name : Old Net Name=NetR30_2 New Net Name=NetR31_2
Change Net Name : Old Net Name=NetR31_2 New Net Name=NetR32_2
Change Net Name : Old Net Name=NetR32_2 New Net Name=NetR33_2
Change Net Name : Old Net Name=NetR33_2 New Net Name=NetR34_2
Change Net Name : Old Net Name=NetR34_2 New Net Name=NetR35_2
Change Net Name : Old Net Name=NetR35_2 New Net Name=NetR36_2
Change Net Name : Old Net Name=NetR36_2 New Net Name=NetR37_2
Change Net Name : Old Net Name=NetR45_2 New Net Name=NetR46_2
Change Net Name : Old Net Name=NetR46_2 New Net Name=NetR47_2
Change Net Name : Old Net Name=NetR47_2 New Net Name=NetR48_2
Change Net Name : Old Net Name=NetR48_2 New Net Name=NetR49_2
Change Net Name : Old Net Name=NetR49_2 New Net Name=NetR50_2
Change Net Name : Old Net Name=NetR50_2 New Net Name=NetR51_2
Change Net Name : Old Net Name=NetR51_2 New Net Name=NetR52_2
Change Net Name : Old Net Name=NetR52_2 New Net Name=NetR53_2
Change Net Name : Old Net Name=NetR53_1 New Net Name=NetR54_1
Change Net Name : Old Net Name=NetR58_2 New Net Name=NetR59_2
Change Net Name : Old Net Name=NetR60_2 New Net Name=NetR61_2
Change Net Name : Old Net Name=NetR62_2 New Net Name=NetR63_2
Change Net Name : Old Net Name=NetR64_2 New Net Name=NetR65_2
Change Net Name : Old Net Name=NetR70_2 New Net Name=NetR71_2
Change Net Name : Old Net Name=NetR72_2 New Net Name=NetR73_2
Change Net Name : Old Net Name=NetR74_2 New Net Name=NetR75_2
Change Net Name : Old Net Name=NetR76_2 New Net Name=NetR77_2
Change Net Name : Old Net Name=NetR82_2 New Net Name=NetR83_2
Change Net Name : Old Net Name=NetR84_2 New Net Name=NetR85_2
Change Net Name : Old Net Name=NetR86_2 New Net Name=NetR87_2
Change Net Name : Old Net Name=NetR88_2 New Net Name=NetR89_2
Change Net Name : Old Net Name=NetR94_2 New Net Name=NetR95_2
Change Net Name : Old Net Name=NetR96_2 New Net Name=NetR97_2
Change Net Name : Old Net Name=NetR98_2 New Net Name=NetR99_2
Change Net Name : Old Net Name=NetR100_2 New Net Name=NetR101_2
Change Net Name : Old Net Name=NetR110_1 New Net Name=NetR111_1
Change Net Name : Old Net Name=NetR111_1 New Net Name=NetR112_1
Change Net Name : Old Net Name=NetR112_1 New Net Name=NetR114_1
Change Net Name : Old Net Name=NetR117_2 New Net Name=NetR119_2
Change Net Name : Old Net Name=NetR118_2 New Net Name=NetR120_2
Added Member To Class: ClassName=jack driver 1 Member=Component R15 4.7k-1206
Added Member To Class: ClassName=jack driver 2 Member=Component R113 IPROPI2
