Removed Pin From Net: NetName=5v Pin=U1-3
Removed Pin From Net: NetName=12v Pin=U2-1
Removed Pin From Net: NetName=3.3v Pin=U2-3
Removed Pin From Net: NetName=GND Pin=U2-4
Change Component Comment : Designator=U2 Old Comment=LF33 New Comment=AMS1117
Change Component Comment : Designator=U1 Old Comment=LF33 New Comment=LF50
Change Component Designator: OldDesignator=1 NewDesignator=2
Change component parameters: Designator = "U1" ("U1"); Footprint = "DPAK_3"; UniqueID = "\URQJXWSU" ("\URQJXWSU")
Change component parameters (AddParameter): Name = "ASSEMBLY"; Value = ""; VariantName = "[No Variations]"
Change component parameters (AddParameter): Name = "DESC"; Value = ""; VariantName = "[No Variations]"
Change component parameters (AddParameter): Name = "MANF"; Value = "ST"; VariantName = "[No Variations]"
Change component parameters (AddParameter): Name = "MANF_P#"; Value = "LF33CDT"; VariantName = "[No Variations]"
Change component parameters (AddParameter): Name = "PARAM"; Value = "LDO0.45V, 0.5A,  82dB@120Hz"; VariantName = "[No Variations]"
Change component parameters (AddParameter): Name = "PARAM2"; Value = "1.5/1.8/2.5/3.3/5V"; VariantName = "[No Variations]"
Change component parameters (AddParameter): Name = "PRICE"; Value = "1500t"; VariantName = "[No Variations]"
Change component parameters (AddParameter): Name = "VALUE"; Value = "LF50"; VariantName = "[No Variations]"
Change component parameters: Designator = "U2" ("U2"); Footprint = "DPAK_3"; UniqueID = "\PONBWIKH" ("\PONBWIKH")
Added Component: Designator=1(PCBComponent_1)
Added Pin To Net: NetName=12v Pin=1-1
Added Pin To Net: NetName=5v Pin=1-4
Added Pin To Net: NetName=5v Pin=1-5
Added Pin To Net: NetName=5v Pin=1-6
Added Pin To Net: NetName=GND Pin=U2-1
Added Pin To Net: NetName=12v Pin=U2-3
Added Pin To Net: NetName=3.3v Pin=U2-4
Change Net Name : Old Net Name=Net1_1 New Net Name=Net2_1
Added Pin To Net: NetName=Net1_3 Pin=1-3
Added Pin To Net: NetName=Net1_3 Pin=U1-3
Added Net: Name=Net1_3
Added Member To Class: ClassName=Power Member=Component 1 3way jumper
