Removed Pin From Net: NetName=NetC12_2 Pin=R5-1
Removed Pin From Net: NetName=GND Pin=S1-3
Removed Pin From Net: NetName=GND Pin=S1-4
Removed Member From Class: ClassName=MCU Member=R7
Removed Member From Class: ClassName=MCU Member=S1
Change Component Designator: OldDesignator=C12 NewDesignator=C13
Change Component Designator: OldDesignator=C13 NewDesignator=C14
Change Component Designator: OldDesignator=C14 NewDesignator=C15
Change Component Designator: OldDesignator=C15 NewDesignator=C16
Change Component Designator: OldDesignator=C16 NewDesignator=C17
Change Component Designator: OldDesignator=C17 NewDesignator=C18
Change Component Designator: OldDesignator=C18 NewDesignator=C19
Change Component Designator: OldDesignator=C19 NewDesignator=C20
Change Component Designator: OldDesignator=C20 NewDesignator=C21
Change Component Designator: OldDesignator=C21 NewDesignator=C22
Change Component Designator: OldDesignator=C22 NewDesignator=C23
Change Component Designator: OldDesignator=C23 NewDesignator=C24
Change Component Designator: OldDesignator=C24 NewDesignator=C25
Change Component Designator: OldDesignator=C25 NewDesignator=C26
Change Component Designator: OldDesignator=C26 NewDesignator=C27
Change Component Designator: OldDesignator=C27 NewDesignator=C28
Change Component Designator: OldDesignator=C28 NewDesignator=C29
Change Component Designator: OldDesignator=C29 NewDesignator=C30
Change Component Designator: OldDesignator=C30 NewDesignator=C31
Change Component Designator: OldDesignator=C31 NewDesignator=C32
Change Component Designator: OldDesignator=C32 NewDesignator=C33
Change Component Designator: OldDesignator=C33 NewDesignator=C34
Change Component Designator: OldDesignator=C34 NewDesignator=C35
Change Component Designator: OldDesignator=C35 NewDesignator=C36
Change Component Designator: OldDesignator=C36 NewDesignator=C37
Change Component Designator: OldDesignator=R6 NewDesignator=R5
Change Component Designator: OldDesignator=R7 NewDesignator=R6
Change Component Designator: OldDesignator=R8 NewDesignator=R7
Change Component Designator: OldDesignator=R9 NewDesignator=R8
Change Component Designator: OldDesignator=R10 NewDesignator=R9
Change Component Designator: OldDesignator=R11 NewDesignator=R10
Change Component Designator: OldDesignator=R12 NewDesignator=R11
Change Component Designator: OldDesignator=R13 NewDesignator=R12
Change Component Designator: OldDesignator=R14 NewDesignator=R13
Change Component Designator: OldDesignator=R15 NewDesignator=R14
Change Component Designator: OldDesignator=R16 NewDesignator=R15
Change Component Designator: OldDesignator=R17 NewDesignator=R16
Change Component Designator: OldDesignator=R18 NewDesignator=R17
Change Component Designator: OldDesignator=R19 NewDesignator=R18
Change Component Designator: OldDesignator=R20 NewDesignator=R19
Change Component Designator: OldDesignator=R21 NewDesignator=R20
Change Component Designator: OldDesignator=R22 NewDesignator=R21
Change Component Designator: OldDesignator=R23 NewDesignator=R22
Change Component Designator: OldDesignator=R24 NewDesignator=R23
Change Component Designator: OldDesignator=R25 NewDesignator=R24
Change Component Designator: OldDesignator=R26 NewDesignator=R25
Change Component Designator: OldDesignator=R27 NewDesignator=R26
Change Component Designator: OldDesignator=R28 NewDesignator=R27
Change Component Designator: OldDesignator=R29 NewDesignator=R28
Change Component Designator: OldDesignator=R30 NewDesignator=R29
Change Component Designator: OldDesignator=R31 NewDesignator=R30
Change Component Designator: OldDesignator=R32 NewDesignator=R31
Change Component Designator: OldDesignator=R33 NewDesignator=R32
Change Component Designator: OldDesignator=R34 NewDesignator=R33
Change Component Designator: OldDesignator=R35 NewDesignator=R34
Change Component Designator: OldDesignator=R36 NewDesignator=R35
Change Component Designator: OldDesignator=R37 NewDesignator=R36
Change Component Designator: OldDesignator=R38 NewDesignator=R37
Change Component Designator: OldDesignator=R39 NewDesignator=R38
Change Component Designator: OldDesignator=R40 NewDesignator=R39
Change Component Designator: OldDesignator=R41 NewDesignator=R40
Change Component Designator: OldDesignator=R42 NewDesignator=R41
Change Component Designator: OldDesignator=R43 NewDesignator=R42
Change Component Designator: OldDesignator=R44 NewDesignator=R43
Change Component Designator: OldDesignator=R45 NewDesignator=R44
Change Component Designator: OldDesignator=R46 NewDesignator=R45
Change Component Designator: OldDesignator=R47 NewDesignator=R46
Change Component Designator: OldDesignator=R48 NewDesignator=R47
Change Component Designator: OldDesignator=R49 NewDesignator=R48
Change Component Designator: OldDesignator=R50 NewDesignator=R49
Change Component Designator: OldDesignator=R51 NewDesignator=R50
Change Component Designator: OldDesignator=R52 NewDesignator=R51
Change Component Designator: OldDesignator=R53 NewDesignator=R52
Change Component Designator: OldDesignator=R54 NewDesignator=R53
Change Component Designator: OldDesignator=R55 NewDesignator=R54
Change Component Designator: OldDesignator=R56 NewDesignator=R55
Change Component Designator: OldDesignator=R57 NewDesignator=R56
Change Component Designator: OldDesignator=R58 NewDesignator=R57
Change Component Designator: OldDesignator=R59 NewDesignator=R58
Change Component Designator: OldDesignator=R60 NewDesignator=R59
Change Component Designator: OldDesignator=R61 NewDesignator=R60
Change Component Designator: OldDesignator=R62 NewDesignator=R61
Change Component Designator: OldDesignator=R63 NewDesignator=R62
Change Component Designator: OldDesignator=R64 NewDesignator=R63
Change Component Designator: OldDesignator=R65 NewDesignator=R64
Change Component Designator: OldDesignator=R66 NewDesignator=R65
Change Component Designator: OldDesignator=R67 NewDesignator=R66
Change Component Designator: OldDesignator=R68 NewDesignator=R67
Change Component Designator: OldDesignator=R69 NewDesignator=R68
Change Component Designator: OldDesignator=R70 NewDesignator=R69
Change Component Designator: OldDesignator=R71 NewDesignator=R70
Change Component Designator: OldDesignator=R72 NewDesignator=R71
Change Component Designator: OldDesignator=R73 NewDesignator=R72
Change Component Designator: OldDesignator=R74 NewDesignator=R73
Change Component Designator: OldDesignator=R75 NewDesignator=R74
Change Component Designator: OldDesignator=R76 NewDesignator=R75
Change Component Designator: OldDesignator=R77 NewDesignator=R76
Change Component Designator: OldDesignator=R78 NewDesignator=R77
Change Component Designator: OldDesignator=R79 NewDesignator=R78
Change Component Designator: OldDesignator=R80 NewDesignator=R79
Change Component Designator: OldDesignator=R81 NewDesignator=R80
Change Component Designator: OldDesignator=R82 NewDesignator=R81
Change Component Designator: OldDesignator=R83 NewDesignator=R82
Change Component Designator: OldDesignator=R84 NewDesignator=R83
Change Component Designator: OldDesignator=R85 NewDesignator=R84
Change Component Designator: OldDesignator=R86 NewDesignator=R85
Change Component Designator: OldDesignator=R87 NewDesignator=R86
Change Component Designator: OldDesignator=R88 NewDesignator=R87
Change Component Designator: OldDesignator=R89 NewDesignator=R88
Change Component Designator: OldDesignator=R90 NewDesignator=R89
Change Component Designator: OldDesignator=R91 NewDesignator=R90
Change Component Designator: OldDesignator=R92 NewDesignator=R91
Change Component Designator: OldDesignator=R93 NewDesignator=R92
Change Component Designator: OldDesignator=R94 NewDesignator=R93
Change Component Designator: OldDesignator=R95 NewDesignator=R94
Change Component Designator: OldDesignator=R96 NewDesignator=R95
Change Component Designator: OldDesignator=R97 NewDesignator=R96
Change Component Designator: OldDesignator=R98 NewDesignator=R97
Change Component Designator: OldDesignator=R99 NewDesignator=R98
Change Component Designator: OldDesignator=R100 NewDesignator=R99
Change Component Designator: OldDesignator=R101 NewDesignator=R100
Change Component Designator: OldDesignator=R102 NewDesignator=R101
Change Component Designator: OldDesignator=R103 NewDesignator=R102
Change Component Designator: OldDesignator=R104 NewDesignator=R103
Change Component Designator: OldDesignator=R105 NewDesignator=R104
Change Component Designator: OldDesignator=R106 NewDesignator=R105
Added Component: Designator=C12(CAPC1608X94N)
Add component (AddParameter): Name = "Check_prices"; Value = "https://www.snapeda.com/parts/VJ0603D100MXCAP/Vishay/view-part/?ref=eda"; VariantName = "[No Variations]"
Add component (AddParameter): Name = "MF"; Value = "Vishay Vitramon"; VariantName = "[No Variations]"
Add component (AddParameter): Name = "MP"; Value = "VJ0603D100MXCAP"; VariantName = "[No Variations]"
Add component (AddParameter): Name = "Package"; Value = "1608 Vishay Vitramon"; VariantName = "[No Variations]"
Add component (AddParameter): Name = "SnapEDA_Link"; Value = "https://www.snapeda.com/parts/VJ0603D100MXCAP/Vishay/view-part/?ref=snap"; VariantName = "[No Variations]"
Add component (AddParameter): Name = "Value"; Value = ""; VariantName = "[No Variations]"
Add component: Footprint Not Found SOIC127P600X175-8N
Add component: Footprint Not Found SOIC127P600X175-8N
Added Pin To Net: NetName=GND Pin=C12-1
Added Pin To Net: NetName=NetC12_2 Pin=C12-2
Add Pin To Net: Unknown Pin: Pin U5-1
Add Pin To Net: Unknown Pin: Pin U5-2
Add Pin To Net: Unknown Pin: Pin U5-3
Add Pin To Net: Unknown Pin: Pin U5-4
Add Pin To Net: Unknown Pin: Pin U5-5
Add Pin To Net: Unknown Pin: Pin U5-8
Add Pin To Net: Unknown Pin: Pin U6-3
Add Pin To Net: Unknown Pin: Pin U6-4
Add Pin To Net: Unknown Pin: Pin U6-5
Add Pin To Net: Unknown Pin: Pin U6-8
Change Net Name : Old Net Name=NetC13_1 New Net Name=NetC14_1
Change Net Name : Old Net Name=NetC20_2 New Net Name=NetC21_2
Change Net Name : Old Net Name=NetC21_1 New Net Name=NetC22_1
Change Net Name : Old Net Name=NetC21_2 New Net Name=NetC22_2
Change Net Name : Old Net Name=NetC22_1 New Net Name=NetC23_1
Change Net Name : Old Net Name=NetC22_2 New Net Name=NetC23_2
Change Net Name : Old Net Name=NetC23_1 New Net Name=NetC24_1
Change Net Name : Old Net Name=NetC23_2 New Net Name=NetC24_2
Change Net Name : Old Net Name=NetC24_1 New Net Name=NetC25_1
Change Net Name : Old Net Name=NetC24_2 New Net Name=NetC25_2
Change Net Name : Old Net Name=NetC25_1 New Net Name=NetC26_1
Change Net Name : Old Net Name=NetC26_1 New Net Name=NetC27_1
Change Net Name : Old Net Name=NetC27_1 New Net Name=NetC28_1
Change Net Name : Old Net Name=NetC28_1 New Net Name=NetC29_1
Change Net Name : Old Net Name=NetC32_1 New Net Name=NetC33_1
Change Net Name : Old Net Name=NetR12_1 New Net Name=NetR11_1
Change Net Name : Old Net Name=NetR13_1 New Net Name=NetR12_1
Change Net Name : Old Net Name=NetR14_2 New Net Name=NetR13_2
Change Net Name : Old Net Name=NetR19_2 New Net Name=NetR18_2
Change Net Name : Old Net Name=NetR20_2 New Net Name=NetR19_2
Change Net Name : Old Net Name=NetR31_2 New Net Name=NetR30_2
Change Net Name : Old Net Name=NetR32_2 New Net Name=NetR31_2
Change Net Name : Old Net Name=NetR33_2 New Net Name=NetR32_2
Change Net Name : Old Net Name=NetR34_2 New Net Name=NetR33_2
Change Net Name : Old Net Name=NetR35_2 New Net Name=NetR34_2
Change Net Name : Old Net Name=NetR36_2 New Net Name=NetR35_2
Change Net Name : Old Net Name=NetR37_2 New Net Name=NetR36_2
Change Net Name : Old Net Name=NetR38_2 New Net Name=NetR37_2
Change Net Name : Old Net Name=NetR39_2 New Net Name=NetR38_2
Change Net Name : Old Net Name=NetR44_2 New Net Name=NetR43_2
Change Net Name : Old Net Name=NetR46_2 New Net Name=NetR45_2
Change Net Name : Old Net Name=NetR48_2 New Net Name=NetR47_2
Change Net Name : Old Net Name=NetR50_2 New Net Name=NetR49_2
Change Net Name : Old Net Name=NetR56_2 New Net Name=NetR55_2
Change Net Name : Old Net Name=NetR58_2 New Net Name=NetR57_2
Change Net Name : Old Net Name=NetR60_2 New Net Name=NetR59_2
Change Net Name : Old Net Name=NetR62_2 New Net Name=NetR61_2
Change Net Name : Old Net Name=NetR68_2 New Net Name=NetR67_2
Change Net Name : Old Net Name=NetR70_2 New Net Name=NetR69_2
Change Net Name : Old Net Name=NetR72_2 New Net Name=NetR71_2
Change Net Name : Old Net Name=NetR74_2 New Net Name=NetR73_2
Change Net Name : Old Net Name=NetR80_2 New Net Name=NetR79_2
Change Net Name : Old Net Name=NetR82_2 New Net Name=NetR81_2
Change Net Name : Old Net Name=NetR84_2 New Net Name=NetR83_2
Change Net Name : Old Net Name=NetR86_2 New Net Name=NetR85_2
Change Net Name : Old Net Name=NetR105_1 New Net Name=NetR104_1
Add Net: Net with name "24v_jack" already exists
Add Net: Net with name "CPH" already exists
Add Net: Net with name "CPL" already exists
Add Net: Net with name "ENC-A" already exists
Add Net: Net with name "ENC-A" already exists
Add Net: Net with name "ENC-A" already exists
Add Net: Net with name "ENC-A" already exists
Add Net: Net with name "ENC-B" already exists
Add Net: Net with name "ENC-B" already exists
Add Net: Net with name "ENC-B" already exists
Add Net: Net with name "ENC-B" already exists
Add Net: Net with name "jack_extend" already exists
Add Net: Net with name "jack_retract" already exists
Add Net: Net with name "Motor_NC" already exists
Add Net: Net with name "Motor_NO" already exists
Added Pin To Net: NetName=NetC20_1 Pin=C20-1
Added Net: Name=NetC20_1
Added Pin To Net: NetName=NetC31_1 Pin=C31-1
Added Net: Name=NetC31_1
Added Pin To Net: NetName=NetR20_2 Pin=R20-2
Added Net: Name=NetR20_2
Added Pin To Net: NetName=NetR97_2 Pin=R97-2
Added Net: Name=NetR97_2
Add Net: Net with name "Null_1" already exists
Add Net: Net with name "VCP" already exists
Added Member To Class: ClassName=MCU Member=Component C13 1uF-0603
Add Class Member: Failed to add class member : Component U5 MT9223CT-20BR5
Add Class Member: Failed to add class member : Component U6 MT9223CT-20BR5
Added Room: Name=MCU
