Removed Pin From Net: NetName=3.3v Pin=J6-COLLECTOR
Removed Pin From Net: NetName=NetC19_2 Pin=J6-EMITTER
Removed Pin From Net: NetName=3.3v Pin=J8-COLLECTOR
Removed Pin From Net: NetName=NetC20_2 Pin=J8-EMITTER
Removed Pin From Net: NetName=3.3v Pin=J10-COLLECTOR
Removed Pin From Net: NetName=NetC21_2 Pin=J10-EMITTER
Removed Pin From Net: NetName=3.3v Pin=J12-COLLECTOR
Removed Pin From Net: NetName=NetC22_2 Pin=J12-EMITTER
Removed Pin From Net: NetName=3.3v Pin=J14-COLLECTOR
Removed Pin From Net: NetName=NetC19_2 Pin=J14-EMITTER
Removed Pin From Net: NetName=3.3v Pin=J16-COLLECTOR
Removed Pin From Net: NetName=NetC20_2 Pin=J16-EMITTER
Removed Pin From Net: NetName=3.3v Pin=J18-COLLECTOR
Removed Pin From Net: NetName=NetC21_2 Pin=J18-EMITTER
Removed Pin From Net: NetName=3.3v Pin=J20-COLLECTOR
Removed Pin From Net: NetName=NetC22_2 Pin=J20-EMITTER
Removed Member From Class: ClassName=receiver 2 Member=C21
Removed Member From Class: ClassName=jack driver 2 Member=C25
Removed Member From Class: ClassName=receiver 1 Member=J9
Removed Member From Class: ClassName=receiver 1 Member=J10
Removed Member From Class: ClassName=receiver 1 Member=J11
Removed Member From Class: ClassName=receiver 1 Member=J12
Removed Member From Class: ClassName=receiver 2 Member=J14
Removed Member From Class: ClassName=receiver 2 Member=J16
Removed Member From Class: ClassName=receiver 2 Member=J18
Removed Member From Class: ClassName=receiver 2 Member=J20
Removed Member From Class: ClassName=receiver 1 Member=R39
Removed Member From Class: ClassName=receiver 2 Member=R64
Removed Member From Class: ClassName=receiver 1 Member=U?
Change Component Designator: OldDesignator=J7 NewDesignator=J6
Change Component Designator: OldDesignator=J9 NewDesignator=J7
Change Component Designator: OldDesignator=J11 NewDesignator=J8
Change Component Designator: OldDesignator=J13 NewDesignator=J9
Change Component Designator: OldDesignator=J15 NewDesignator=J10
Change Component Designator: OldDesignator=J17 NewDesignator=J11
Change Component Designator: OldDesignator=J19 NewDesignator=J12
Change Component Designator: OldDesignator=J21 NewDesignator=J13
Change Component Designator: OldDesignator=U5 NewDesignator=U13
Added Component: Designator=U5(DIP_4SMD)
Add component (AddParameter): Name = "MANF"; Value = ""; VariantName = "[No Variations]"
Add component (AddParameter): Name = "MANF_P#"; Value = ""; VariantName = "[No Variations]"
Add component (AddParameter): Name = "PACKAGE"; Value = "DIP-4SMD"; VariantName = "[No Variations]"
Add component (AddParameter): Name = "PARAM"; Value = "IF=5mA"; VariantName = "[No Variations]"
Add component (AddParameter): Name = "PARAM2"; Value = "VCE = 5V"; VariantName = "[No Variations]"
Add component (AddParameter): Name = "PRICE"; Value = "300t@Paya"; VariantName = "[No Variations]"
Add component (AddParameter): Name = "VALUE"; Value = "EL817"; VariantName = "[No Variations]"
Added Component: Designator=U6(DIP_4SMD)
Add component (AddParameter): Name = "MANF"; Value = ""; VariantName = "[No Variations]"
Add component (AddParameter): Name = "MANF_P#"; Value = ""; VariantName = "[No Variations]"
Add component (AddParameter): Name = "PACKAGE"; Value = "DIP-4SMD"; VariantName = "[No Variations]"
Add component (AddParameter): Name = "PARAM"; Value = "IF=5mA"; VariantName = "[No Variations]"
Add component (AddParameter): Name = "PARAM2"; Value = "VCE = 5V"; VariantName = "[No Variations]"
Add component (AddParameter): Name = "PRICE"; Value = "300t@Paya"; VariantName = "[No Variations]"
Add component (AddParameter): Name = "VALUE"; Value = "EL817"; VariantName = "[No Variations]"
Added Component: Designator=U7(DIP_4SMD)
Add component (AddParameter): Name = "MANF"; Value = ""; VariantName = "[No Variations]"
Add component (AddParameter): Name = "MANF_P#"; Value = ""; VariantName = "[No Variations]"
Add component (AddParameter): Name = "PACKAGE"; Value = "DIP-4SMD"; VariantName = "[No Variations]"
Add component (AddParameter): Name = "PARAM"; Value = "IF=5mA"; VariantName = "[No Variations]"
Add component (AddParameter): Name = "PARAM2"; Value = "VCE = 5V"; VariantName = "[No Variations]"
Add component (AddParameter): Name = "PRICE"; Value = "300t@Paya"; VariantName = "[No Variations]"
Add component (AddParameter): Name = "VALUE"; Value = "EL817"; VariantName = "[No Variations]"
Added Component: Designator=U8(DIP_4SMD)
Add component (AddParameter): Name = "MANF"; Value = ""; VariantName = "[No Variations]"
Add component (AddParameter): Name = "MANF_P#"; Value = ""; VariantName = "[No Variations]"
Add component (AddParameter): Name = "PACKAGE"; Value = "DIP-4SMD"; VariantName = "[No Variations]"
Add component (AddParameter): Name = "PARAM"; Value = "IF=5mA"; VariantName = "[No Variations]"
Add component (AddParameter): Name = "PARAM2"; Value = "VCE = 5V"; VariantName = "[No Variations]"
Add component (AddParameter): Name = "PRICE"; Value = "300t@Paya"; VariantName = "[No Variations]"
Add component (AddParameter): Name = "VALUE"; Value = "EL817"; VariantName = "[No Variations]"
Added Component: Designator=U9(DIP_4SMD)
Add component (AddParameter): Name = "MANF"; Value = ""; VariantName = "[No Variations]"
Add component (AddParameter): Name = "MANF_P#"; Value = ""; VariantName = "[No Variations]"
Add component (AddParameter): Name = "PACKAGE"; Value = "DIP-4SMD"; VariantName = "[No Variations]"
Add component (AddParameter): Name = "PARAM"; Value = "IF=5mA"; VariantName = "[No Variations]"
Add component (AddParameter): Name = "PARAM2"; Value = "VCE = 5V"; VariantName = "[No Variations]"
Add component (AddParameter): Name = "PRICE"; Value = "300t@Paya"; VariantName = "[No Variations]"
Add component (AddParameter): Name = "VALUE"; Value = "EL817"; VariantName = "[No Variations]"
Added Component: Designator=U10(DIP_4SMD)
Add component (AddParameter): Name = "MANF"; Value = ""; VariantName = "[No Variations]"
Add component (AddParameter): Name = "MANF_P#"; Value = ""; VariantName = "[No Variations]"
Add component (AddParameter): Name = "PACKAGE"; Value = "DIP-4SMD"; VariantName = "[No Variations]"
Add component (AddParameter): Name = "PARAM"; Value = "IF=5mA"; VariantName = "[No Variations]"
Add component (AddParameter): Name = "PARAM2"; Value = "VCE = 5V"; VariantName = "[No Variations]"
Add component (AddParameter): Name = "PRICE"; Value = "300t@Paya"; VariantName = "[No Variations]"
Add component (AddParameter): Name = "VALUE"; Value = "EL817"; VariantName = "[No Variations]"
Added Component: Designator=U11(DIP_4SMD)
Add component (AddParameter): Name = "MANF"; Value = ""; VariantName = "[No Variations]"
Add component (AddParameter): Name = "MANF_P#"; Value = ""; VariantName = "[No Variations]"
Add component (AddParameter): Name = "PACKAGE"; Value = "DIP-4SMD"; VariantName = "[No Variations]"
Add component (AddParameter): Name = "PARAM"; Value = "IF=5mA"; VariantName = "[No Variations]"
Add component (AddParameter): Name = "PARAM2"; Value = "VCE = 5V"; VariantName = "[No Variations]"
Add component (AddParameter): Name = "PRICE"; Value = "300t@Paya"; VariantName = "[No Variations]"
Add component (AddParameter): Name = "VALUE"; Value = "EL817"; VariantName = "[No Variations]"
Added Component: Designator=U12(DIP_4SMD)
Add component (AddParameter): Name = "MANF"; Value = ""; VariantName = "[No Variations]"
Add component (AddParameter): Name = "MANF_P#"; Value = ""; VariantName = "[No Variations]"
Add component (AddParameter): Name = "PACKAGE"; Value = "DIP-4SMD"; VariantName = "[No Variations]"
Add component (AddParameter): Name = "PARAM"; Value = "IF=5mA"; VariantName = "[No Variations]"
Add component (AddParameter): Name = "PARAM2"; Value = "VCE = 5V"; VariantName = "[No Variations]"
Add component (AddParameter): Name = "PRICE"; Value = "300t@Paya"; VariantName = "[No Variations]"
Add component (AddParameter): Name = "VALUE"; Value = "EL817"; VariantName = "[No Variations]"
Added Pin To Net: NetName=NetC19_2 Pin=U5-3
Added Pin To Net: NetName=3.3v Pin=U5-4
Added Pin To Net: NetName=NetC20_2 Pin=U6-3
Added Pin To Net: NetName=3.3v Pin=U6-4
Added Pin To Net: NetName=NetC21_2 Pin=U7-3
Added Pin To Net: NetName=3.3v Pin=U7-4
Added Pin To Net: NetName=NetC22_2 Pin=U8-3
Added Pin To Net: NetName=3.3v Pin=U8-4
Added Pin To Net: NetName=NetC19_2 Pin=U9-3
Added Pin To Net: NetName=3.3v Pin=U9-4
Added Pin To Net: NetName=NetC20_2 Pin=U10-3
Added Pin To Net: NetName=3.3v Pin=U10-4
Added Pin To Net: NetName=NetC21_2 Pin=U11-3
Added Pin To Net: NetName=3.3v Pin=U11-4
Added Pin To Net: NetName=NetC22_2 Pin=U12-3
Added Pin To Net: NetName=3.3v Pin=U12-4
Change Net Name : Old Net Name=NetJ7_1 New Net Name=NetJ6_1
Change Net Name : Old Net Name=NetJ7_2 New Net Name=NetJ6_2
Change Net Name : Old Net Name=NetJ9_1 New Net Name=NetJ7_1
Change Net Name : Old Net Name=NetJ9_2 New Net Name=NetJ7_2
Change Net Name : Old Net Name=NetJ11_1 New Net Name=NetJ8_1
Change Net Name : Old Net Name=NetJ11_2 New Net Name=NetJ8_2
Change Net Name : Old Net Name=NetJ13_1 New Net Name=NetJ9_1
Change Net Name : Old Net Name=NetJ13_2 New Net Name=NetJ9_2
Change Net Name : Old Net Name=NetJ15_1 New Net Name=NetJ10_1
Change Net Name : Old Net Name=NetJ15_2 New Net Name=NetJ10_2
Change Net Name : Old Net Name=NetJ17_1 New Net Name=NetJ11_1
Change Net Name : Old Net Name=NetJ17_2 New Net Name=NetJ11_2
Change Net Name : Old Net Name=NetJ19_1 New Net Name=NetJ12_1
Change Net Name : Old Net Name=NetJ19_2 New Net Name=NetJ12_2
Add Net: Net with name "24v_jack" already exists
Add Net: Net with name "CPH" already exists
Add Net: Net with name "CPL" already exists
Add Net: Net with name "ENC-A" already exists
Add Net: Net with name "ENC-A" already exists
Add Net: Net with name "ENC-A" already exists
Add Net: Net with name "ENC-A" already exists
Add Net: Net with name "ENC-B" already exists
Add Net: Net with name "ENC-B" already exists
Add Net: Net with name "ENC-B" already exists
Add Net: Net with name "ENC-B" already exists
Add Net: Net with name "jack_extend" already exists
Add Net: Net with name "jack_retract" already exists
Add Net: Net with name "Motor_NC" already exists
Add Net: Net with name "Motor_NO" already exists
Added Pin To Net: NetName=NetR42_2 Pin=R42-2
Added Pin To Net: NetName=NetR42_2 Pin=U5-1
Added Net: Name=NetR42_2
Added Pin To Net: NetName=NetR44_2 Pin=R44-2
Added Pin To Net: NetName=NetR44_2 Pin=U6-1
Added Net: Name=NetR44_2
Added Pin To Net: NetName=NetR46_2 Pin=R46-2
Added Pin To Net: NetName=NetR46_2 Pin=U5-2
Added Net: Name=NetR46_2
Added Pin To Net: NetName=NetR48_2 Pin=R48-2
Added Pin To Net: NetName=NetR48_2 Pin=U6-2
Added Net: Name=NetR48_2
Added Pin To Net: NetName=NetR54_2 Pin=R54-2
Added Pin To Net: NetName=NetR54_2 Pin=U7-1
Added Net: Name=NetR54_2
Added Pin To Net: NetName=NetR56_2 Pin=R56-2
Added Pin To Net: NetName=NetR56_2 Pin=U8-1
Added Net: Name=NetR56_2
Added Pin To Net: NetName=NetR58_2 Pin=R58-2
Added Pin To Net: NetName=NetR58_2 Pin=U7-2
Added Net: Name=NetR58_2
Added Pin To Net: NetName=NetR60_2 Pin=R60-2
Added Pin To Net: NetName=NetR60_2 Pin=U8-2
Added Net: Name=NetR60_2
Added Pin To Net: NetName=NetR66_2 Pin=R66-2
Added Pin To Net: NetName=NetR66_2 Pin=U9-1
Added Net: Name=NetR66_2
Added Pin To Net: NetName=NetR68_2 Pin=R68-2
Added Pin To Net: NetName=NetR68_2 Pin=U10-1
Added Net: Name=NetR68_2
Added Pin To Net: NetName=NetR70_2 Pin=R70-2
Added Pin To Net: NetName=NetR70_2 Pin=U9-2
Added Net: Name=NetR70_2
Added Pin To Net: NetName=NetR72_2 Pin=R72-2
Added Pin To Net: NetName=NetR72_2 Pin=U10-2
Added Net: Name=NetR72_2
Added Pin To Net: NetName=NetR78_2 Pin=R78-2
Added Pin To Net: NetName=NetR78_2 Pin=U11-1
Added Net: Name=NetR78_2
Added Pin To Net: NetName=NetR80_2 Pin=R80-2
Added Pin To Net: NetName=NetR80_2 Pin=U12-1
Added Net: Name=NetR80_2
Added Pin To Net: NetName=NetR82_2 Pin=R82-2
Added Pin To Net: NetName=NetR82_2 Pin=U11-2
Added Net: Name=NetR82_2
Added Pin To Net: NetName=NetR84_2 Pin=R84-2
Added Pin To Net: NetName=NetR84_2 Pin=U12-2
Added Net: Name=NetR84_2
Add Net: Net with name "VCP" already exists
Added Member To Class: ClassName=receiver 1 Member=Component C22 10nF-0603
Added Member To Class: ClassName=receiver 2 Member=Component C24 10nF-0603
Added Member To Class: ClassName=receiver 2 Member=Component C26 10nF-0603
Added Member To Class: ClassName=jack driver 2 Member=Component C28 100uF-50v-polymer
Added Member To Class: ClassName=interface Member=Component R24 220-0603
Added Member To Class: ClassName=interface Member=Component R32 10k-0603
Added Member To Class: ClassName=interface Member=Component R33 10k-0603
Added Member To Class: ClassName=interface Member=Component R40 10k-0603
Added Member To Class: ClassName=receiver 1 Member=Component R41 10k-2512
Added Member To Class: ClassName=receiver 1 Member=Component R62 4.7k-0603
Added Member To Class: ClassName=receiver 1 Member=Component R63 4.7k-0603
Added Member To Class: ClassName=receiver 2 Member=Component R66 10k-2512
Added Member To Class: ClassName=jack driver 2 Member=Component R100 0 ohm-0603
Added Member To Class: ClassName=receiver 1 Member=Component U5 EL817
Added Member To Class: ClassName=receiver 1 Member=Component U6 EL817
Added Member To Class: ClassName=receiver 1 Member=Component U7 EL817
Added Member To Class: ClassName=receiver 1 Member=Component U8 EL817
Added Member To Class: ClassName=receiver 2 Member=Component U9 EL817
Added Member To Class: ClassName=receiver 2 Member=Component U10 EL817
Added Member To Class: ClassName=receiver 2 Member=Component U11 EL817
Added Member To Class: ClassName=receiver 2 Member=Component U12 EL817
