Added Component: Designator=fram1(SOIC127P602X172-8N)
Add component: Footprint Not Found SW_TL3342F160QG
Add component: Footprint Not Found SOIC127P600X175-8N
Add component: Footprint Not Found SOIC127P600X175-8N
Add component: Footprint Not Found XTAL_ABLS2-12.000MHZ-D4Y-T
Added Pin To Net: NetName=GND Pin=fram1-0
Added Pin To Net: NetName=GND Pin=fram1-1
Added Pin To Net: NetName=GND Pin=fram1-2
Added Pin To Net: NetName=GND Pin=fram1-3
Added Pin To Net: NetName=SDA Pin=fram1-4
Added Pin To Net: NetName=SCL Pin=fram1-5
Added Pin To Net: NetName=GND Pin=fram1-6
Added Pin To Net: NetName=+3.3 Pin=fram1-7
Add Pin To Net: Unknown Pin: Pin S1-1
Add Pin To Net: Unknown Pin: Pin S1-2
Add Pin To Net: Unknown Pin: Pin S1-3
Add Pin To Net: Unknown Pin: Pin S1-4
Add Pin To Net: Unknown Pin: Pin U5-1
Add Pin To Net: Unknown Pin: Pin U5-2
Add Pin To Net: Unknown Pin: Pin U5-3
Add Pin To Net: Unknown Pin: Pin U5-4
Add Pin To Net: Unknown Pin: Pin U5-5
Add Pin To Net: Unknown Pin: Pin U5-6
Add Pin To Net: Unknown Pin: Pin U5-7
Add Pin To Net: Unknown Pin: Pin U5-8
Add Pin To Net: Unknown Pin: Pin U6-3
Add Pin To Net: Unknown Pin: Pin U6-4
Add Pin To Net: Unknown Pin: Pin U6-5
Add Pin To Net: Unknown Pin: Pin U6-6
Add Pin To Net: Unknown Pin: Pin U6-7
Add Pin To Net: Unknown Pin: Pin U6-8
Add Pin To Net: Unknown Pin: Pin Y1-1
Add Pin To Net: Unknown Pin: Pin Y1-2
Add Net: Net with name "24v_jack" already exists
Add Net: Net with name "CPH" already exists
Add Net: Net with name "CPL" already exists
Add Net: Net with name "ENC-A" already exists
Add Net: Net with name "ENC-A" already exists
Add Net: Net with name "ENC-A" already exists
Add Net: Net with name "ENC-A" already exists
Add Net: Net with name "ENC-B" already exists
Add Net: Net with name "ENC-B" already exists
Add Net: Net with name "ENC-B" already exists
Add Net: Net with name "ENC-B" already exists
Add Net: Net with name "jack_extend" already exists
Add Net: Net with name "jack_retract" already exists
Add Net: Net with name "Motor_NC" already exists
Add Net: Net with name "Motor_NO" already exists
Add Net: Net with name "Null_1" already exists
Add Net: Net with name "VCP" already exists
Added Member To Class: ClassName=MCU Member=Component fram1 Component_1
Add Class Member: Failed to add class member : Component S1 smd button
Add Class Member: Failed to add class member : Component U5 MT9223CT-20BR5
Add Class Member: Failed to add class member : Component U6 MT9223CT-20BR5
Add Class Member: Failed to add class member : Component Y1 8MHZ
