Change Component Description : Designator=J4 Old Description=Pluggable Header 5.08mm 12AWG 320V 12A 3 Position COMBICON MSTB Series New Description=Pluggable Header 5.08mm 12AWG 320V 12A 3 Position COMBICON MSTB Series | Phoenix Contact 1759020
Change Component Description : Designator=J21 Old Description=Pluggable Header 5.08mm 12AWG 320V 12A 3 Position COMBICON MSTB Series New Description=Pluggable Header 5.08mm 12AWG 320V 12A 3 Position COMBICON MSTB Series | Phoenix Contact 1759020
Change Component Description : Designator=K1 Old Description=RELAY GEN PURPOSE SPDT 10A 12V New Description=RELAY GEN PURPOSE SPDT 10A 12V | Panasonic Electronic Components ALQ112
Change Component Description : Designator=K2 Old Description=RELAY GEN PURPOSE SPDT 10A 12V New Description=RELAY GEN PURPOSE SPDT 10A 12V | Panasonic Electronic Components ALQ112
Change Component Description : Designator=K3 Old Description=RELAY GEN PURPOSE SPDT 10A 12V New Description=RELAY GEN PURPOSE SPDT 10A 12V | Panasonic Electronic Components ALQ112
Change Component Description : Designator=K4 Old Description=RELAY GEN PURPOSE SPDT 10A 12V New Description=RELAY GEN PURPOSE SPDT 10A 12V | Panasonic Electronic Components ALQ112
Change Component Description : Designator=R3 Old Description=Resistor, Thick Film, 0603 Case, 100Ohm +/-5% 0.2W +/-200ppm/degC New Description=Resistor, Thick Film, 0603 Case, 100Ohm +/-5% 0.2W +/-200ppm/degC | TE Connectivity CRGH0603J100R
Change Component Description : Designator=R4 Old Description=Resistor, Thick Film, 0603 Case, 100Ohm +/-5% 0.2W +/-200ppm/degC New Description=Resistor, Thick Film, 0603 Case, 100Ohm +/-5% 0.2W +/-200ppm/degC | TE Connectivity CRGH0603J100R
Change Component Description : Designator=R5 Old Description=Resistor, Thick Film, 0603 Case, 100Ohm +/-5% 0.2W +/-200ppm/degC New Description=Resistor, Thick Film, 0603 Case, 100Ohm +/-5% 0.2W +/-200ppm/degC | TE Connectivity CRGH0603J100R
Change Component Description : Designator=R6 Old Description=Resistor, Thick Film, 0603 Case, 100Ohm +/-5% 0.2W +/-200ppm/degC New Description=Resistor, Thick Film, 0603 Case, 100Ohm +/-5% 0.2W +/-200ppm/degC | TE Connectivity CRGH0603J100R
Change Component Description : Designator=R7 Old Description=Resistor, Thick Film, 0603 Case, 100Ohm +/-5% 0.2W +/-200ppm/degC New Description=Resistor, Thick Film, 0603 Case, 100Ohm +/-5% 0.2W +/-200ppm/degC | TE Connectivity CRGH0603J100R
Change Component Description : Designator=R8 Old Description=Resistor, Thick Film, 0603 Case, 100Ohm +/-5% 0.2W +/-200ppm/degC New Description=Resistor, Thick Film, 0603 Case, 100Ohm +/-5% 0.2W +/-200ppm/degC | TE Connectivity CRGH0603J100R
Change Component Description : Designator=R9 Old Description=Resistor, Thick Film, 0603 Case, 100Ohm +/-5% 0.2W +/-200ppm/degC New Description=Resistor, Thick Film, 0603 Case, 100Ohm +/-5% 0.2W +/-200ppm/degC | TE Connectivity CRGH0603J100R
Change Component Description : Designator=R10 Old Description=Resistor, Thick Film, 0603 Case, 100Ohm +/-5% 0.2W +/-200ppm/degC New Description=Resistor, Thick Film, 0603 Case, 100Ohm +/-5% 0.2W +/-200ppm/degC | TE Connectivity CRGH0603J100R
Change Component Description : Designator=R11 Old Description=Resistor, Thick Film, 0603 Case, 100Ohm +/-5% 0.2W +/-200ppm/degC New Description=Resistor, Thick Film, 0603 Case, 100Ohm +/-5% 0.2W +/-200ppm/degC | TE Connectivity CRGH0603J100R
Change Component Description : Designator=R12 Old Description=Resistor, Thick Film, 0603 Case, 100Ohm +/-5% 0.2W +/-200ppm/degC New Description=Resistor, Thick Film, 0603 Case, 100Ohm +/-5% 0.2W +/-200ppm/degC | TE Connectivity CRGH0603J100R
Change Component Description : Designator=R13 Old Description=Resistor, Thick Film, 0603 Case, 100Ohm +/-5% 0.2W +/-200ppm/degC New Description=Resistor, Thick Film, 0603 Case, 100Ohm +/-5% 0.2W +/-200ppm/degC | TE Connectivity CRGH0603J100R
Change Component Description : Designator=R14 Old Description=Resistor, Thick Film, 0603 Case, 100Ohm +/-5% 0.2W +/-200ppm/degC New Description=Resistor, Thick Film, 0603 Case, 100Ohm +/-5% 0.2W +/-200ppm/degC | TE Connectivity CRGH0603J100R
Change Component Description : Designator=R15 Old Description=Resistor, Thick Film, 0603 Case, 100Ohm +/-5% 0.2W +/-200ppm/degC New Description=Resistor, Thick Film, 0603 Case, 100Ohm +/-5% 0.2W +/-200ppm/degC | TE Connectivity CRGH0603J100R
Change Component Description : Designator=R16 Old Description=Resistor, Thick Film, 0603 Case, 100Ohm +/-5% 0.2W +/-200ppm/degC New Description=Resistor, Thick Film, 0603 Case, 100Ohm +/-5% 0.2W +/-200ppm/degC | TE Connectivity CRGH0603J100R
Change Component Description : Designator=R17 Old Description=Resistor, Thick Film, 0603 Case, 100Ohm +/-5% 0.2W +/-200ppm/degC New Description=Resistor, Thick Film, 0603 Case, 100Ohm +/-5% 0.2W +/-200ppm/degC | TE Connectivity CRGH0603J100R
Change Component Description : Designator=R18 Old Description=Resistor, Thick Film, 0603 Case, 100Ohm +/-5% 0.2W +/-200ppm/degC New Description=Resistor, Thick Film, 0603 Case, 100Ohm +/-5% 0.2W +/-200ppm/degC | TE Connectivity CRGH0603J100R
Change Component Description : Designator=R19 Old Description=Resistor, Thick Film, 0603 Case, 100Ohm +/-5% 0.2W +/-200ppm/degC New Description=Resistor, Thick Film, 0603 Case, 100Ohm +/-5% 0.2W +/-200ppm/degC | TE Connectivity CRGH0603J100R
Change Component Description : Designator=R22 Old Description=Resistor, Thick Film, 0603 Case, 100Ohm +/-5% 0.2W +/-200ppm/degC New Description=Resistor, Thick Film, 0603 Case, 100Ohm +/-5% 0.2W +/-200ppm/degC | TE Connectivity CRGH0603J100R
Change Component Description : Designator=R23 Old Description=Resistor, Thick Film, 0603 Case, 100Ohm +/-5% 0.2W +/-200ppm/degC New Description=Resistor, Thick Film, 0603 Case, 100Ohm +/-5% 0.2W +/-200ppm/degC | TE Connectivity CRGH0603J100R
Change Component Description : Designator=R24 Old Description=Resistor, Thick Film, 0603 Case, 100Ohm +/-5% 0.2W +/-200ppm/degC New Description=Resistor, Thick Film, 0603 Case, 100Ohm +/-5% 0.2W +/-200ppm/degC | TE Connectivity CRGH0603J100R
Change Component Description : Designator=R25 Old Description=Resistor, Thick Film, 0603 Case, 100Ohm +/-5% 0.2W +/-200ppm/degC New Description=Resistor, Thick Film, 0603 Case, 100Ohm +/-5% 0.2W +/-200ppm/degC | TE Connectivity CRGH0603J100R
Change Component Description : Designator=R26 Old Description=Resistor, Thick Film, 0603 Case, 100Ohm +/-5% 0.2W +/-200ppm/degC New Description=Resistor, Thick Film, 0603 Case, 100Ohm +/-5% 0.2W +/-200ppm/degC | TE Connectivity CRGH0603J100R
Change Component Description : Designator=R27 Old Description=Resistor, Thick Film, 0603 Case, 100Ohm +/-5% 0.2W +/-200ppm/degC New Description=Resistor, Thick Film, 0603 Case, 100Ohm +/-5% 0.2W +/-200ppm/degC | TE Connectivity CRGH0603J100R
Change Component Description : Designator=R28 Old Description=Resistor, Thick Film, 0603 Case, 100Ohm +/-5% 0.2W +/-200ppm/degC New Description=Resistor, Thick Film, 0603 Case, 100Ohm +/-5% 0.2W +/-200ppm/degC | TE Connectivity CRGH0603J100R
Change Component Description : Designator=R29 Old Description=Resistor, Thick Film, 0603 Case, 100Ohm +/-5% 0.2W +/-200ppm/degC New Description=Resistor, Thick Film, 0603 Case, 100Ohm +/-5% 0.2W +/-200ppm/degC | TE Connectivity CRGH0603J100R
Change Component Description : Designator=R30 Old Description=Resistor, Thick Film, 0603 Case, 100Ohm +/-5% 0.2W +/-200ppm/degC New Description=Resistor, Thick Film, 0603 Case, 100Ohm +/-5% 0.2W +/-200ppm/degC | TE Connectivity CRGH0603J100R
Change Component Description : Designator=R31 Old Description=Resistor, Thick Film, 0603 Case, 100Ohm +/-5% 0.2W +/-200ppm/degC New Description=Resistor, Thick Film, 0603 Case, 100Ohm +/-5% 0.2W +/-200ppm/degC | TE Connectivity CRGH0603J100R
Change Component Description : Designator=R32 Old Description=Resistor, Thick Film, 0603 Case, 100Ohm +/-5% 0.2W +/-200ppm/degC New Description=Resistor, Thick Film, 0603 Case, 100Ohm +/-5% 0.2W +/-200ppm/degC | TE Connectivity CRGH0603J100R
Change Component Description : Designator=R33 Old Description=Resistor, Thick Film, 0603 Case, 100Ohm +/-5% 0.2W +/-200ppm/degC New Description=Resistor, Thick Film, 0603 Case, 100Ohm +/-5% 0.2W +/-200ppm/degC | TE Connectivity CRGH0603J100R
Change Component Description : Designator=R34 Old Description=Resistor, Thick Film, 0603 Case, 100Ohm +/-5% 0.2W +/-200ppm/degC New Description=Resistor, Thick Film, 0603 Case, 100Ohm +/-5% 0.2W +/-200ppm/degC | TE Connectivity CRGH0603J100R
Change Component Description : Designator=R35 Old Description=Resistor, Thick Film, 0603 Case, 100Ohm +/-5% 0.2W +/-200ppm/degC New Description=Resistor, Thick Film, 0603 Case, 100Ohm +/-5% 0.2W +/-200ppm/degC | TE Connectivity CRGH0603J100R
Change Component Description : Designator=R36 Old Description=Resistor, Thick Film, 0603 Case, 100Ohm +/-5% 0.2W +/-200ppm/degC New Description=Resistor, Thick Film, 0603 Case, 100Ohm +/-5% 0.2W +/-200ppm/degC | TE Connectivity CRGH0603J100R
Change Component Description : Designator=R37 Old Description=Resistor, Thick Film, 0603 Case, 100Ohm +/-5% 0.2W +/-200ppm/degC New Description=Resistor, Thick Film, 0603 Case, 100Ohm +/-5% 0.2W +/-200ppm/degC | TE Connectivity CRGH0603J100R
Change Component Description : Designator=R38 Old Description=Resistor, Thick Film, 0603 Case, 100Ohm +/-5% 0.2W +/-200ppm/degC New Description=Resistor, Thick Film, 0603 Case, 100Ohm +/-5% 0.2W +/-200ppm/degC | TE Connectivity CRGH0603J100R
Change Component Description : Designator=R39 Old Description=Resistor, Thick Film, 0603 Case, 100Ohm +/-5% 0.2W +/-200ppm/degC New Description=Resistor, Thick Film, 0603 Case, 100Ohm +/-5% 0.2W +/-200ppm/degC | TE Connectivity CRGH0603J100R
Change Component Description : Designator=R40 Old Description=Resistor, Thick Film, 0603 Case, 100Ohm +/-5% 0.2W +/-200ppm/degC New Description=Resistor, Thick Film, 0603 Case, 100Ohm +/-5% 0.2W +/-200ppm/degC | TE Connectivity CRGH0603J100R
Change Component Description : Designator=R41 Old Description=Resistor, Thick Film, 0603 Case, 100Ohm +/-5% 0.2W +/-200ppm/degC New Description=Resistor, Thick Film, 0603 Case, 100Ohm +/-5% 0.2W +/-200ppm/degC | TE Connectivity CRGH0603J100R
Change Component Description : Designator=R42 Old Description=Resistor, Thick Film, 0603 Case, 100Ohm +/-5% 0.2W +/-200ppm/degC New Description=Resistor, Thick Film, 0603 Case, 100Ohm +/-5% 0.2W +/-200ppm/degC | TE Connectivity CRGH0603J100R
Change Component Description : Designator=R51 Old Description=Resistor, Thick Film, 0603 Case, 100Ohm +/-5% 0.2W +/-200ppm/degC New Description=Resistor, Thick Film, 0603 Case, 100Ohm +/-5% 0.2W +/-200ppm/degC | TE Connectivity CRGH0603J100R
Change Component Description : Designator=R52 Old Description=Resistor, Thick Film, 0603 Case, 100Ohm +/-5% 0.2W +/-200ppm/degC New Description=Resistor, Thick Film, 0603 Case, 100Ohm +/-5% 0.2W +/-200ppm/degC | TE Connectivity CRGH0603J100R
Change Component Description : Designator=R53 Old Description=Resistor, Thick Film, 0603 Case, 100Ohm +/-5% 0.2W +/-200ppm/degC New Description=Resistor, Thick Film, 0603 Case, 100Ohm +/-5% 0.2W +/-200ppm/degC | TE Connectivity CRGH0603J100R
Change Component Description : Designator=R54 Old Description=Resistor, Thick Film, 0603 Case, 100Ohm +/-5% 0.2W +/-200ppm/degC New Description=Resistor, Thick Film, 0603 Case, 100Ohm +/-5% 0.2W +/-200ppm/degC | TE Connectivity CRGH0603J100R
Change Component Description : Designator=R63 Old Description=Resistor, Thick Film, 0603 Case, 100Ohm +/-5% 0.2W +/-200ppm/degC New Description=Resistor, Thick Film, 0603 Case, 100Ohm +/-5% 0.2W +/-200ppm/degC | TE Connectivity CRGH0603J100R
Change Component Description : Designator=R64 Old Description=Resistor, Thick Film, 0603 Case, 100Ohm +/-5% 0.2W +/-200ppm/degC New Description=Resistor, Thick Film, 0603 Case, 100Ohm +/-5% 0.2W +/-200ppm/degC | TE Connectivity CRGH0603J100R
Change Component Description : Designator=R65 Old Description=Resistor, Thick Film, 0603 Case, 100Ohm +/-5% 0.2W +/-200ppm/degC New Description=Resistor, Thick Film, 0603 Case, 100Ohm +/-5% 0.2W +/-200ppm/degC | TE Connectivity CRGH0603J100R
Change Component Description : Designator=R66 Old Description=Resistor, Thick Film, 0603 Case, 100Ohm +/-5% 0.2W +/-200ppm/degC New Description=Resistor, Thick Film, 0603 Case, 100Ohm +/-5% 0.2W +/-200ppm/degC | TE Connectivity CRGH0603J100R
Change Component Description : Designator=R75 Old Description=Resistor, Thick Film, 0603 Case, 100Ohm +/-5% 0.2W +/-200ppm/degC New Description=Resistor, Thick Film, 0603 Case, 100Ohm +/-5% 0.2W +/-200ppm/degC | TE Connectivity CRGH0603J100R
Change Component Description : Designator=R76 Old Description=Resistor, Thick Film, 0603 Case, 100Ohm +/-5% 0.2W +/-200ppm/degC New Description=Resistor, Thick Film, 0603 Case, 100Ohm +/-5% 0.2W +/-200ppm/degC | TE Connectivity CRGH0603J100R
Change Component Description : Designator=R77 Old Description=Resistor, Thick Film, 0603 Case, 100Ohm +/-5% 0.2W +/-200ppm/degC New Description=Resistor, Thick Film, 0603 Case, 100Ohm +/-5% 0.2W +/-200ppm/degC | TE Connectivity CRGH0603J100R
Change Component Description : Designator=R78 Old Description=Resistor, Thick Film, 0603 Case, 100Ohm +/-5% 0.2W +/-200ppm/degC New Description=Resistor, Thick Film, 0603 Case, 100Ohm +/-5% 0.2W +/-200ppm/degC | TE Connectivity CRGH0603J100R
Change Component Description : Designator=R87 Old Description=Resistor, Thick Film, 0603 Case, 100Ohm +/-5% 0.2W +/-200ppm/degC New Description=Resistor, Thick Film, 0603 Case, 100Ohm +/-5% 0.2W +/-200ppm/degC | TE Connectivity CRGH0603J100R
Change Component Description : Designator=R88 Old Description=Resistor, Thick Film, 0603 Case, 100Ohm +/-5% 0.2W +/-200ppm/degC New Description=Resistor, Thick Film, 0603 Case, 100Ohm +/-5% 0.2W +/-200ppm/degC | TE Connectivity CRGH0603J100R
Change Component Description : Designator=R89 Old Description=Resistor, Thick Film, 0603 Case, 100Ohm +/-5% 0.2W +/-200ppm/degC New Description=Resistor, Thick Film, 0603 Case, 100Ohm +/-5% 0.2W +/-200ppm/degC | TE Connectivity CRGH0603J100R
Change Component Description : Designator=R90 Old Description=Resistor, Thick Film, 0603 Case, 100Ohm +/-5% 0.2W +/-200ppm/degC New Description=Resistor, Thick Film, 0603 Case, 100Ohm +/-5% 0.2W +/-200ppm/degC | TE Connectivity CRGH0603J100R
Change Component Description : Designator=R91 Old Description=Resistor, Thick Film, 0603 Case, 100Ohm +/-5% 0.2W +/-200ppm/degC New Description=Resistor, Thick Film, 0603 Case, 100Ohm +/-5% 0.2W +/-200ppm/degC | TE Connectivity CRGH0603J100R
Change Component Description : Designator=R92 Old Description=Resistor, Thick Film, 0603 Case, 100Ohm +/-5% 0.2W +/-200ppm/degC New Description=Resistor, Thick Film, 0603 Case, 100Ohm +/-5% 0.2W +/-200ppm/degC | TE Connectivity CRGH0603J100R
Change Component Description : Designator=R93 Old Description=Resistor, Thick Film, 0603 Case, 100Ohm +/-5% 0.2W +/-200ppm/degC New Description=Resistor, Thick Film, 0603 Case, 100Ohm +/-5% 0.2W +/-200ppm/degC | TE Connectivity CRGH0603J100R
Change Component Description : Designator=R94 Old Description=Resistor, Thick Film, 0603 Case, 100Ohm +/-5% 0.2W +/-200ppm/degC New Description=Resistor, Thick Film, 0603 Case, 100Ohm +/-5% 0.2W +/-200ppm/degC | TE Connectivity CRGH0603J100R
Change Component Description : Designator=R95 Old Description=Resistor, Thick Film, 0603 Case, 100Ohm +/-5% 0.2W +/-200ppm/degC New Description=Resistor, Thick Film, 0603 Case, 100Ohm +/-5% 0.2W +/-200ppm/degC | TE Connectivity CRGH0603J100R
Change Component Description : Designator=R96 Old Description=Resistor, Thick Film, 0603 Case, 100Ohm +/-5% 0.2W +/-200ppm/degC New Description=Resistor, Thick Film, 0603 Case, 100Ohm +/-5% 0.2W +/-200ppm/degC | TE Connectivity CRGH0603J100R
Change Component Description : Designator=R99 Old Description=Resistor, Thick Film, 0603 Case, 100Ohm +/-5% 0.2W +/-200ppm/degC New Description=Resistor, Thick Film, 0603 Case, 100Ohm +/-5% 0.2W +/-200ppm/degC | TE Connectivity CRGH0603J100R
Change Component Description : Designator=R100 Old Description=Resistor, Thick Film, 0603 Case, 100Ohm +/-5% 0.2W +/-200ppm/degC New Description=Resistor, Thick Film, 0603 Case, 100Ohm +/-5% 0.2W +/-200ppm/degC | TE Connectivity CRGH0603J100R
Change Component Description : Designator=R101 Old Description=Resistor, Thick Film, 0603 Case, 100Ohm +/-5% 0.2W +/-200ppm/degC New Description=Resistor, Thick Film, 0603 Case, 100Ohm +/-5% 0.2W +/-200ppm/degC | TE Connectivity CRGH0603J100R
Change Component Description : Designator=R102 Old Description=Resistor, Thick Film, 0603 Case, 100Ohm +/-5% 0.2W +/-200ppm/degC New Description=Resistor, Thick Film, 0603 Case, 100Ohm +/-5% 0.2W +/-200ppm/degC | TE Connectivity CRGH0603J100R
Change Component Description : Designator=R103 Old Description=Resistor, Thick Film, 0603 Case, 100Ohm +/-5% 0.2W +/-200ppm/degC New Description=Resistor, Thick Film, 0603 Case, 100Ohm +/-5% 0.2W +/-200ppm/degC | TE Connectivity CRGH0603J100R
Change Component Description : Designator=R104 Old Description=Resistor, Thick Film, 0603 Case, 100Ohm +/-5% 0.2W +/-200ppm/degC New Description=Resistor, Thick Film, 0603 Case, 100Ohm +/-5% 0.2W +/-200ppm/degC | TE Connectivity CRGH0603J100R
Change Component Description : Designator=R105 Old Description=Resistor, Thick Film, 0603 Case, 100Ohm +/-5% 0.2W +/-200ppm/degC New Description=Resistor, Thick Film, 0603 Case, 100Ohm +/-5% 0.2W +/-200ppm/degC | TE Connectivity CRGH0603J100R
Change Component Description : Designator=RIPROPI1 Old Description=Resistor, Thick Film, 0603 Case, 100Ohm +/-5% 0.2W +/-200ppm/degC New Description=Resistor, Thick Film, 0603 Case, 100Ohm +/-5% 0.2W +/-200ppm/degC | TE Connectivity CRGH0603J100R
Change Component Description : Designator=RIPROPI2 Old Description=Resistor, Thick Film, 0603 Case, 100Ohm +/-5% 0.2W +/-200ppm/degC New Description=Resistor, Thick Film, 0603 Case, 100Ohm +/-5% 0.2W +/-200ppm/degC | TE Connectivity CRGH0603J100R
Added Component: Designator=K?(REL_SPDT_5_1512)
Add component (AddParameter): Name = "MANF"; Value = "SUN HOLD"; VariantName = "[No Variations]"
Add component (AddParameter): Name = "MANF_P#"; Value = "RAM-1C-12"; VariantName = "[No Variations]"
Add component (AddParameter): Name = "PARAM"; Value = "12V, 50mA"; VariantName = "[No Variations]"
Add component (AddParameter): Name = "PARAM2"; Value = "14V, 20A"; VariantName = "[No Variations]"
Add component (AddParameter): Name = "PRICE"; Value = "PRICE"; VariantName = "[No Variations]"
Add component (AddParameter): Name = "Value"; Value = "RELAY_SPDT"; VariantName = "[No Variations]"
Added Component: Designator=K?(REL_SPDT_5_1512)
Add component (AddParameter): Name = "MANF"; Value = "OMRON"; VariantName = "[No Variations]"
Add component (AddParameter): Name = "MANF_P#"; Value = "G8QN-1C4 DC12"; VariantName = "[No Variations]"
Add component (AddParameter): Name = "PARAM"; Value = "12V, 50mA"; VariantName = "[No Variations]"
Add component (AddParameter): Name = "PARAM2"; Value = "16VDC, 30A"; VariantName = "[No Variations]"
Add component (AddParameter): Name = "PRICE"; Value = "PRICE"; VariantName = "[No Variations]"
Add component (AddParameter): Name = "Value"; Value = "RELAY_SPDT"; VariantName = "[No Variations]"
Add Net: Net with name "24v_jack" already exists
Add Net: Net with name "CPH" already exists
Add Net: Net with name "CPL" already exists
Add Net: Net with name "ENC-A" already exists
Add Net: Net with name "ENC-A" already exists
Add Net: Net with name "ENC-A" already exists
Add Net: Net with name "ENC-A" already exists
Add Net: Net with name "ENC-B" already exists
Add Net: Net with name "ENC-B" already exists
Add Net: Net with name "ENC-B" already exists
Add Net: Net with name "ENC-B" already exists
Add Net: Net with name "jack_extend" already exists
Add Net: Net with name "jack_retract" already exists
Add Net: Net with name "Motor_NC" already exists
Add Net: Net with name "Motor_NO" already exists
Add Net: Net with name "VCP" already exists
Added Member To Class: ClassName=motor driver 1 Member=Component K? RELAY_SPDT
Added Member To Class: ClassName=motor driver 1 Member=Component K? RELAY_SPDT
Added Room: Name=jack driver 1
Added Room: Name=jack driver 2
Added Room: Name=MCU
Added Room: Name=Power
Added Room: Name=receiver 1
Added Room: Name=receiver 2
