Removed Pin From Net: NetName=GND Pin=U1-1
Removed Pin From Net: NetName=5v Pin=U1-2
Removed Pin From Net: NetName=12v Pin=U1-3
Removed Pin From Net: NetName=5v Pin=U1-4
Removed Pin From Net: NetName=GND Pin=U2-1
Removed Pin From Net: NetName=3.3v Pin=U2-2
Removed Pin From Net: NetName=12v Pin=U2-3
Removed Pin From Net: NetName=3.3v Pin=U2-4
Change Component Footprint: Designator=U1 Old Footprint=SOT229P700X180-4N New Footprint=DPAK_3
Change Component Footprint: Designator=U2 Old Footprint=SOT229P700X180-4N New Footprint=DPAK_3
Change Component Comment : Designator=U2 Old Comment=AMS1117 3.3v New Comment=LF33
Change Component Comment : Designator=U1 Old Comment=AZ1117 5v New Comment=LF33
Change Component Designator: OldDesignator=EEPROM NewDesignator=EEPROM1
Change component parameters: Designator = "U1" ("U1"); Footprint = "SOT229P700X180-4N"; UniqueID = "\URQJXWSU" ("\URQJXWSU")
Change component parameters (AddParameter): Name = "ASSEMBLY"; Value = ""; VariantName = "[No Variations]"
Change component parameters (AddParameter): Name = "DESC"; Value = ""; VariantName = "[No Variations]"
Change component parameters (AddParameter): Name = "MANF"; Value = "ST"; VariantName = "[No Variations]"
Change component parameters (AddParameter): Name = "MANF_P#"; Value = "LF33CDT"; VariantName = "[No Variations]"
Change component parameters (AddParameter): Name = "PARAM"; Value = "LDO0.45V, 0.5A,  82dB@120Hz"; VariantName = "[No Variations]"
Change component parameters (AddParameter): Name = "PARAM2"; Value = "1.5/1.8/2.5/3.3/5V"; VariantName = "[No Variations]"
Change component parameters (AddParameter): Name = "PRICE"; Value = "1500t"; VariantName = "[No Variations]"
Change component parameters (AddParameter): Name = "VALUE"; Value = "LF33"; VariantName = "[No Variations]"
Change component parameters: Designator = "U2" ("U2"); Footprint = "SOT229P700X180-4N"; UniqueID = "\MTXHZAAN" ("\MTXHZAAN")
Change component parameters (AddParameter): Name = "ASSEMBLY"; Value = ""; VariantName = "[No Variations]"
Change component parameters (AddParameter): Name = "DESC"; Value = ""; VariantName = "[No Variations]"
Change component parameters (AddParameter): Name = "MANF"; Value = "ST"; VariantName = "[No Variations]"
Change component parameters (AddParameter): Name = "MANF_P#"; Value = "LF33CDT"; VariantName = "[No Variations]"
Change component parameters (AddParameter): Name = "PARAM"; Value = "LDO0.45V, 0.5A,  82dB@120Hz"; VariantName = "[No Variations]"
Change component parameters (AddParameter): Name = "PARAM2"; Value = "1.5/1.8/2.5/3.3/5V"; VariantName = "[No Variations]"
Change component parameters (AddParameter): Name = "PRICE"; Value = "1500t"; VariantName = "[No Variations]"
Change component parameters (AddParameter): Name = "VALUE"; Value = "LF33"; VariantName = "[No Variations]"
Added Pin To Net: NetName=12v Pin=U1-1
Added Pin To Net: NetName=5v Pin=U1-3
Added Pin To Net: NetName=GND Pin=U1-4
Added Pin To Net: NetName=12v Pin=U2-1
Added Pin To Net: NetName=3.3v Pin=U2-3
Added Pin To Net: NetName=GND Pin=U2-4
Added Member To Class: ClassName=Power Member=Component U1 LF33
Added Member To Class: ClassName=Power Member=Component U2 LF33
Added Room: Name=interface
Added Room: Name=jack driver 1
Added Room: Name=jack driver 2
Added Room: Name=motor driver 1
Added Room: Name=motor driver 2
Added Room: Name=Power
Added Room: Name=receiver 1
Added Room: Name=receiver 2
