Removed Pin From Net: NetName=Motor2_NO Pin=J13-01
Removed Pin From Net: NetName=Motor2_NC Pin=J13-03
Remove Pin from Net: Failed to remove Pin
Removed Pin From Net: NetName=Netfuse 1_1 Pin=P1-???
Removed Pin From Net: NetName=GND Pin=P1-???
Remove Pin from Net: Failed to remove Pin
Removed Pin From Net: NetName=GND Pin=P2-???
Removed Pin From Net: NetName=24v_jack1 Pin=P2-???
Removed Pin From Net: NetName=jack_extend1 Pin=P3-???
Removed Pin From Net: NetName=jack_retract1 Pin=P3-???
Remove Pin from Net: Failed to remove Pin
Remove Pin from Net: Failed to remove Pin
Removed Pin From Net: NetName=JACK-1-ENC-B Pin=P4-???
Removed Pin From Net: NetName=JACK-1-ENC-A Pin=P4-???
Remove Pin from Net: Failed to remove Pin
Removed Pin From Net: NetName=GND Pin=P5-???
Removed Pin From Net: NetName=5v Pin=P5-???
Remove Pin from Net: Failed to remove Pin
Removed Pin From Net: NetName=GND Pin=P6-???
Removed Pin From Net: NetName=5v Pin=P6-???
Remove Pin from Net: Failed to remove Pin
Removed Pin From Net: NetName=MOTOR-1-ENC-B Pin=P7-???
Removed Pin From Net: NetName=MOTOR-1-ENC-A Pin=P7-???
Removed Pin From Net: NetName=24v_jack2 Pin=P8-???
Removed Pin From Net: NetName=GND Pin=P8-???
Remove Pin from Net: Failed to remove Pin
Remove Pin from Net: Failed to remove Pin
Removed Pin From Net: NetName=jack_retract2 Pin=P9-???
Removed Pin From Net: NetName=jack_extend2 Pin=P9-???
Remove Pin from Net: Failed to remove Pin
Removed Pin From Net: NetName=JACK-2-ENC-B Pin=P10-???
Removed Pin From Net: NetName=JACK-2-ENC-A Pin=P10-???
Remove Pin from Net: Failed to remove Pin
Removed Pin From Net: NetName=GND Pin=P11-???
Removed Pin From Net: NetName=5v Pin=P11-???
Remove Pin from Net: Failed to remove Pin
Removed Pin From Net: NetName=GND Pin=P12-???
Removed Pin From Net: NetName=5v Pin=P12-???
Remove Pin from Net: Failed to remove Pin
Removed Pin From Net: NetName=MOTOR-2-ENC-B Pin=P13-???
Removed Pin From Net: NetName=MOTOR-2-ENC-A Pin=P13-???
Remove Pin from Net: Failed to remove Pin
Remove Pin from Net: Failed to remove Pin
Removed Pin From Net: NetName=GND Pin=SW1-???
Removed Pin From Net: NetName=GND Pin=SW1-???
Removed Pin From Net: NetName=NetR54_1 Pin=SW1-???
Removed Pin From Net: NetName=ENC-A Pin=SW1-???
Removed Pin From Net: NetName=ENC-B Pin=SW1-???
Remove Pin from Net: Failed to remove Pin
Removed Pin From Net: NetName=GND Pin=U4-17
Removed Pin From Net: NetName=GND Pin=U13-17
Change Component Description : Designator=J4 Old Description=Pluggable Header 5.08mm 12AWG 320V 12A 3 Position COMBICON MSTB Series New Description=Pluggable Header 5.08mm 12AWG 320V 12A 3 Position COMBICON MSTB Series | Phoenix Contact 1759020
Change Component Description : Designator=J13 Old Description=Pluggable Header 5.08mm 12AWG 320V 12A 3 Position COMBICON MSTB Series New Description=Pluggable Header 5.08mm 12AWG 320V 12A 3 Position COMBICON MSTB Series | Phoenix Contact 1759020
Added Pin To Net: NetName=Motor2_NC Pin=J13-01
Added Pin To Net: NetName=Motor2_NO Pin=J13-03
Add Pin To Net: Unknown Pin: Pin P1-1
Add Pin To Net: Unknown Pin: Pin P1-2
Add Pin To Net: Unknown Pin: Pin P2-1
Add Pin To Net: Unknown Pin: Pin P2-2
Add Pin To Net: Unknown Pin: Pin P3-1
Add Pin To Net: Unknown Pin: Pin P3-2
Add Pin To Net: Unknown Pin: Pin P4-1
Add Pin To Net: Unknown Pin: Pin P4-2
Add Pin To Net: Unknown Pin: Pin P5-1
Add Pin To Net: Unknown Pin: Pin P5-2
Add Pin To Net: Unknown Pin: Pin P6-1
Add Pin To Net: Unknown Pin: Pin P6-2
Add Pin To Net: Unknown Pin: Pin P7-1
Add Pin To Net: Unknown Pin: Pin P7-2
Add Pin To Net: Unknown Pin: Pin P8-1
Add Pin To Net: Unknown Pin: Pin P8-2
Add Pin To Net: Unknown Pin: Pin P9-1
Add Pin To Net: Unknown Pin: Pin P9-2
Add Pin To Net: Unknown Pin: Pin P10-1
Add Pin To Net: Unknown Pin: Pin P10-2
Add Pin To Net: Unknown Pin: Pin P11-1
Add Pin To Net: Unknown Pin: Pin P11-2
Add Pin To Net: Unknown Pin: Pin P12-1
Add Pin To Net: Unknown Pin: Pin P12-2
Add Pin To Net: Unknown Pin: Pin P13-1
Add Pin To Net: Unknown Pin: Pin P13-2
Add Pin To Net: Unknown Pin: Pin SW1-1
Add Pin To Net: Unknown Pin: Pin SW1-2
Add Pin To Net: Unknown Pin: Pin SW1-3
Add Pin To Net: Unknown Pin: Pin SW1-4
Add Pin To Net: Unknown Pin: Pin SW1-5
