Removed Member From Class: ClassName=motor driver 2 Member=U6
Removed Member From Class: ClassName=receiver 1 Member=U13
Add Net: Net with name "24v_jack" already exists
Add Net: Net with name "CPH" already exists
Add Net: Net with name "CPL" already exists
Add Net: Net with name "ENC-A" already exists
Add Net: Net with name "ENC-A" already exists
Add Net: Net with name "ENC-A" already exists
Add Net: Net with name "ENC-A" already exists
Add Net: Net with name "ENC-B" already exists
Add Net: Net with name "ENC-B" already exists
Add Net: Net with name "ENC-B" already exists
Add Net: Net with name "ENC-B" already exists
Add Net: Net with name "jack_extend" already exists
Add Net: Net with name "jack_retract" already exists
Add Net: Net with name "Motor_NC" already exists
Add Net: Net with name "Motor_NO" already exists
Add Net: Net with name "VCP" already exists
Added Member To Class: ClassName=receiver 1 Member=Component J6 phoenix-5.08mm-2pos
Added Member To Class: ClassName=receiver 1 Member=Component J7 phoenix-5.08mm-2pos
Added Member To Class: ClassName=receiver 1 Member=Component J8 phoenix-5.08mm-2pos
Added Member To Class: ClassName=receiver 2 Member=Component J10 phoenix-5.08mm-2pos
Added Member To Class: ClassName=receiver 2 Member=Component J12 phoenix-5.08mm-2pos
Added Member To Class: ClassName=receiver 1 Member=Component U5 EL817
Added Room: Name=jack driver 1
Added Room: Name=jack driver 2
Added Room: Name=MCU
Added Room: Name=Power
Added Room: Name=receiver 1
Added Room: Name=receiver 2
