Add component: Footprint Not Found SOIC127P602X172-8N
Added Component: Designator=R1(RESC3015X65N)
Add component (AddParameter): Name = "Check_prices"; Value = "https://www.snapeda.com/parts/CPF1206B10KE1/TE+Connectivity/view-part/?ref=eda"; VariantName = "[No Variations]"
Add component (AddParameter): Name = "EU_RoHS_Compliance"; Value = "Compliant"; VariantName = "[No Variations]"
Add component (AddParameter): Name = "MF"; Value = "TE Connectivity"; VariantName = "[No Variations]"
Add component (AddParameter): Name = "MP"; Value = "CPF1206B10KE1"; VariantName = "[No Variations]"
Add component (AddParameter): Name = "Package"; Value = "1206"; VariantName = "[No Variations]"
Add component (AddParameter): Name = "Power_Rating"; Value = ".125 W"; VariantName = "[No Variations]"
Add component (AddParameter): Name = "Resistance"; Value = "10K"; VariantName = "[No Variations]"
Add component (AddParameter): Name = "SnapEDA_Link"; Value = "https://www.snapeda.com/parts/CPF1206B10KE1/TE+Connectivity/view-part/?ref=snap"; VariantName = "[No Variations]"
Add component (AddParameter): Name = "Tolerance"; Value = ".1%"; VariantName = "[No Variations]"
Add component (AddParameter): Name = "Value"; Value = ""; VariantName = "[No Variations]"
Add component (AddParameter): Name = "Voltage_Rating"; Value = "150 V"; VariantName = "[No Variations]"
Added Component: Designator=R2(RESC3015X65N)
Add component (AddParameter): Name = "Check_prices"; Value = "https://www.snapeda.com/parts/CPF1206B10KE1/TE+Connectivity/view-part/?ref=eda"; VariantName = "[No Variations]"
Add component (AddParameter): Name = "EU_RoHS_Compliance"; Value = "Compliant"; VariantName = "[No Variations]"
Add component (AddParameter): Name = "MF"; Value = "TE Connectivity"; VariantName = "[No Variations]"
Add component (AddParameter): Name = "MP"; Value = "CPF1206B10KE1"; VariantName = "[No Variations]"
Add component (AddParameter): Name = "Package"; Value = "1206"; VariantName = "[No Variations]"
Add component (AddParameter): Name = "Power_Rating"; Value = ".125 W"; VariantName = "[No Variations]"
Add component (AddParameter): Name = "Resistance"; Value = "10K"; VariantName = "[No Variations]"
Add component (AddParameter): Name = "SnapEDA_Link"; Value = "https://www.snapeda.com/parts/CPF1206B10KE1/TE+Connectivity/view-part/?ref=snap"; VariantName = "[No Variations]"
Add component (AddParameter): Name = "Tolerance"; Value = ".1%"; VariantName = "[No Variations]"
Add component (AddParameter): Name = "Value"; Value = ""; VariantName = "[No Variations]"
Add component (AddParameter): Name = "Voltage_Rating"; Value = "150 V"; VariantName = "[No Variations]"
Add component: Footprint Not Found SW_TL3342F160QG
Add component: Footprint Not Found SOIC127P600X175-8N
Add component: Footprint Not Found SOIC127P600X175-8N
Add component: Footprint Not Found XTAL_ABLS2-12.000MHZ-D4Y-T
Add Pin To Net: Unknown Pin: Pin fram1-0
Add Pin To Net: Unknown Pin: Pin fram1-1
Add Pin To Net: Unknown Pin: Pin fram1-2
Add Pin To Net: Unknown Pin: Pin fram1-3
Add Pin To Net: Unknown Pin: Pin fram1-4
Add Pin To Net: Unknown Pin: Pin fram1-5
Add Pin To Net: Unknown Pin: Pin fram1-6
Add Pin To Net: Unknown Pin: Pin fram1-7
Added Pin To Net: NetName=NetC5_2 Pin=R1-1
Added Pin To Net: NetName=24v Pin=R1-2
Added Pin To Net: NetName=GND Pin=R2-1
Added Pin To Net: NetName=NetC5_2 Pin=R2-2
Add Pin To Net: Unknown Pin: Pin S1-1
Add Pin To Net: Unknown Pin: Pin S1-2
Add Pin To Net: Unknown Pin: Pin S1-3
Add Pin To Net: Unknown Pin: Pin S1-4
Add Pin To Net: Unknown Pin: Pin U5-1
Add Pin To Net: Unknown Pin: Pin U5-2
Add Pin To Net: Unknown Pin: Pin U5-3
Add Pin To Net: Unknown Pin: Pin U5-4
Add Pin To Net: Unknown Pin: Pin U5-5
Add Pin To Net: Unknown Pin: Pin U5-6
Add Pin To Net: Unknown Pin: Pin U5-7
Add Pin To Net: Unknown Pin: Pin U5-8
Add Pin To Net: Unknown Pin: Pin U6-3
Add Pin To Net: Unknown Pin: Pin U6-4
Add Pin To Net: Unknown Pin: Pin U6-5
Add Pin To Net: Unknown Pin: Pin U6-6
Add Pin To Net: Unknown Pin: Pin U6-7
Add Pin To Net: Unknown Pin: Pin U6-8
Add Pin To Net: Unknown Pin: Pin Y1-1
Add Pin To Net: Unknown Pin: Pin Y1-2
Add Net: Net with name "24v_jack" already exists
Add Net: Net with name "CPH" already exists
Add Net: Net with name "CPL" already exists
Add Net: Net with name "ENC-A" already exists
Add Net: Net with name "ENC-A" already exists
Add Net: Net with name "ENC-A" already exists
Add Net: Net with name "ENC-A" already exists
Add Net: Net with name "ENC-B" already exists
Add Net: Net with name "ENC-B" already exists
Add Net: Net with name "ENC-B" already exists
Add Net: Net with name "ENC-B" already exists
Add Net: Net with name "jack_extend" already exists
Add Net: Net with name "jack_retract" already exists
Add Net: Net with name "Motor_NC" already exists
Add Net: Net with name "Motor_NO" already exists
Add Net: Net with name "Null_1" already exists
Add Net: Net with name "VCP" already exists
Add Class Member: Failed to add class member : Component fram1 Component_1
Added Member To Class: ClassName=Power Member=Component R1 220k-1206
Added Member To Class: ClassName=Power Member=Component R2 22k-1206
Add Class Member: Failed to add class member : Component S1 smd button
Add Class Member: Failed to add class member : Component U5 MT9223CT-20BR5
Add Class Member: Failed to add class member : Component U6 MT9223CT-20BR5
Add Class Member: Failed to add class member : Component Y1 8MHZ
