Add component: Footprint Not Found PCBComponent_1
Add component: Footprint Not Found PCBComponent_1
Add component: Footprint Not Found PCBComponent_1
Add component: Footprint Not Found CAP_EEEFN1H101L
Add component: Footprint Not Found CAP_EEEFN1H101L
Add component: Footprint Not Found CAP_EEEFN1H101L
Add component: Footprint Not Found CAPC3216X180N
Add component: Footprint Not Found CAP_EEEFN1H101L
Add component: Footprint Not Found CAPC3216X180N
Add component: Footprint Not Found CAPC3216X180N
Add component: Footprint Not Found CAPC3216X180N
Add component: Footprint Not Found CAPC3216X180N
Add component: Footprint Not Found CAPC3216X180N
Add component: Footprint Not Found CAPC3216X180N
Add component: Footprint Not Found CAPC2012X145N
Add component: Footprint Not Found CAP_EEEFN1H101L
Add component: Footprint Not Found CAPC2012X145N
Add component: Footprint Not Found CAPC2012X145N
Add component: Footprint Not Found CAPC2012X145N
Add component: Footprint Not Found CAPC3216X180N
Add component: Footprint Not Found CAPC3216X180N
Add component: Footprint Not Found CAPC3216X180N
Add component: Footprint Not Found CAPC3216X180N
Add component: Footprint Not Found CAPC3216X180N
Add component: Footprint Not Found CAPC3216X180N
Add component: Footprint Not Found CAPC3216X180N
Add component: Footprint Not Found CAPC3216X180N
Add component: Footprint Not Found CAPC2012X145N
Add component: Footprint Not Found CAP_EEEFN1H101L
Add component: Footprint Not Found CAPC2012X145N
Add component: Footprint Not Found CAPC2012X145N
Add component: Footprint Not Found CAPC2012X145N
Add component: Footprint Not Found WL-SMRW_1206 dome_normal use
Add component: Footprint Not Found DIOM4325X250N
Add component: Footprint Not Found DIOM4325X250N
Add component: Footprint Not Found WL-SMRW_1206 dome_normal use
Add component: Footprint Not Found WL-SMRW_1206 dome_normal use
Add component: Footprint Not Found WL-SMRW_1206 dome_normal use
Add component: Footprint Not Found WL-SMRW_1206 dome_normal use
Add component: Footprint Not Found WL-SMRW_1206 dome_normal use
Add component: Footprint Not Found WL-SMRW_1206 dome_normal use
Add component: Footprint Not Found WL-SMRW_1206 dome_normal use
Add component: Footprint Not Found WL-SMRW_1206 dome_normal use
Add component: Footprint Not Found WL-SMRW_1206 dome_normal use
Add component: Footprint Not Found WL-SMRW_1206 dome_normal use
Add component: Footprint Not Found WL-SMRW_1206 dome_normal use
Add component: Footprint Not Found WL-SMRW_1206 dome_normal use
Add component: Footprint Not Found WL-SMRW_1206 dome_normal use
Add component: Footprint Not Found WL-SMRW_1206 dome_normal use
Add component: Footprint Not Found WL-SMRW_1206 dome_normal use
Add component: Footprint Not Found WL-SMRW_1206 dome_normal use
Add component: Footprint Not Found WL-SMRW_1206 dome_normal use
Add component: Footprint Not Found WL-SMRW_1206 dome_normal use
Add component: Footprint Not Found WL-SMRW_1206 dome_normal use
Add component: Footprint Not Found WL-SMRW_1206 dome_normal use
Add component: Footprint Not Found WL-SMRW_1206 dome_normal use
Add component: Footprint Not Found WL-SMRW_1206 dome_normal use
Add component: Footprint Not Found WL-SMRW_1206 dome_normal use
Add component: Footprint Not Found WL-SMRW_1206 dome_normal use
Add component: Footprint Not Found DIOM4325X250N
Add component: Footprint Not Found DIOM4325X250N
Add component: Footprint Not Found SOIC127P602X172-8N
Add component: Footprint Not Found PCBComponent_1
Add component: Footprint Not Found PHOENIX_1715721
Add component: Footprint Not Found SAMTEC_MTSW-104-24-G-S-230
Add component: Footprint Not Found SAMTEC_MTSW-104-24-G-S-230
Add component: Footprint Not Found PHOENIX_1759020
Add component: Footprint Not Found PHOENIX_1715721
Add component: Footprint Not Found PHOENIX_1715721
Add component: Footprint Not Found PHOENIX_1715721
Add component: Footprint Not Found PHOENIX_1715721
Add component: Footprint Not Found PHOENIX_1715721
Add component: Footprint Not Found PHOENIX_1715721
Add component: Footprint Not Found PHOENIX_1715721
Add component: Footprint Not Found PHOENIX_1715721
Add component: Footprint Not Found PHOENIX_1759020
Add component: Footprint Not Found REL_SPDT_5_1512
Add component: Footprint Not Found REL_SPDT_5_1512
Add component: Footprint Not Found REL_SPDT_5_1512
Add component: Footprint Not Found REL_SPDT_5_1512
Add component: Footprint Not Found PHOENIX_1803578
Add component: Footprint Not Found PHOENIX_1803578
Add component: Footprint Not Found PHOENIX_1803578
Add component: Footprint Not Found PHOENIX_1803578
Add component: Footprint Not Found PHOENIX_1803578
Add component: Footprint Not Found PHOENIX_1803578
Add component: Footprint Not Found PHOENIX_1803578
Add component: Footprint Not Found PHOENIX_1803578
Add component: Footprint Not Found PHOENIX_1803578
Add component: Footprint Not Found PHOENIX_1803578
Add component: Footprint Not Found PHOENIX_1803578
Add component: Footprint Not Found PHOENIX_1803578
Add component: Footprint Not Found PHOENIX_1803578
Add component: Footprint Not Found SOT95P240X111-3N
Add component: Footprint Not Found SOT95P240X111-3N
Add component: Footprint Not Found SOT95P240X111-3N
Add component: Footprint Not Found SOT95P240X111-3N
Add component: Footprint Not Found TRANS_SS8050-G
Add component: Footprint Not Found TRANS_SS8050-G
Add component: Footprint Not Found TRANS_SS8050-G
Add component: Footprint Not Found TRANS_SS8050-G
Add component: Footprint Not Found TRANS_SS8050-G
Add component: Footprint Not Found TRANS_SS8050-G
Add component: Footprint Not Found TRANS_SS8050-G
Add component: Footprint Not Found TRANS_SS8050-G
Add component: Footprint Not Found TRANS_SS8050-G
Add component: Footprint Not Found TRANS_SS8050-G
Add component: Footprint Not Found TRANS_SS8050-G
Add component: Footprint Not Found TRANS_SS8050-G
Add component: Footprint Not Found TRANS_SS8050-G
Add component: Footprint Not Found TRANS_SS8050-G
Add component: Footprint Not Found TRANS_SS8050-G
Add component: Footprint Not Found TRANS_SS8050-G
Add component: Footprint Not Found TRANS_SS8050-G
Add component: Footprint Not Found TRANS_SS8050-G
Add component: Footprint Not Found SOT95P240X111-3N
Add component: Footprint Not Found SOT95P240X111-3N
Add component: Footprint Not Found SOT95P240X111-3N
Add component: Footprint Not Found SOT95P240X111-3N
Add component: Footprint Not Found SOT95P240X111-3N
Add component: Footprint Not Found SOT95P240X111-3N
Add component: Footprint Not Found TRANS_SS8050-G
Add component: Footprint Not Found TRANS_SS8050-G
Add component: Footprint Not Found RESC3015X65N
Add component: Footprint Not Found RESC3015X65N
Add component: Footprint Not Found RESC3015X65N
Add component: Footprint Not Found RESC3015X65N
Add component: Footprint Not Found RESC3015X65N
Add component: Footprint Not Found RESC2012X65N
Add component: Footprint Not Found RESC2012X65N
Add component: Footprint Not Found RESC3015X65N
Add component: Footprint Not Found RESC3015X65N
Add component: Footprint Not Found RESC3015X65N
Add component: Footprint Not Found RESC3015X65N
Add component: Footprint Not Found RESC2012X65N
Add component: Footprint Not Found RESC2012X65N
Add component: Footprint Not Found RESC2012X65N
Add component: Footprint Not Found RESC2012X65N
Add component: Footprint Not Found RESC3015X65N
Add component: Footprint Not Found RESC3015X65N
Add component: Footprint Not Found RESC3015X65N
Add component: Footprint Not Found RESC3015X65N
Add component: Footprint Not Found RESC3015X65N
Add component: Footprint Not Found RESC3015X65N
Add component: Footprint Not Found RESC3015X65N
Add component: Footprint Not Found RESC3015X65N
Add component: Footprint Not Found RESC3015X65N
Add component: Footprint Not Found RESC3015X65N
Add component: Footprint Not Found RESC3015X65N
Add component: Footprint Not Found RESC3015X65N
Add component: Footprint Not Found RESC3015X65N
Add component: Footprint Not Found RESC3015X65N
Add component: Footprint Not Found RESC3015X65N
Add component: Footprint Not Found RESC3015X65N
Add component: Footprint Not Found RESC3015X65N
Add component: Footprint Not Found RESC3015X65N
Add component: Footprint Not Found RESC3015X65N
Add component: Footprint Not Found RESC3015X65N
Add component: Footprint Not Found RESC3015X65N
Add component: Footprint Not Found RESC3015X65N
Add component: Footprint Not Found RESC3015X65N
Add component: Footprint Not Found RESC3015X65N
Add component: Footprint Not Found RESC3015X65N
Add component: Footprint Not Found RESC3015X65N
Add component: Footprint Not Found RESC3015X65N
Add component: Footprint Not Found RESC3015X65N
Add component: Footprint Not Found RESC3015X65N
Add component: Footprint Not Found RESC3015X65N
Add component: Footprint Not Found RESC3015X65N
Add component: Footprint Not Found RESC3015X65N
Add component: Footprint Not Found RESC3015X65N
Add component: Footprint Not Found RESC3015X65N
Add component: Footprint Not Found RESC3015X65N
Add component: Footprint Not Found RESC3015X65N
Add component: Footprint Not Found RESC3015X65N
Add component: Footprint Not Found RESC3015X65N
Add component: Footprint Not Found RESC3015X65N
Add component: Footprint Not Found RESC3015X65N
Add component: Footprint Not Found RESC3015X65N
Add component: Footprint Not Found RESC3015X65N
Add component: Footprint Not Found RESC3015X65N
Add component: Footprint Not Found RESC6331X70N
Add component: Footprint Not Found RESC6331X70N
Add component: Footprint Not Found RESC6331X70N
Add component: Footprint Not Found RESC6331X70N
Add component: Footprint Not Found RESC6331X70N
Add component: Footprint Not Found RESC6331X70N
Add component: Footprint Not Found RESC6331X70N
Add component: Footprint Not Found RESC6331X70N
Add component: Footprint Not Found RESC3015X65N
Add component: Footprint Not Found RESC3015X65N
Add component: Footprint Not Found RESC3015X65N
Add component: Footprint Not Found RESC3015X65N
Add component: Footprint Not Found RESC6331X70N
Add component: Footprint Not Found RESC6331X70N
Add component: Footprint Not Found RESC6331X70N
Add component: Footprint Not Found RESC6331X70N
Add component: Footprint Not Found RESC6331X70N
Add component: Footprint Not Found RESC6331X70N
Add component: Footprint Not Found RESC6331X70N
Add component: Footprint Not Found RESC6331X70N
Add component: Footprint Not Found RESC3015X65N
Add component: Footprint Not Found RESC3015X65N
Add component: Footprint Not Found RESC3015X65N
Add component: Footprint Not Found RESC3015X65N
Add component: Footprint Not Found RESC6331X70N
Add component: Footprint Not Found RESC6331X70N
Add component: Footprint Not Found RESC6331X70N
Add component: Footprint Not Found RESC6331X70N
Add component: Footprint Not Found RESC6331X70N
Add component: Footprint Not Found RESC6331X70N
Add component: Footprint Not Found RESC6331X70N
Add component: Footprint Not Found RESC6331X70N
Add component: Footprint Not Found RESC3015X65N
Add component: Footprint Not Found RESC3015X65N
Add component: Footprint Not Found RESC3015X65N
Add component: Footprint Not Found RESC3015X65N
Add component: Footprint Not Found RESC6331X70N
Add component: Footprint Not Found RESC6331X70N
Add component: Footprint Not Found RESC6331X70N
Add component: Footprint Not Found RESC6331X70N
Add component: Footprint Not Found RESC6331X70N
Add component: Footprint Not Found RESC6331X70N
Add component: Footprint Not Found RESC6331X70N
Add component: Footprint Not Found RESC6331X70N
Add component: Footprint Not Found RESC3015X65N
Add component: Footprint Not Found RESC3015X65N
Add component: Footprint Not Found RESC3015X65N
Add component: Footprint Not Found RESC3015X65N
Add component: Footprint Not Found RESC3015X65N
Add component: Footprint Not Found RESC3015X65N
Add component: Footprint Not Found RESC3015X65N
Add component: Footprint Not Found RESC3015X65N
Add component: Footprint Not Found RESC2012X65N
Add component: Footprint Not Found RESC2012X65N
Add component: Footprint Not Found RESC2012X65N
Add component: Footprint Not Found RESC2012X65N
Add component: Footprint Not Found RESC3015X65N
Add component: Footprint Not Found RESC3015X65N
Add component: Footprint Not Found RESC3015X65N
Add component: Footprint Not Found RESC3015X65N
Add component: Footprint Not Found RESC3015X65N
Add component: Footprint Not Found RESC3015X65N
Add component: Footprint Not Found SWROT_11MM
Add component: Footprint Not Found DPAK_3
Add component: Footprint Not Found DPAK_3
Add component: Footprint Not Found QFP50P1200X1200X160-64N
Add component: Footprint Not Found SOP65P640X120-17N
Add component: Footprint Not Found DIP_4SMD
Add component: Footprint Not Found DIP_4SMD
Add component: Footprint Not Found DIP_4SMD
Add component: Footprint Not Found DIP_4SMD
Add component: Footprint Not Found DIP_4SMD
Add component: Footprint Not Found DIP_4SMD
Add component: Footprint Not Found DIP_4SMD
Add component: Footprint Not Found DIP_4SMD
Add component: Footprint Not Found SOP65P640X120-17N
Add component: Footprint Not Found XTAL_ABLS2-12.000MHZ-D4Y-T
Add Pin To Net: Unknown Pin: Pin *1-1
Add Pin To Net: Unknown Pin: Pin *1-2
Add Pin To Net: Unknown Pin: Pin *1-3
Add Pin To Net: Unknown Pin: Pin *1-4
Add Pin To Net: Unknown Pin: Pin 1-1
Add Pin To Net: Unknown Pin: Pin 1-3
Add Pin To Net: Unknown Pin: Pin 1-4
Add Pin To Net: Unknown Pin: Pin 1-5
Add Pin To Net: Unknown Pin: Pin 1-6
Add Pin To Net: Unknown Pin: Pin 2-1
Add Pin To Net: Unknown Pin: Pin 2-2
Add Pin To Net: Unknown Pin: Pin 2-3
Add Pin To Net: Unknown Pin: Pin 2-4
Add Pin To Net: Unknown Pin: Pin 2-6
Add Pin To Net: Unknown Pin: Pin C1-1
Add Pin To Net: Unknown Pin: Pin C1-2
Add Pin To Net: Unknown Pin: Pin C2-1
Add Pin To Net: Unknown Pin: Pin C2-2
Add Pin To Net: Unknown Pin: Pin C3-1
Add Pin To Net: Unknown Pin: Pin C3-2
Add Pin To Net: Unknown Pin: Pin C4-1
Add Pin To Net: Unknown Pin: Pin C4-2
Add Pin To Net: Unknown Pin: Pin C5-1
Add Pin To Net: Unknown Pin: Pin C5-2
Add Pin To Net: Unknown Pin: Pin C6-1
Add Pin To Net: Unknown Pin: Pin C6-2
Add Pin To Net: Unknown Pin: Pin C7-1
Add Pin To Net: Unknown Pin: Pin C7-2
Add Pin To Net: Unknown Pin: Pin C8-1
Add Pin To Net: Unknown Pin: Pin C8-2
Add Pin To Net: Unknown Pin: Pin C9-1
Add Pin To Net: Unknown Pin: Pin C9-2
Add Pin To Net: Unknown Pin: Pin C10-1
Add Pin To Net: Unknown Pin: Pin C10-2
Add Pin To Net: Unknown Pin: Pin C11-1
Add Pin To Net: Unknown Pin: Pin C11-2
Add Pin To Net: Unknown Pin: Pin C12-1
Add Pin To Net: Unknown Pin: Pin C12-2
Add Pin To Net: Unknown Pin: Pin C13-1
Add Pin To Net: Unknown Pin: Pin C13-2
Add Pin To Net: Unknown Pin: Pin C14-1
Add Pin To Net: Unknown Pin: Pin C14-2
Add Pin To Net: Unknown Pin: Pin C15-1
Add Pin To Net: Unknown Pin: Pin C15-2
Add Pin To Net: Unknown Pin: Pin C16-1
Add Pin To Net: Unknown Pin: Pin C16-2
Add Pin To Net: Unknown Pin: Pin C17-1
Add Pin To Net: Unknown Pin: Pin C17-2
Add Pin To Net: Unknown Pin: Pin C18-1
Add Pin To Net: Unknown Pin: Pin C18-2
Add Pin To Net: Unknown Pin: Pin C19-1
Add Pin To Net: Unknown Pin: Pin C19-2
Add Pin To Net: Unknown Pin: Pin C20-1
Add Pin To Net: Unknown Pin: Pin C20-2
Add Pin To Net: Unknown Pin: Pin C21-1
Add Pin To Net: Unknown Pin: Pin C21-2
Add Pin To Net: Unknown Pin: Pin C22-1
Add Pin To Net: Unknown Pin: Pin C22-2
Add Pin To Net: Unknown Pin: Pin C23-1
Add Pin To Net: Unknown Pin: Pin C23-2
Add Pin To Net: Unknown Pin: Pin C24-1
Add Pin To Net: Unknown Pin: Pin C24-2
Add Pin To Net: Unknown Pin: Pin C25-1
Add Pin To Net: Unknown Pin: Pin C25-2
Add Pin To Net: Unknown Pin: Pin C26-1
Add Pin To Net: Unknown Pin: Pin C26-2
Add Pin To Net: Unknown Pin: Pin C27-1
Add Pin To Net: Unknown Pin: Pin C27-2
Add Pin To Net: Unknown Pin: Pin C28-1
Add Pin To Net: Unknown Pin: Pin C28-2
Add Pin To Net: Unknown Pin: Pin C29-1
Add Pin To Net: Unknown Pin: Pin C29-2
Add Pin To Net: Unknown Pin: Pin D1-1
Add Pin To Net: Unknown Pin: Pin D1-2
Add Pin To Net: Unknown Pin: Pin D2-A
Add Pin To Net: Unknown Pin: Pin D2-C
Add Pin To Net: Unknown Pin: Pin D3-A
Add Pin To Net: Unknown Pin: Pin D3-C
Add Pin To Net: Unknown Pin: Pin D4-1
Add Pin To Net: Unknown Pin: Pin D4-2
Add Pin To Net: Unknown Pin: Pin D5-1
Add Pin To Net: Unknown Pin: Pin D5-2
Add Pin To Net: Unknown Pin: Pin D6-1
Add Pin To Net: Unknown Pin: Pin D6-2
Add Pin To Net: Unknown Pin: Pin D7-1
Add Pin To Net: Unknown Pin: Pin D7-2
Add Pin To Net: Unknown Pin: Pin D8-1
Add Pin To Net: Unknown Pin: Pin D8-2
Add Pin To Net: Unknown Pin: Pin D9-1
Add Pin To Net: Unknown Pin: Pin D9-2
Add Pin To Net: Unknown Pin: Pin D10-1
Add Pin To Net: Unknown Pin: Pin D10-2
Add Pin To Net: Unknown Pin: Pin D11-1
Add Pin To Net: Unknown Pin: Pin D11-2
Add Pin To Net: Unknown Pin: Pin D12-1
Add Pin To Net: Unknown Pin: Pin D12-2
Add Pin To Net: Unknown Pin: Pin D13-1
Add Pin To Net: Unknown Pin: Pin D13-2
Add Pin To Net: Unknown Pin: Pin D14-1
Add Pin To Net: Unknown Pin: Pin D14-2
Add Pin To Net: Unknown Pin: Pin D15-1
Add Pin To Net: Unknown Pin: Pin D15-2
Add Pin To Net: Unknown Pin: Pin D16-1
Add Pin To Net: Unknown Pin: Pin D16-2
Add Pin To Net: Unknown Pin: Pin D17-1
Add Pin To Net: Unknown Pin: Pin D17-2
Add Pin To Net: Unknown Pin: Pin D18-1
Add Pin To Net: Unknown Pin: Pin D18-2
Add Pin To Net: Unknown Pin: Pin D19-1
Add Pin To Net: Unknown Pin: Pin D19-2
Add Pin To Net: Unknown Pin: Pin D20-1
Add Pin To Net: Unknown Pin: Pin D20-2
Add Pin To Net: Unknown Pin: Pin D21-1
Add Pin To Net: Unknown Pin: Pin D21-2
Add Pin To Net: Unknown Pin: Pin D22-1
Add Pin To Net: Unknown Pin: Pin D22-2
Add Pin To Net: Unknown Pin: Pin D23-1
Add Pin To Net: Unknown Pin: Pin D23-2
Add Pin To Net: Unknown Pin: Pin D24-1
Add Pin To Net: Unknown Pin: Pin D24-2
Add Pin To Net: Unknown Pin: Pin D25-1
Add Pin To Net: Unknown Pin: Pin D25-2
Add Pin To Net: Unknown Pin: Pin D26-1
Add Pin To Net: Unknown Pin: Pin D26-2
Add Pin To Net: Unknown Pin: Pin D27-1
Add Pin To Net: Unknown Pin: Pin D27-2
Add Pin To Net: Unknown Pin: Pin D28-A
Add Pin To Net: Unknown Pin: Pin D28-C
Add Pin To Net: Unknown Pin: Pin D29-A
Add Pin To Net: Unknown Pin: Pin D29-C
Add Pin To Net: Unknown Pin: Pin EEPROM1-0
Add Pin To Net: Unknown Pin: Pin EEPROM1-1
Add Pin To Net: Unknown Pin: Pin EEPROM1-2
Add Pin To Net: Unknown Pin: Pin EEPROM1-3
Add Pin To Net: Unknown Pin: Pin EEPROM1-4
Add Pin To Net: Unknown Pin: Pin EEPROM1-5
Add Pin To Net: Unknown Pin: Pin EEPROM1-6
Add Pin To Net: Unknown Pin: Pin EEPROM1-7
Add Pin To Net: Unknown Pin: Pin fuse 1-1
Add Pin To Net: Unknown Pin: Pin fuse 1-2
Add Pin To Net: Unknown Pin: Pin J1-1
Add Pin To Net: Unknown Pin: Pin J1-2
Add Pin To Net: Unknown Pin: Pin J2-01
Add Pin To Net: Unknown Pin: Pin J2-02
Add Pin To Net: Unknown Pin: Pin J2-03
Add Pin To Net: Unknown Pin: Pin J2-04
Add Pin To Net: Unknown Pin: Pin J3-01
Add Pin To Net: Unknown Pin: Pin J3-02
Add Pin To Net: Unknown Pin: Pin J3-03
Add Pin To Net: Unknown Pin: Pin J3-04
Add Pin To Net: Unknown Pin: Pin J4-01
Add Pin To Net: Unknown Pin: Pin J4-02
Add Pin To Net: Unknown Pin: Pin J4-03
Add Pin To Net: Unknown Pin: Pin J5-1
Add Pin To Net: Unknown Pin: Pin J5-2
Add Pin To Net: Unknown Pin: Pin J6-1
Add Pin To Net: Unknown Pin: Pin J6-2
Add Pin To Net: Unknown Pin: Pin J7-1
Add Pin To Net: Unknown Pin: Pin J7-2
Add Pin To Net: Unknown Pin: Pin J8-1
Add Pin To Net: Unknown Pin: Pin J8-2
Add Pin To Net: Unknown Pin: Pin J9-1
Add Pin To Net: Unknown Pin: Pin J9-2
Add Pin To Net: Unknown Pin: Pin J10-1
Add Pin To Net: Unknown Pin: Pin J10-2
Add Pin To Net: Unknown Pin: Pin J11-1
Add Pin To Net: Unknown Pin: Pin J11-2
Add Pin To Net: Unknown Pin: Pin J12-1
Add Pin To Net: Unknown Pin: Pin J12-2
Add Pin To Net: Unknown Pin: Pin J13-01
Add Pin To Net: Unknown Pin: Pin J13-02
Add Pin To Net: Unknown Pin: Pin J13-03
Add Pin To Net: Unknown Pin: Pin K1-1
Add Pin To Net: Unknown Pin: Pin K1-3
Add Pin To Net: Unknown Pin: Pin K1-4
Add Pin To Net: Unknown Pin: Pin K1-5
Add Pin To Net: Unknown Pin: Pin K2-1
Add Pin To Net: Unknown Pin: Pin K2-3
Add Pin To Net: Unknown Pin: Pin K2-4
Add Pin To Net: Unknown Pin: Pin K2-5
Add Pin To Net: Unknown Pin: Pin K3-1
Add Pin To Net: Unknown Pin: Pin K3-3
Add Pin To Net: Unknown Pin: Pin K3-4
Add Pin To Net: Unknown Pin: Pin K3-5
Add Pin To Net: Unknown Pin: Pin K4-1
Add Pin To Net: Unknown Pin: Pin K4-3
Add Pin To Net: Unknown Pin: Pin K4-4
Add Pin To Net: Unknown Pin: Pin K4-5
Add Pin To Net: Unknown Pin: Pin P1-1
Add Pin To Net: Unknown Pin: Pin P1-2
Add Pin To Net: Unknown Pin: Pin P2-1
Add Pin To Net: Unknown Pin: Pin P2-2
Add Pin To Net: Unknown Pin: Pin P3-1
Add Pin To Net: Unknown Pin: Pin P3-2
Add Pin To Net: Unknown Pin: Pin P4-1
Add Pin To Net: Unknown Pin: Pin P4-2
Add Pin To Net: Unknown Pin: Pin P5-1
Add Pin To Net: Unknown Pin: Pin P5-2
Add Pin To Net: Unknown Pin: Pin P6-1
Add Pin To Net: Unknown Pin: Pin P6-2
Add Pin To Net: Unknown Pin: Pin P7-1
Add Pin To Net: Unknown Pin: Pin P7-2
Add Pin To Net: Unknown Pin: Pin P8-1
Add Pin To Net: Unknown Pin: Pin P8-2
Add Pin To Net: Unknown Pin: Pin P9-1
Add Pin To Net: Unknown Pin: Pin P9-2
Add Pin To Net: Unknown Pin: Pin P10-1
Add Pin To Net: Unknown Pin: Pin P10-2
Add Pin To Net: Unknown Pin: Pin P11-1
Add Pin To Net: Unknown Pin: Pin P11-2
Add Pin To Net: Unknown Pin: Pin P12-1
Add Pin To Net: Unknown Pin: Pin P12-2
Add Pin To Net: Unknown Pin: Pin P13-1
Add Pin To Net: Unknown Pin: Pin P13-2
Add Pin To Net: Unknown Pin: Pin Q1-1
Add Pin To Net: Unknown Pin: Pin Q1-2
Add Pin To Net: Unknown Pin: Pin Q1-3
Add Pin To Net: Unknown Pin: Pin Q2-1
Add Pin To Net: Unknown Pin: Pin Q2-2
Add Pin To Net: Unknown Pin: Pin Q2-3
Add Pin To Net: Unknown Pin: Pin Q3-1
Add Pin To Net: Unknown Pin: Pin Q3-2
Add Pin To Net: Unknown Pin: Pin Q3-3
Add Pin To Net: Unknown Pin: Pin Q4-1
Add Pin To Net: Unknown Pin: Pin Q4-2
Add Pin To Net: Unknown Pin: Pin Q4-3
Add Pin To Net: Unknown Pin: Pin Q5-1
Add Pin To Net: Unknown Pin: Pin Q5-2
Add Pin To Net: Unknown Pin: Pin Q5-3
Add Pin To Net: Unknown Pin: Pin Q6-1
Add Pin To Net: Unknown Pin: Pin Q6-2
Add Pin To Net: Unknown Pin: Pin Q6-3
Add Pin To Net: Unknown Pin: Pin Q7-1
Add Pin To Net: Unknown Pin: Pin Q7-2
Add Pin To Net: Unknown Pin: Pin Q7-3
Add Pin To Net: Unknown Pin: Pin Q8-1
Add Pin To Net: Unknown Pin: Pin Q8-2
Add Pin To Net: Unknown Pin: Pin Q8-3
Add Pin To Net: Unknown Pin: Pin Q9-1
Add Pin To Net: Unknown Pin: Pin Q9-2
Add Pin To Net: Unknown Pin: Pin Q9-3
Add Pin To Net: Unknown Pin: Pin Q10-1
Add Pin To Net: Unknown Pin: Pin Q10-2
Add Pin To Net: Unknown Pin: Pin Q10-3
Add Pin To Net: Unknown Pin: Pin Q11-1
Add Pin To Net: Unknown Pin: Pin Q11-2
Add Pin To Net: Unknown Pin: Pin Q11-3
Add Pin To Net: Unknown Pin: Pin Q12-1
Add Pin To Net: Unknown Pin: Pin Q12-2
Add Pin To Net: Unknown Pin: Pin Q12-3
Add Pin To Net: Unknown Pin: Pin Q13-1
Add Pin To Net: Unknown Pin: Pin Q13-2
Add Pin To Net: Unknown Pin: Pin Q13-3
Add Pin To Net: Unknown Pin: Pin Q14-1
Add Pin To Net: Unknown Pin: Pin Q14-2
Add Pin To Net: Unknown Pin: Pin Q14-3
Add Pin To Net: Unknown Pin: Pin Q15-1
Add Pin To Net: Unknown Pin: Pin Q15-2
Add Pin To Net: Unknown Pin: Pin Q15-3
Add Pin To Net: Unknown Pin: Pin Q16-1
Add Pin To Net: Unknown Pin: Pin Q16-2
Add Pin To Net: Unknown Pin: Pin Q16-3
Add Pin To Net: Unknown Pin: Pin Q17-1
Add Pin To Net: Unknown Pin: Pin Q17-2
Add Pin To Net: Unknown Pin: Pin Q17-3
Add Pin To Net: Unknown Pin: Pin Q18-1
Add Pin To Net: Unknown Pin: Pin Q18-2
Add Pin To Net: Unknown Pin: Pin Q18-3
Add Pin To Net: Unknown Pin: Pin Q19-1
Add Pin To Net: Unknown Pin: Pin Q19-2
Add Pin To Net: Unknown Pin: Pin Q19-3
Add Pin To Net: Unknown Pin: Pin Q20-1
Add Pin To Net: Unknown Pin: Pin Q20-2
Add Pin To Net: Unknown Pin: Pin Q20-3
Add Pin To Net: Unknown Pin: Pin Q21-1
Add Pin To Net: Unknown Pin: Pin Q21-2
Add Pin To Net: Unknown Pin: Pin Q21-3
Add Pin To Net: Unknown Pin: Pin Q22-1
Add Pin To Net: Unknown Pin: Pin Q22-2
Add Pin To Net: Unknown Pin: Pin Q22-3
Add Pin To Net: Unknown Pin: Pin Q23-1
Add Pin To Net: Unknown Pin: Pin Q23-2
Add Pin To Net: Unknown Pin: Pin Q23-3
Add Pin To Net: Unknown Pin: Pin Q24-1
Add Pin To Net: Unknown Pin: Pin Q24-2
Add Pin To Net: Unknown Pin: Pin Q24-3
Add Pin To Net: Unknown Pin: Pin Q25-1
Add Pin To Net: Unknown Pin: Pin Q25-2
Add Pin To Net: Unknown Pin: Pin Q25-3
Add Pin To Net: Unknown Pin: Pin Q26-1
Add Pin To Net: Unknown Pin: Pin Q26-2
Add Pin To Net: Unknown Pin: Pin Q26-3
Add Pin To Net: Unknown Pin: Pin Q27-1
Add Pin To Net: Unknown Pin: Pin Q27-2
Add Pin To Net: Unknown Pin: Pin Q27-3
Add Pin To Net: Unknown Pin: Pin Q28-1
Add Pin To Net: Unknown Pin: Pin Q28-2
Add Pin To Net: Unknown Pin: Pin Q28-3
Add Pin To Net: Unknown Pin: Pin Q29-1
Add Pin To Net: Unknown Pin: Pin Q29-2
Add Pin To Net: Unknown Pin: Pin Q29-3
Add Pin To Net: Unknown Pin: Pin Q30-1
Add Pin To Net: Unknown Pin: Pin Q30-2
Add Pin To Net: Unknown Pin: Pin Q30-3
Add Pin To Net: Unknown Pin: Pin R1-1
Add Pin To Net: Unknown Pin: Pin R1-2
Add Pin To Net: Unknown Pin: Pin R2-1
Add Pin To Net: Unknown Pin: Pin R2-2
Add Pin To Net: Unknown Pin: Pin R3-1
Add Pin To Net: Unknown Pin: Pin R3-2
Add Pin To Net: Unknown Pin: Pin R4-1
Add Pin To Net: Unknown Pin: Pin R4-2
Add Pin To Net: Unknown Pin: Pin R5-1
Add Pin To Net: Unknown Pin: Pin R5-2
Add Pin To Net: Unknown Pin: Pin R6-1
Add Pin To Net: Unknown Pin: Pin R6-2
Add Pin To Net: Unknown Pin: Pin R7-1
Add Pin To Net: Unknown Pin: Pin R7-2
Add Pin To Net: Unknown Pin: Pin R8-1
Add Pin To Net: Unknown Pin: Pin R8-2
Add Pin To Net: Unknown Pin: Pin R9-1
Add Pin To Net: Unknown Pin: Pin R9-2
Add Pin To Net: Unknown Pin: Pin R10-1
Add Pin To Net: Unknown Pin: Pin R10-2
Add Pin To Net: Unknown Pin: Pin R11-1
Add Pin To Net: Unknown Pin: Pin R11-2
Add Pin To Net: Unknown Pin: Pin R12-1
Add Pin To Net: Unknown Pin: Pin R12-2
Add Pin To Net: Unknown Pin: Pin R13-1
Add Pin To Net: Unknown Pin: Pin R13-2
Add Pin To Net: Unknown Pin: Pin R14-1
Add Pin To Net: Unknown Pin: Pin R14-2
Add Pin To Net: Unknown Pin: Pin R15-1
Add Pin To Net: Unknown Pin: Pin R15-2
Add Pin To Net: Unknown Pin: Pin R16-1
Add Pin To Net: Unknown Pin: Pin R16-2
Add Pin To Net: Unknown Pin: Pin R17-1
Add Pin To Net: Unknown Pin: Pin R17-2
Add Pin To Net: Unknown Pin: Pin R18-1
Add Pin To Net: Unknown Pin: Pin R18-2
Add Pin To Net: Unknown Pin: Pin R19-1
Add Pin To Net: Unknown Pin: Pin R19-2
Add Pin To Net: Unknown Pin: Pin R20-1
Add Pin To Net: Unknown Pin: Pin R20-2
Add Pin To Net: Unknown Pin: Pin R21-1
Add Pin To Net: Unknown Pin: Pin R21-2
Add Pin To Net: Unknown Pin: Pin R22-1
Add Pin To Net: Unknown Pin: Pin R22-2
Add Pin To Net: Unknown Pin: Pin R23-1
Add Pin To Net: Unknown Pin: Pin R23-2
Add Pin To Net: Unknown Pin: Pin R24-1
Add Pin To Net: Unknown Pin: Pin R24-2
Add Pin To Net: Unknown Pin: Pin R25-1
Add Pin To Net: Unknown Pin: Pin R25-2
Add Pin To Net: Unknown Pin: Pin R26-1
Add Pin To Net: Unknown Pin: Pin R26-2
Add Pin To Net: Unknown Pin: Pin R27-1
Add Pin To Net: Unknown Pin: Pin R27-2
Add Pin To Net: Unknown Pin: Pin R28-1
Add Pin To Net: Unknown Pin: Pin R28-2
Add Pin To Net: Unknown Pin: Pin R29-1
Add Pin To Net: Unknown Pin: Pin R29-2
Add Pin To Net: Unknown Pin: Pin R30-1
Add Pin To Net: Unknown Pin: Pin R30-2
Add Pin To Net: Unknown Pin: Pin R31-1
Add Pin To Net: Unknown Pin: Pin R31-2
Add Pin To Net: Unknown Pin: Pin R32-1
Add Pin To Net: Unknown Pin: Pin R32-2
Add Pin To Net: Unknown Pin: Pin R33-1
Add Pin To Net: Unknown Pin: Pin R33-2
Add Pin To Net: Unknown Pin: Pin R34-1
Add Pin To Net: Unknown Pin: Pin R34-2
Add Pin To Net: Unknown Pin: Pin R35-1
Add Pin To Net: Unknown Pin: Pin R35-2
Add Pin To Net: Unknown Pin: Pin R36-1
Add Pin To Net: Unknown Pin: Pin R36-2
Add Pin To Net: Unknown Pin: Pin R37-1
Add Pin To Net: Unknown Pin: Pin R37-2
Add Pin To Net: Unknown Pin: Pin R38-1
Add Pin To Net: Unknown Pin: Pin R38-2
Add Pin To Net: Unknown Pin: Pin R39-1
Add Pin To Net: Unknown Pin: Pin R39-2
Add Pin To Net: Unknown Pin: Pin R40-1
Add Pin To Net: Unknown Pin: Pin R40-2
Add Pin To Net: Unknown Pin: Pin R41-1
Add Pin To Net: Unknown Pin: Pin R41-2
Add Pin To Net: Unknown Pin: Pin R42-1
Add Pin To Net: Unknown Pin: Pin R42-2
Add Pin To Net: Unknown Pin: Pin R43-1
Add Pin To Net: Unknown Pin: Pin R43-2
Add Pin To Net: Unknown Pin: Pin R44-1
Add Pin To Net: Unknown Pin: Pin R44-2
Add Pin To Net: Unknown Pin: Pin R45-1
Add Pin To Net: Unknown Pin: Pin R45-2
Add Pin To Net: Unknown Pin: Pin R46-1
Add Pin To Net: Unknown Pin: Pin R46-2
Add Pin To Net: Unknown Pin: Pin R47-1
Add Pin To Net: Unknown Pin: Pin R47-2
Add Pin To Net: Unknown Pin: Pin R48-1
Add Pin To Net: Unknown Pin: Pin R48-2
Add Pin To Net: Unknown Pin: Pin R49-1
Add Pin To Net: Unknown Pin: Pin R49-2
Add Pin To Net: Unknown Pin: Pin R50-1
Add Pin To Net: Unknown Pin: Pin R50-2
Add Pin To Net: Unknown Pin: Pin R51-1
Add Pin To Net: Unknown Pin: Pin R51-2
Add Pin To Net: Unknown Pin: Pin R52-1
Add Pin To Net: Unknown Pin: Pin R52-2
Add Pin To Net: Unknown Pin: Pin R53-1
Add Pin To Net: Unknown Pin: Pin R53-2
Add Pin To Net: Unknown Pin: Pin R54-1
Add Pin To Net: Unknown Pin: Pin R54-2
Add Pin To Net: Unknown Pin: Pin R55-1
Add Pin To Net: Unknown Pin: Pin R55-2
Add Pin To Net: Unknown Pin: Pin R56-1
Add Pin To Net: Unknown Pin: Pin R56-2
Add Pin To Net: Unknown Pin: Pin R57-1
Add Pin To Net: Unknown Pin: Pin R57-2
Add Pin To Net: Unknown Pin: Pin R58-1
Add Pin To Net: Unknown Pin: Pin R58-2
Add Pin To Net: Unknown Pin: Pin R59-1
Add Pin To Net: Unknown Pin: Pin R59-2
Add Pin To Net: Unknown Pin: Pin R60-1
Add Pin To Net: Unknown Pin: Pin R60-2
Add Pin To Net: Unknown Pin: Pin R61-1
Add Pin To Net: Unknown Pin: Pin R61-2
Add Pin To Net: Unknown Pin: Pin R62-1
Add Pin To Net: Unknown Pin: Pin R62-2
Add Pin To Net: Unknown Pin: Pin R63-1
Add Pin To Net: Unknown Pin: Pin R63-2
Add Pin To Net: Unknown Pin: Pin R64-1
Add Pin To Net: Unknown Pin: Pin R64-2
Add Pin To Net: Unknown Pin: Pin R65-1
Add Pin To Net: Unknown Pin: Pin R65-2
Add Pin To Net: Unknown Pin: Pin R66-1
Add Pin To Net: Unknown Pin: Pin R66-2
Add Pin To Net: Unknown Pin: Pin R67-1
Add Pin To Net: Unknown Pin: Pin R67-2
Add Pin To Net: Unknown Pin: Pin R68-1
Add Pin To Net: Unknown Pin: Pin R68-2
Add Pin To Net: Unknown Pin: Pin R69-1
Add Pin To Net: Unknown Pin: Pin R69-2
Add Pin To Net: Unknown Pin: Pin R70-1
Add Pin To Net: Unknown Pin: Pin R70-2
Add Pin To Net: Unknown Pin: Pin R71-1
Add Pin To Net: Unknown Pin: Pin R71-2
Add Pin To Net: Unknown Pin: Pin R72-1
Add Pin To Net: Unknown Pin: Pin R72-2
Add Pin To Net: Unknown Pin: Pin R73-1
Add Pin To Net: Unknown Pin: Pin R73-2
Add Pin To Net: Unknown Pin: Pin R74-1
Add Pin To Net: Unknown Pin: Pin R74-2
Add Pin To Net: Unknown Pin: Pin R75-1
Add Pin To Net: Unknown Pin: Pin R75-2
Add Pin To Net: Unknown Pin: Pin R76-1
Add Pin To Net: Unknown Pin: Pin R76-2
Add Pin To Net: Unknown Pin: Pin R77-1
Add Pin To Net: Unknown Pin: Pin R77-2
Add Pin To Net: Unknown Pin: Pin R78-1
Add Pin To Net: Unknown Pin: Pin R78-2
Add Pin To Net: Unknown Pin: Pin R79-1
Add Pin To Net: Unknown Pin: Pin R79-2
Add Pin To Net: Unknown Pin: Pin R80-1
Add Pin To Net: Unknown Pin: Pin R80-2
Add Pin To Net: Unknown Pin: Pin R81-1
Add Pin To Net: Unknown Pin: Pin R81-2
Add Pin To Net: Unknown Pin: Pin R82-1
Add Pin To Net: Unknown Pin: Pin R82-2
Add Pin To Net: Unknown Pin: Pin R83-1
Add Pin To Net: Unknown Pin: Pin R83-2
Add Pin To Net: Unknown Pin: Pin R84-1
Add Pin To Net: Unknown Pin: Pin R84-2
Add Pin To Net: Unknown Pin: Pin R85-1
Add Pin To Net: Unknown Pin: Pin R85-2
Add Pin To Net: Unknown Pin: Pin R86-1
Add Pin To Net: Unknown Pin: Pin R86-2
Add Pin To Net: Unknown Pin: Pin R87-1
Add Pin To Net: Unknown Pin: Pin R87-2
Add Pin To Net: Unknown Pin: Pin R88-1
Add Pin To Net: Unknown Pin: Pin R88-2
Add Pin To Net: Unknown Pin: Pin R89-1
Add Pin To Net: Unknown Pin: Pin R89-2
Add Pin To Net: Unknown Pin: Pin R90-1
Add Pin To Net: Unknown Pin: Pin R90-2
Add Pin To Net: Unknown Pin: Pin R91-1
Add Pin To Net: Unknown Pin: Pin R91-2
Add Pin To Net: Unknown Pin: Pin R92-1
Add Pin To Net: Unknown Pin: Pin R92-2
Add Pin To Net: Unknown Pin: Pin R93-1
Add Pin To Net: Unknown Pin: Pin R93-2
Add Pin To Net: Unknown Pin: Pin R94-1
Add Pin To Net: Unknown Pin: Pin R94-2
Add Pin To Net: Unknown Pin: Pin R95-1
Add Pin To Net: Unknown Pin: Pin R95-2
Add Pin To Net: Unknown Pin: Pin R96-1
Add Pin To Net: Unknown Pin: Pin R96-2
Add Pin To Net: Unknown Pin: Pin R97-1
Add Pin To Net: Unknown Pin: Pin R97-2
Add Pin To Net: Unknown Pin: Pin R98-1
Add Pin To Net: Unknown Pin: Pin R98-2
Add Pin To Net: Unknown Pin: Pin R99-1
Add Pin To Net: Unknown Pin: Pin R99-2
Add Pin To Net: Unknown Pin: Pin R100-1
Add Pin To Net: Unknown Pin: Pin R100-2
Add Pin To Net: Unknown Pin: Pin R101-1
Add Pin To Net: Unknown Pin: Pin R101-2
Add Pin To Net: Unknown Pin: Pin R102-1
Add Pin To Net: Unknown Pin: Pin R102-2
Add Pin To Net: Unknown Pin: Pin R103-1
Add Pin To Net: Unknown Pin: Pin R103-2
Add Pin To Net: Unknown Pin: Pin R104-1
Add Pin To Net: Unknown Pin: Pin R104-2
Add Pin To Net: Unknown Pin: Pin R105-1
Add Pin To Net: Unknown Pin: Pin R105-2
Add Pin To Net: Unknown Pin: Pin R106-1
Add Pin To Net: Unknown Pin: Pin R106-2
Add Pin To Net: Unknown Pin: Pin R107-1
Add Pin To Net: Unknown Pin: Pin R107-2
Add Pin To Net: Unknown Pin: Pin R108-1
Add Pin To Net: Unknown Pin: Pin R108-2
Add Pin To Net: Unknown Pin: Pin R109-1
Add Pin To Net: Unknown Pin: Pin R109-2
Add Pin To Net: Unknown Pin: Pin R110-1
Add Pin To Net: Unknown Pin: Pin R110-2
Add Pin To Net: Unknown Pin: Pin R111-1
Add Pin To Net: Unknown Pin: Pin R111-2
Add Pin To Net: Unknown Pin: Pin R112-1
Add Pin To Net: Unknown Pin: Pin R112-2
Add Pin To Net: Unknown Pin: Pin R113-1
Add Pin To Net: Unknown Pin: Pin R113-2
Add Pin To Net: Unknown Pin: Pin R114-1
Add Pin To Net: Unknown Pin: Pin R114-2
Add Pin To Net: Unknown Pin: Pin R115-1
Add Pin To Net: Unknown Pin: Pin R115-2
Add Pin To Net: Unknown Pin: Pin R116-1
Add Pin To Net: Unknown Pin: Pin R116-2
Add Pin To Net: Unknown Pin: Pin R117-1
Add Pin To Net: Unknown Pin: Pin R117-2
Add Pin To Net: Unknown Pin: Pin R118-1
Add Pin To Net: Unknown Pin: Pin R118-2
Add Pin To Net: Unknown Pin: Pin R119-1
Add Pin To Net: Unknown Pin: Pin R119-2
Add Pin To Net: Unknown Pin: Pin R120-1
Add Pin To Net: Unknown Pin: Pin R120-2
Add Pin To Net: Unknown Pin: Pin SW1-1
Add Pin To Net: Unknown Pin: Pin SW1-2
Add Pin To Net: Unknown Pin: Pin SW1-3
Add Pin To Net: Unknown Pin: Pin SW1-4
Add Pin To Net: Unknown Pin: Pin SW1-5
Add Pin To Net: Unknown Pin: Pin SW1-SH1
Add Pin To Net: Unknown Pin: Pin SW1-SH2
Add Pin To Net: Unknown Pin: Pin U1-1
Add Pin To Net: Unknown Pin: Pin U1-3
Add Pin To Net: Unknown Pin: Pin U1-4
Add Pin To Net: Unknown Pin: Pin U2-1
Add Pin To Net: Unknown Pin: Pin U2-3
Add Pin To Net: Unknown Pin: Pin U2-4
Add Pin To Net: Unknown Pin: Pin U3-1
Add Pin To Net: Unknown Pin: Pin U3-2
Add Pin To Net: Unknown Pin: Pin U3-3
Add Pin To Net: Unknown Pin: Pin U3-4
Add Pin To Net: Unknown Pin: Pin U3-6
Add Pin To Net: Unknown Pin: Pin U3-7
Add Pin To Net: Unknown Pin: Pin U3-8
Add Pin To Net: Unknown Pin: Pin U3-9
Add Pin To Net: Unknown Pin: Pin U3-10
Add Pin To Net: Unknown Pin: Pin U3-11
Add Pin To Net: Unknown Pin: Pin U3-12
Add Pin To Net: Unknown Pin: Pin U3-13
Add Pin To Net: Unknown Pin: Pin U3-14
Add Pin To Net: Unknown Pin: Pin U3-15
Add Pin To Net: Unknown Pin: Pin U3-16
Add Pin To Net: Unknown Pin: Pin U3-17
Add Pin To Net: Unknown Pin: Pin U3-18
Add Pin To Net: Unknown Pin: Pin U3-19
Add Pin To Net: Unknown Pin: Pin U3-20
Add Pin To Net: Unknown Pin: Pin U3-21
Add Pin To Net: Unknown Pin: Pin U3-22
Add Pin To Net: Unknown Pin: Pin U3-23
Add Pin To Net: Unknown Pin: Pin U3-24
Add Pin To Net: Unknown Pin: Pin U3-25
Add Pin To Net: Unknown Pin: Pin U3-26
Add Pin To Net: Unknown Pin: Pin U3-27
Add Pin To Net: Unknown Pin: Pin U3-28
Add Pin To Net: Unknown Pin: Pin U3-29
Add Pin To Net: Unknown Pin: Pin U3-30
Add Pin To Net: Unknown Pin: Pin U3-31
Add Pin To Net: Unknown Pin: Pin U3-32
Add Pin To Net: Unknown Pin: Pin U3-33
Add Pin To Net: Unknown Pin: Pin U3-34
Add Pin To Net: Unknown Pin: Pin U3-35
Add Pin To Net: Unknown Pin: Pin U3-36
Add Pin To Net: Unknown Pin: Pin U3-37
Add Pin To Net: Unknown Pin: Pin U3-38
Add Pin To Net: Unknown Pin: Pin U3-39
Add Pin To Net: Unknown Pin: Pin U3-40
Add Pin To Net: Unknown Pin: Pin U3-41
Add Pin To Net: Unknown Pin: Pin U3-42
Add Pin To Net: Unknown Pin: Pin U3-43
Add Pin To Net: Unknown Pin: Pin U3-44
Add Pin To Net: Unknown Pin: Pin U3-45
Add Pin To Net: Unknown Pin: Pin U3-46
Add Pin To Net: Unknown Pin: Pin U3-47
Add Pin To Net: Unknown Pin: Pin U3-48
Add Pin To Net: Unknown Pin: Pin U3-49
Add Pin To Net: Unknown Pin: Pin U3-50
Add Pin To Net: Unknown Pin: Pin U3-51
Add Pin To Net: Unknown Pin: Pin U3-52
Add Pin To Net: Unknown Pin: Pin U3-53
Add Pin To Net: Unknown Pin: Pin U3-54
Add Pin To Net: Unknown Pin: Pin U3-55
Add Pin To Net: Unknown Pin: Pin U3-56
Add Pin To Net: Unknown Pin: Pin U3-57
Add Pin To Net: Unknown Pin: Pin U3-58
Add Pin To Net: Unknown Pin: Pin U3-59
Add Pin To Net: Unknown Pin: Pin U3-60
Add Pin To Net: Unknown Pin: Pin U3-61
Add Pin To Net: Unknown Pin: Pin U3-62
Add Pin To Net: Unknown Pin: Pin U3-63
Add Pin To Net: Unknown Pin: Pin U3-64
Add Pin To Net: Unknown Pin: Pin U4-1
Add Pin To Net: Unknown Pin: Pin U4-2
Add Pin To Net: Unknown Pin: Pin U4-3
Add Pin To Net: Unknown Pin: Pin U4-4
Add Pin To Net: Unknown Pin: Pin U4-5
Add Pin To Net: Unknown Pin: Pin U4-6
Add Pin To Net: Unknown Pin: Pin U4-7
Add Pin To Net: Unknown Pin: Pin U4-8
Add Pin To Net: Unknown Pin: Pin U4-9
Add Pin To Net: Unknown Pin: Pin U4-10
Add Pin To Net: Unknown Pin: Pin U4-11
Add Pin To Net: Unknown Pin: Pin U4-12
Add Pin To Net: Unknown Pin: Pin U4-13
Add Pin To Net: Unknown Pin: Pin U4-14
Add Pin To Net: Unknown Pin: Pin U4-15
Add Pin To Net: Unknown Pin: Pin U4-16
Add Pin To Net: Unknown Pin: Pin U5-1
Add Pin To Net: Unknown Pin: Pin U5-2
Add Pin To Net: Unknown Pin: Pin U5-3
Add Pin To Net: Unknown Pin: Pin U5-4
Add Pin To Net: Unknown Pin: Pin U6-1
Add Pin To Net: Unknown Pin: Pin U6-2
Add Pin To Net: Unknown Pin: Pin U6-3
Add Pin To Net: Unknown Pin: Pin U6-4
Add Pin To Net: Unknown Pin: Pin U7-1
Add Pin To Net: Unknown Pin: Pin U7-2
Add Pin To Net: Unknown Pin: Pin U7-3
Add Pin To Net: Unknown Pin: Pin U7-4
Add Pin To Net: Unknown Pin: Pin U8-1
Add Pin To Net: Unknown Pin: Pin U8-2
Add Pin To Net: Unknown Pin: Pin U8-3
Add Pin To Net: Unknown Pin: Pin U8-4
Add Pin To Net: Unknown Pin: Pin U9-1
Add Pin To Net: Unknown Pin: Pin U9-2
Add Pin To Net: Unknown Pin: Pin U9-3
Add Pin To Net: Unknown Pin: Pin U9-4
Add Pin To Net: Unknown Pin: Pin U10-1
Add Pin To Net: Unknown Pin: Pin U10-2
Add Pin To Net: Unknown Pin: Pin U10-3
Add Pin To Net: Unknown Pin: Pin U10-4
Add Pin To Net: Unknown Pin: Pin U11-1
Add Pin To Net: Unknown Pin: Pin U11-2
Add Pin To Net: Unknown Pin: Pin U11-3
Add Pin To Net: Unknown Pin: Pin U11-4
Add Pin To Net: Unknown Pin: Pin U12-1
Add Pin To Net: Unknown Pin: Pin U12-2
Add Pin To Net: Unknown Pin: Pin U12-3
Add Pin To Net: Unknown Pin: Pin U12-4
Add Pin To Net: Unknown Pin: Pin U13-1
Add Pin To Net: Unknown Pin: Pin U13-2
Add Pin To Net: Unknown Pin: Pin U13-3
Add Pin To Net: Unknown Pin: Pin U13-4
Add Pin To Net: Unknown Pin: Pin U13-5
Add Pin To Net: Unknown Pin: Pin U13-6
Add Pin To Net: Unknown Pin: Pin U13-7
Add Pin To Net: Unknown Pin: Pin U13-8
Add Pin To Net: Unknown Pin: Pin U13-9
Add Pin To Net: Unknown Pin: Pin U13-10
Add Pin To Net: Unknown Pin: Pin U13-11
Add Pin To Net: Unknown Pin: Pin U13-12
Add Pin To Net: Unknown Pin: Pin U13-13
Add Pin To Net: Unknown Pin: Pin U13-14
Add Pin To Net: Unknown Pin: Pin U13-15
Add Pin To Net: Unknown Pin: Pin U13-16
Add Pin To Net: Unknown Pin: Pin Y1-1
Add Pin To Net: Unknown Pin: Pin Y1-2
Add Class Member: Failed to add class member : Component *1 mp 1584 12v
Add Class Member: Failed to add class member : Component 1 3way jumper
Add Class Member: Failed to add class member : Component 2 3way jumper
Add Class Member: Failed to add class member : Component C1 470uF-16v-polymer
Add Class Member: Failed to add class member : Component C2 470uF-16v-polymer
Add Class Member: Failed to add class member : Component C3 470uF-16v-polymer
Add Class Member: Failed to add class member : Component C4 1nF-1206
Add Class Member: Failed to add class member : Component C5 470uF-6.3v-polymer
Add Class Member: Failed to add class member : Component C6 22pf-1206
Add Class Member: Failed to add class member : Component C7 22pf-1206
Add Class Member: Failed to add class member : Component C8 1uf-1206
Add Class Member: Failed to add class member : Component C9 1uf-1206
Add Class Member: Failed to add class member : Component C10 1uf-1206
Add Class Member: Failed to add class member : Component C11 1uf-1206
Add Class Member: Failed to add class member : Component C12 22nf -0805
Add Class Member: Failed to add class member : Component C13 100uF-50v-polymer
Add Class Member: Failed to add class member : Component C14 100nf -0805
Add Class Member: Failed to add class member : Component C15 100nf -0805
Add Class Member: Failed to add class member : Component C16 22nf -0805
Add Class Member: Failed to add class member : Component C17 1uf-1206
Add Class Member: Failed to add class member : Component C18 1uf-1206
Add Class Member: Failed to add class member : Component C19 1uf-1206
Add Class Member: Failed to add class member : Component C20 1uf-1206
Add Class Member: Failed to add class member : Component C21 1uf-1206
Add Class Member: Failed to add class member : Component C22 1uf-1206
Add Class Member: Failed to add class member : Component C23 1uf-1206
Add Class Member: Failed to add class member : Component C24 1uf-1206
Add Class Member: Failed to add class member : Component C25 22nf -0805
Add Class Member: Failed to add class member : Component C26 100uF-50v-polymer
Add Class Member: Failed to add class member : Component C27 100nf -0805
Add Class Member: Failed to add class member : Component C28 100nf -0805
Add Class Member: Failed to add class member : Component C29 22nf -0805
Add Class Member: Failed to add class member : Component D1 led-red-1206
Add Class Member: Failed to add class member : Component D2 1N4007-SMA
Add Class Member: Failed to add class member : Component D3 1N4007-SMA
Add Class Member: Failed to add class member : Component D4 led-red-1206
Add Class Member: Failed to add class member : Component D5 led-red-1206
Add Class Member: Failed to add class member : Component D6 led-red-1206
Add Class Member: Failed to add class member : Component D7 led-red-1206
Add Class Member: Failed to add class member : Component D8 led-red-1206
Add Class Member: Failed to add class member : Component D9 led-red-1206
Add Class Member: Failed to add class member : Component D10 led-red-1206
Add Class Member: Failed to add class member : Component D11 led-red-1206
Add Class Member: Failed to add class member : Component D12 led-red-1206
Add Class Member: Failed to add class member : Component D13 led-red-1206
Add Class Member: Failed to add class member : Component D14 led-red-1206
Add Class Member: Failed to add class member : Component D15 led-red-1206
Add Class Member: Failed to add class member : Component D16 led-red-1206
Add Class Member: Failed to add class member : Component D17 led-red-1206
Add Class Member: Failed to add class member : Component D18 led-red-1206
Add Class Member: Failed to add class member : Component D19 led-red-1206
Add Class Member: Failed to add class member : Component D20 led-red-1206
Add Class Member: Failed to add class member : Component D21 led-red-1206
Add Class Member: Failed to add class member : Component D22 led-red-1206
Add Class Member: Failed to add class member : Component D23 led-red-1206
Add Class Member: Failed to add class member : Component D24 led-red-1206
Add Class Member: Failed to add class member : Component D25 led-red-1206
Add Class Member: Failed to add class member : Component D26 led-red-1206
Add Class Member: Failed to add class member : Component D27 led-red-1206
Add Class Member: Failed to add class member : Component D28 1N4007-SMA
Add Class Member: Failed to add class member : Component D29 1N4007-SMA
Add Class Member: Failed to add class member : Component EEPROM1 Component_1
Add Class Member: Failed to add class member : Component fuse 1 car fuse
Add Class Member: Failed to add class member : Component J1 phoenix-5.08mm-2pos
Add Class Member: Failed to add class member : Component J2 MTSW-104-24-G-S-230
Add Class Member: Failed to add class member : Component J3 MTSW-104-24-G-S-230
Add Class Member: Failed to add class member : Component J4 phoenix-5.08mm-3pos
Add Class Member: Failed to add class member : Component J5 phoenix-5.08mm-2pos
Add Class Member: Failed to add class member : Component J6 phoenix-5.08mm-2pos
Add Class Member: Failed to add class member : Component J7 phoenix-5.08mm-2pos
Add Class Member: Failed to add class member : Component J8 phoenix-5.08mm-2pos
Add Class Member: Failed to add class member : Component J9 phoenix-5.08mm-2pos
Add Class Member: Failed to add class member : Component J10 phoenix-5.08mm-2pos
Add Class Member: Failed to add class member : Component J11 phoenix-5.08mm-2pos
Add Class Member: Failed to add class member : Component J12 phoenix-5.08mm-2pos
Add Class Member: Failed to add class member : Component J13 phoenix-5.08mm-3pos
Add Class Member: Failed to add class member : Component K1 RELAY_SPDT
Add Class Member: Failed to add class member : Component K2 RELAY_SPDT
Add Class Member: Failed to add class member : Component K3 RELAY_SPDT
Add Class Member: Failed to add class member : Component K4 RELAY_SPDT
Add Class Member: Failed to add class member : Component P1 phoenix-3.81mm-2pos
Add Class Member: Failed to add class member : Component P2 phoenix-3.81mm-2pos
Add Class Member: Failed to add class member : Component P3 phoenix-3.81mm-2pos
Add Class Member: Failed to add class member : Component P4 phoenix-3.81mm-2pos
Add Class Member: Failed to add class member : Component P5 phoenix-3.81mm-2pos
Add Class Member: Failed to add class member : Component P6 phoenix-3.81mm-2pos
Add Class Member: Failed to add class member : Component P7 phoenix-3.81mm-2pos
Add Class Member: Failed to add class member : Component P8 phoenix-3.81mm-2pos
Add Class Member: Failed to add class member : Component P9 phoenix-3.81mm-2pos
Add Class Member: Failed to add class member : Component P10 phoenix-3.81mm-2pos
Add Class Member: Failed to add class member : Component P11 phoenix-3.81mm-2pos
Add Class Member: Failed to add class member : Component P12 phoenix-3.81mm-2pos
Add Class Member: Failed to add class member : Component P13 phoenix-3.81mm-2pos
Add Class Member: Failed to add class member : Component Q1 2N7002
Add Class Member: Failed to add class member : Component Q2 2N7002
Add Class Member: Failed to add class member : Component Q3 2N7002
Add Class Member: Failed to add class member : Component Q4 2N7002
Add Class Member: Failed to add class member : Component Q5 SS8050
Add Class Member: Failed to add class member : Component Q6 SS8050
Add Class Member: Failed to add class member : Component Q7 SS8050
Add Class Member: Failed to add class member : Component Q8 SS8050
Add Class Member: Failed to add class member : Component Q9 SS8050
Add Class Member: Failed to add class member : Component Q10 SS8050
Add Class Member: Failed to add class member : Component Q11 SS8050
Add Class Member: Failed to add class member : Component Q12 SS8050
Add Class Member: Failed to add class member : Component Q13 SS8050
Add Class Member: Failed to add class member : Component Q14 SS8050
Add Class Member: Failed to add class member : Component Q15 SS8050
Add Class Member: Failed to add class member : Component Q16 SS8050
Add Class Member: Failed to add class member : Component Q17 SS8050
Add Class Member: Failed to add class member : Component Q18 SS8050
Add Class Member: Failed to add class member : Component Q19 SS8050
Add Class Member: Failed to add class member : Component Q20 SS8050
Add Class Member: Failed to add class member : Component Q21 SS8050
Add Class Member: Failed to add class member : Component Q22 SS8050
Add Class Member: Failed to add class member : Component Q23 2N7002
Add Class Member: Failed to add class member : Component Q24 2N7002
Add Class Member: Failed to add class member : Component Q25 2N7002
Add Class Member: Failed to add class member : Component Q26 2N7002
Add Class Member: Failed to add class member : Component Q27 2N7002
Add Class Member: Failed to add class member : Component Q28 2N7002
Add Class Member: Failed to add class member : Component Q29 SS8050
Add Class Member: Failed to add class member : Component Q30 SS8050
Add Class Member: Failed to add class member : Component R1 4.7k-1206
Add Class Member: Failed to add class member : Component R2 220k-1206
Add Class Member: Failed to add class member : Component R3 22k-1206
Add Class Member: Failed to add class member : Component R4 4.7k-1206
Add Class Member: Failed to add class member : Component R5 4.7k-1206
Add Class Member: Failed to add class member : Component R6 4.7k -0805
Add Class Member: Failed to add class member : Component R7 4.7k -0805
Add Class Member: Failed to add class member : Component R8 4.7k-1206
Add Class Member: Failed to add class member : Component R9 4.7k-1206
Add Class Member: Failed to add class member : Component R10 4.7k-1206
Add Class Member: Failed to add class member : Component R11 4.7k-1206
Add Class Member: Failed to add class member : Component R12 0 ohm-0805
Add Class Member: Failed to add class member : Component R13 0 ohm-0805
Add Class Member: Failed to add class member : Component R14 IPROPI1
Add Class Member: Failed to add class member : Component R15 4.7k -0805
Add Class Member: Failed to add class member : Component R16 4.7k-1206
Add Class Member: Failed to add class member : Component R17 4.7k-1206
Add Class Member: Failed to add class member : Component R18 4.7k-1206
Add Class Member: Failed to add class member : Component R19 4.7k-1206
Add Class Member: Failed to add class member : Component R20 4.7k-1206
Add Class Member: Failed to add class member : Component R21 4.7k-1206
Add Class Member: Failed to add class member : Component R22 300 ohm-1206
Add Class Member: Failed to add class member : Component R23 300 ohm-1206
Add Class Member: Failed to add class member : Component R24 300 ohm-1206
Add Class Member: Failed to add class member : Component R25 300 ohm-1206
Add Class Member: Failed to add class member : Component R26 300 ohm-1206
Add Class Member: Failed to add class member : Component R27 300 ohm-1206
Add Class Member: Failed to add class member : Component R28 300 ohm-1206
Add Class Member: Failed to add class member : Component R29 300 ohm-1206
Add Class Member: Failed to add class member : Component R30 4.7k-1206
Add Class Member: Failed to add class member : Component R31 4.7k-1206
Add Class Member: Failed to add class member : Component R32 4.7k-1206
Add Class Member: Failed to add class member : Component R33 4.7k-1206
Add Class Member: Failed to add class member : Component R34 4.7k-1206
Add Class Member: Failed to add class member : Component R35 4.7k-1206
Add Class Member: Failed to add class member : Component R36 4.7k-1206
Add Class Member: Failed to add class member : Component R37 4.7k-1206
Add Class Member: Failed to add class member : Component R38 300 ohm-1206
Add Class Member: Failed to add class member : Component R39 300 ohm-1206
Add Class Member: Failed to add class member : Component R40 300 ohm-1206
Add Class Member: Failed to add class member : Component R41 300 ohm-1206
Add Class Member: Failed to add class member : Component R42 300 ohm-1206
Add Class Member: Failed to add class member : Component R43 300 ohm-1206
Add Class Member: Failed to add class member : Component R44 300 ohm-1206
Add Class Member: Failed to add class member : Component R45 300 ohm-1206
Add Class Member: Failed to add class member : Component R46 4.7k-1206
Add Class Member: Failed to add class member : Component R47 4.7k-1206
Add Class Member: Failed to add class member : Component R48 4.7k-1206
Add Class Member: Failed to add class member : Component R49 4.7k-1206
Add Class Member: Failed to add class member : Component R50 4.7k-1206
Add Class Member: Failed to add class member : Component R51 4.7k-1206
Add Class Member: Failed to add class member : Component R52 4.7k-1206
Add Class Member: Failed to add class member : Component R53 4.7k-1206
Add Class Member: Failed to add class member : Component R54 4.7k-1206
Add Class Member: Failed to add class member : Component R55 4.7k-1206
Add Class Member: Failed to add class member : Component R56 4.7k-1206
Add Class Member: Failed to add class member : Component R57 4.7k-1206
Add Class Member: Failed to add class member : Component R58 4.7k-1206
Add Class Member: Failed to add class member : Component R59 10k-2512
Add Class Member: Failed to add class member : Component R60 10k-2512
Add Class Member: Failed to add class member : Component R61 10k-2512
Add Class Member: Failed to add class member : Component R62 10k-2512
Add Class Member: Failed to add class member : Component R63 10k-2512
Add Class Member: Failed to add class member : Component R64 10k-2512
Add Class Member: Failed to add class member : Component R65 10k-2512
Add Class Member: Failed to add class member : Component R66 10k-2512
Add Class Member: Failed to add class member : Component R67 300 ohm-1206
Add Class Member: Failed to add class member : Component R68 300 ohm-1206
Add Class Member: Failed to add class member : Component R69 4.7k-1206
Add Class Member: Failed to add class member : Component R70 4.7k-1206
Add Class Member: Failed to add class member : Component R71 10k-2512
Add Class Member: Failed to add class member : Component R72 10k-2512
Add Class Member: Failed to add class member : Component R73 10k-2512
Add Class Member: Failed to add class member : Component R74 10k-2512
Add Class Member: Failed to add class member : Component R75 10k-2512
Add Class Member: Failed to add class member : Component R76 10k-2512
Add Class Member: Failed to add class member : Component R77 10k-2512
Add Class Member: Failed to add class member : Component R78 10k-2512
Add Class Member: Failed to add class member : Component R79 300 ohm-1206
Add Class Member: Failed to add class member : Component R80 300 ohm-1206
Add Class Member: Failed to add class member : Component R81 4.7k-1206
Add Class Member: Failed to add class member : Component R82 4.7k-1206
Add Class Member: Failed to add class member : Component R83 10k-2512
Add Class Member: Failed to add class member : Component R84 10k-2512
Add Class Member: Failed to add class member : Component R85 10k-2512
Add Class Member: Failed to add class member : Component R86 10k-2512
Add Class Member: Failed to add class member : Component R87 10k-2512
Add Class Member: Failed to add class member : Component R88 10k-2512
Add Class Member: Failed to add class member : Component R89 10k-2512
Add Class Member: Failed to add class member : Component R90 10k-2512
Add Class Member: Failed to add class member : Component R91 300 ohm-1206
Add Class Member: Failed to add class member : Component R92 300 ohm-1206
Add Class Member: Failed to add class member : Component R93 4.7k-1206
Add Class Member: Failed to add class member : Component R94 4.7k-1206
Add Class Member: Failed to add class member : Component R95 10k-2512
Add Class Member: Failed to add class member : Component R96 10k-2512
Add Class Member: Failed to add class member : Component R97 10k-2512
Add Class Member: Failed to add class member : Component R98 10k-2512
Add Class Member: Failed to add class member : Component R99 10k-2512
Add Class Member: Failed to add class member : Component R100 10k-2512
Add Class Member: Failed to add class member : Component R101 10k-2512
Add Class Member: Failed to add class member : Component R102 10k-2512
Add Class Member: Failed to add class member : Component R103 300 ohm-1206
Add Class Member: Failed to add class member : Component R104 300 ohm-1206
Add Class Member: Failed to add class member : Component R105 4.7k-1206
Add Class Member: Failed to add class member : Component R106 4.7k-1206
Add Class Member: Failed to add class member : Component R107 4.7k-1206
Add Class Member: Failed to add class member : Component R108 4.7k-1206
Add Class Member: Failed to add class member : Component R109 4.7k-1206
Add Class Member: Failed to add class member : Component R110 4.7k-1206
Add Class Member: Failed to add class member : Component R111 0 ohm-0805
Add Class Member: Failed to add class member : Component R112 0 ohm-0805
Add Class Member: Failed to add class member : Component R113 IPROPI1
Add Class Member: Failed to add class member : Component R114 4.7k -0805
Add Class Member: Failed to add class member : Component R115 4.7k-1206
Add Class Member: Failed to add class member : Component R116 4.7k-1206
Add Class Member: Failed to add class member : Component R117 4.7k-1206
Add Class Member: Failed to add class member : Component R118 4.7k-1206
Add Class Member: Failed to add class member : Component R119 4.7k-1206
Add Class Member: Failed to add class member : Component R120 4.7k-1206
Add Class Member: Failed to add class member : Component SW1 RotaryEncoderSwitch
Add Class Member: Failed to add class member : Component U1 LF50
Add Class Member: Failed to add class member : Component U2 AMS1117
Add Class Member: Failed to add class member : Component U3 STM32G070RBT6
Add Class Member: Failed to add class member : Component U4 DRV8874PWPR
Add Class Member: Failed to add class member : Component U5 EL817
Add Class Member: Failed to add class member : Component U6 EL817
Add Class Member: Failed to add class member : Component U7 EL817
Add Class Member: Failed to add class member : Component U8 EL817
Add Class Member: Failed to add class member : Component U9 EL817
Add Class Member: Failed to add class member : Component U10 EL817
Add Class Member: Failed to add class member : Component U11 EL817
Add Class Member: Failed to add class member : Component U12 EL817
Add Class Member: Failed to add class member : Component U13 DRV8874PWPR
Add Class Member: Failed to add class member : Component Y1 8MHZ
