Add component: Footprint Not Found PCBComponent_1
Add component: Footprint Not Found PCBComponent_1
Add component: Footprint Not Found PCBComponent_1
Add component: Footprint Not Found CAP_EEEFN1H101L
Add component: Footprint Not Found CAP_EEEFN1H101L
Add component: Footprint Not Found CAP_EEEFN1H101L
Add component: Footprint Not Found CAPC3216X180N
Add component: Footprint Not Found CAP_EEEFN1H101L
Add component: Footprint Not Found CAPC3216X180N
Add component: Footprint Not Found CAPC3216X180N
Add component: Footprint Not Found CAPC3216X180N
Add component: Footprint Not Found CAPC3216X180N
Add component: Footprint Not Found CAPC3216X180N
Add component: Footprint Not Found CAPC3216X180N
Add component: Footprint Not Found CAPC2012X145N
Add component: Footprint Not Found CAP_EEEFN1H101L
Add component: Footprint Not Found CAPC2012X145N
Add component: Footprint Not Found CAPC2012X145N
Add component: Footprint Not Found CAPC2012X145N
Add component: Footprint Not Found CAPC3216X180N
Add component: Footprint Not Found CAPC3216X180N
Add component: Footprint Not Found CAPC3216X180N
Add component: Footprint Not Found CAPC3216X180N
Add component: Footprint Not Found CAPC3216X180N
Add component: Footprint Not Found CAPC3216X180N
Add component: Footprint Not Found CAPC3216X180N
Add component: Footprint Not Found CAPC3216X180N
Add component: Footprint Not Found CAPC2012X145N
Add component: Footprint Not Found CAP_EEEFN1H101L
Add component: Footprint Not Found CAPC2012X145N
Add component: Footprint Not Found CAPC2012X145N
Add component: Footprint Not Found CAPC2012X145N
Add component: Footprint Not Found WL-SMRW_1206 dome_normal use
Add component: Footprint Not Found DIOM4325X250N
Add component: Footprint Not Found DIOM4325X250N
Add component: Footprint Not Found WL-SMRW_1206 dome_normal use
Add component: Footprint Not Found WL-SMRW_1206 dome_normal use
Add component: Footprint Not Found WL-SMRW_1206 dome_normal use
Add component: Footprint Not Found WL-SMRW_1206 dome_normal use
Add component: Footprint Not Found WL-SMRW_1206 dome_normal use
Add component: Footprint Not Found WL-SMRW_1206 dome_normal use
Add component: Footprint Not Found WL-SMRW_1206 dome_normal use
Add component: Footprint Not Found WL-SMRW_1206 dome_normal use
Add component: Footprint Not Found WL-SMRW_1206 dome_normal use
Add component: Footprint Not Found WL-SMRW_1206 dome_normal use
Add component: Footprint Not Found WL-SMRW_1206 dome_normal use
Add component: Footprint Not Found WL-SMRW_1206 dome_normal use
Add component: Footprint Not Found WL-SMRW_1206 dome_normal use
Add component: Footprint Not Found WL-SMRW_1206 dome_normal use
Add component: Footprint Not Found WL-SMRW_1206 dome_normal use
Add component: Footprint Not Found WL-SMRW_1206 dome_normal use
Add component: Footprint Not Found WL-SMRW_1206 dome_normal use
Add component: Footprint Not Found WL-SMRW_1206 dome_normal use
Add component: Footprint Not Found WL-SMRW_1206 dome_normal use
Add component: Footprint Not Found WL-SMRW_1206 dome_normal use
Add component: Footprint Not Found WL-SMRW_1206 dome_normal use
Add component: Footprint Not Found WL-SMRW_1206 dome_normal use
Add component: Footprint Not Found WL-SMRW_1206 dome_normal use
Add component: Footprint Not Found WL-SMRW_1206 dome_normal use
Add component: Footprint Not Found DIOM4325X250N
Add component: Footprint Not Found DIOM4325X250N
Add component: Footprint Not Found SOIC127P602X172-8N
Add component: Footprint Not Found PCBComponent_1
Add component: Footprint Not Found PHOENIX_1715721
Add component: Footprint Not Found SAMTEC_MTSW-104-24-G-S-230
Add component: Footprint Not Found SAMTEC_MTSW-104-24-G-S-230
Add component: Footprint Not Found PHOENIX_1759020
Add component: Footprint Not Found PHOENIX_1715721
Add component: Footprint Not Found PHOENIX_1715721
Add component: Footprint Not Found PHOENIX_1715721
Add component: Footprint Not Found PHOENIX_1715721
Add component: Footprint Not Found PHOENIX_1715721
Add component: Footprint Not Found PHOENIX_1715721
Add component: Footprint Not Found PHOENIX_1715721
Add component: Footprint Not Found PHOENIX_1715721
Add component: Footprint Not Found PHOENIX_1759020
Add component: Footprint Not Found REL_SPDT_5_1512
Add component: Footprint Not Found REL_SPDT_5_1512
Add component: Footprint Not Found REL_SPDT_5_1512
Add component: Footprint Not Found REL_SPDT_5_1512
Add component: Footprint Not Found PHOENIX_1803578
Add component: Footprint Not Found PHOENIX_1803578
Add component: Footprint Not Found PHOENIX_1803578
Add component: Footprint Not Found PHOENIX_1803578
Add component: Footprint Not Found PHOENIX_1803578
Add component: Footprint Not Found PHOENIX_1803578
Add component: Footprint Not Found PHOENIX_1803578
Add component: Footprint Not Found PHOENIX_1803578
Add component: Footprint Not Found PHOENIX_1803578
Add component: Footprint Not Found PHOENIX_1803578
Add component: Footprint Not Found PHOENIX_1803578
Add component: Footprint Not Found PHOENIX_1803578
Add component: Footprint Not Found PHOENIX_1803578
Add component: Footprint Not Found SOT95P240X111-3N
Add component: Footprint Not Found SOT95P240X111-3N
Add component: Footprint Not Found SOT95P240X111-3N
Add component: Footprint Not Found SOT95P240X111-3N
Add component: Footprint Not Found TRANS_SS8050-G
Add component: Footprint Not Found TRANS_SS8050-G
Add component: Footprint Not Found TRANS_SS8050-G
Add component: Footprint Not Found TRANS_SS8050-G
Add component: Footprint Not Found TRANS_SS8050-G
Add component: Footprint Not Found TRANS_SS8050-G
Add component: Footprint Not Found TRANS_SS8050-G
Add component: Footprint Not Found TRANS_SS8050-G
Add component: Footprint Not Found TRANS_SS8050-G
Add component: Footprint Not Found TRANS_SS8050-G
Add component: Footprint Not Found TRANS_SS8050-G
Add component: Footprint Not Found TRANS_SS8050-G
Add component: Footprint Not Found TRANS_SS8050-G
Add component: Footprint Not Found TRANS_SS8050-G
Add component: Footprint Not Found TRANS_SS8050-G
Add component: Footprint Not Found TRANS_SS8050-G
Add component: Footprint Not Found TRANS_SS8050-G
Add component: Footprint Not Found TRANS_SS8050-G
Add component: Footprint Not Found SOT95P240X111-3N
Add component: Footprint Not Found SOT95P240X111-3N
Add component: Footprint Not Found SOT95P240X111-3N
Add component: Footprint Not Found SOT95P240X111-3N
Add component: Footprint Not Found SOT95P240X111-3N
Add component: Footprint Not Found SOT95P240X111-3N
Add component: Footprint Not Found TRANS_SS8050-G
Add component: Footprint Not Found TRANS_SS8050-G
Add component: Footprint Not Found RESC3015X65N
Add component: Footprint Not Found RESC3015X65N
Add component: Footprint Not Found RESC3015X65N
Add component: Footprint Not Found RESC3015X65N
Add component: Footprint Not Found RESC3015X65N
Add component: Footprint Not Found RESC2012X65N
Add component: Footprint Not Found RESC2012X65N
Add component: Footprint Not Found RESC3015X65N
Add component: Footprint Not Found RESC3015X65N
Add component: Footprint Not Found RESC3015X65N
Add component: Footprint Not Found RESC3015X65N
Add component: Footprint Not Found RESC2012X65N
Add component: Footprint Not Found RESC2012X65N
Add component: Footprint Not Found RESC2012X65N
Add component: Footprint Not Found RESC2012X65N
Add component: Footprint Not Found RESC3015X65N
Add component: Footprint Not Found RESC3015X65N
Add component: Footprint Not Found RESC3015X65N
Add component: Footprint Not Found RESC3015X65N
Add component: Footprint Not Found RESC3015X65N
Add component: Footprint Not Found RESC3015X65N
Add component: Footprint Not Found RESC3015X65N
Add component: Footprint Not Found RESC3015X65N
Add component: Footprint Not Found RESC3015X65N
Add component: Footprint Not Found RESC3015X65N
Add component: Footprint Not Found RESC3015X65N
Add component: Footprint Not Found RESC3015X65N
Add component: Footprint Not Found RESC3015X65N
Add component: Footprint Not Found RESC3015X65N
Add component: Footprint Not Found RESC3015X65N
Add component: Footprint Not Found RESC3015X65N
Add component: Footprint Not Found RESC3015X65N
Add component: Footprint Not Found RESC3015X65N
Add component: Footprint Not Found RESC3015X65N
Add component: Footprint Not Found RESC3015X65N
Add component: Footprint Not Found RESC3015X65N
Add component: Footprint Not Found RESC3015X65N
Add component: Footprint Not Found RESC3015X65N
Add component: Footprint Not Found RESC3015X65N
Add component: Footprint Not Found RESC3015X65N
Add component: Footprint Not Found RESC3015X65N
Add component: Footprint Not Found RESC3015X65N
Add component: Footprint Not Found RESC3015X65N
Add component: Footprint Not Found RESC3015X65N
Add component: Footprint Not Found RESC3015X65N
Add component: Footprint Not Found RESC3015X65N
Add component: Footprint Not Found RESC3015X65N
Add component: Footprint Not Found RESC3015X65N
Add component: Footprint Not Found RESC3015X65N
Add component: Footprint Not Found RESC3015X65N
Add component: Footprint Not Found RESC3015X65N
Add component: Footprint Not Found RESC3015X65N
Add component: Footprint Not Found RESC3015X65N
Add component: Footprint Not Found RESC3015X65N
Add component: Footprint Not Found RESC3015X65N
Add component: Footprint Not Found RESC3015X65N
Add component: Footprint Not Found RESC3015X65N
Add component: Footprint Not Found RESC3015X65N
Add component: Footprint Not Found RESC6331X70N
Add component: Footprint Not Found RESC6331X70N
Add component: Footprint Not Found RESC6331X70N
Add component: Footprint Not Found RESC6331X70N
Add component: Footprint Not Found RESC6331X70N
Add component: Footprint Not Found RESC6331X70N
Add component: Footprint Not Found RESC6331X70N
Add component: Footprint Not Found RESC6331X70N
Add component: Footprint Not Found RESC3015X65N
Add component: Footprint Not Found RESC3015X65N
Add component: Footprint Not Found RESC3015X65N
Add component: Footprint Not Found RESC3015X65N
Add component: Footprint Not Found RESC6331X70N
Add component: Footprint Not Found RESC6331X70N
Add component: Footprint Not Found RESC6331X70N
Add component: Footprint Not Found RESC6331X70N
Add component: Footprint Not Found RESC6331X70N
Add component: Footprint Not Found RESC6331X70N
Add component: Footprint Not Found RESC6331X70N
Add component: Footprint Not Found RESC6331X70N
Add component: Footprint Not Found RESC3015X65N
Add component: Footprint Not Found RESC3015X65N
Add component: Footprint Not Found RESC3015X65N
Add component: Footprint Not Found RESC3015X65N
Add component: Footprint Not Found RESC6331X70N
Add component: Footprint Not Found RESC6331X70N
Add component: Footprint Not Found RESC6331X70N
Add component: Footprint Not Found RESC6331X70N
Add component: Footprint Not Found RESC6331X70N
Add component: Footprint Not Found RESC6331X70N
Add component: Footprint Not Found RESC6331X70N
Add component: Footprint Not Found RESC6331X70N
Add component: Footprint Not Found RESC3015X65N
Add component: Footprint Not Found RESC3015X65N
Add component: Footprint Not Found RESC3015X65N
Add component: Footprint Not Found RESC3015X65N
Add component: Footprint Not Found RESC6331X70N
Add component: Footprint Not Found RESC6331X70N
Add component: Footprint Not Found RESC6331X70N
Add component: Footprint Not Found RESC6331X70N
Add component: Footprint Not Found RESC6331X70N
Add component: Footprint Not Found RESC6331X70N
Add component: Footprint Not Found RESC6331X70N
Add component: Footprint Not Found RESC6331X70N
Add component: Footprint Not Found RESC3015X65N
Add component: Footprint Not Found RESC3015X65N
Add component: Footprint Not Found RESC3015X65N
Add component: Footprint Not Found RESC3015X65N
Add component: Footprint Not Found RESC3015X65N
Add component: Footprint Not Found RESC3015X65N
Add component: Footprint Not Found RESC3015X65N
Add component: Footprint Not Found RESC3015X65N
Add component: Footprint Not Found RESC2012X65N
Add component: Footprint Not Found RESC2012X65N
Add component: Footprint Not Found RESC2012X65N
Add component: Footprint Not Found RESC2012X65N
Add component: Footprint Not Found RESC3015X65N
Add component: Footprint Not Found RESC3015X65N
Add component: Footprint Not Found RESC3015X65N
Add component: Footprint Not Found RESC3015X65N
Add component: Footprint Not Found RESC3015X65N
Add component: Footprint Not Found RESC3015X65N
Add component: Footprint Not Found SWROT_11MM
Add component: Footprint Not Found DPAK_3
Add component: Footprint Not Found DPAK_3
Add component: Footprint Not Found QFP50P1200X1200X160-64N
Add component: Footprint Not Found SOP65P640X120-17N
Add component: Footprint Not Found DIP_4SMD
Add component: Footprint Not Found DIP_4SMD
Add component: Footprint Not Found DIP_4SMD
Add component: Footprint Not Found DIP_4SMD
Add component: Footprint Not Found DIP_4SMD
Add component: Footprint Not Found DIP_4SMD
Add component: Footprint Not Found DIP_4SMD
Add component: Footprint Not Found DIP_4SMD
Add component: Footprint Not Found SOP65P640X120-17N
Add component: Footprint Not Found XTAL_ABLS2-12.000MHZ-D4Y-T
Added Net: Name=3.3v
Added Net: Name=5v
Added Net: Name=12v
Added Net: Name=24v_jack1
Added Net: Name=24v_jack2
Added Net: Name=24v
Added Net: Name=CPH1
Added Net: Name=CPH2
Added Net: Name=CPL1
Added Net: Name=CPL2
Added Net: Name=ENC-A
Added Net: Name=ENC-B
Added Net: Name=GND
Added Net: Name=JACK-1-ENC-A
Added Net: Name=JACK-1-ENC-B
Added Net: Name=JACK-2-ENC-A
Added Net: Name=JACK-2-ENC-B
Added Net: Name=jack_extend1
Added Net: Name=jack_extend2
Added Net: Name=jack_retract1
Added Net: Name=jack_retract2
Added Net: Name=Motor1_NC
Added Net: Name=Motor1_NO
Added Net: Name=Motor2_NC
Added Net: Name=Motor2_NO
Added Net: Name=MOTOR-1-ENC-A
Added Net: Name=MOTOR-1-ENC-B
Added Net: Name=MOTOR-2-ENC-A
Added Net: Name=MOTOR-2-ENC-B
Added Net: Name=Net1_1
Added Net: Name=Net2_1
Added Net: Name=NetC4_2
Added Net: Name=NetC11_2
Added Net: Name=NetC12_2
Added Net: Name=NetC17_1
Added Net: Name=NetC17_2
Added Net: Name=NetC18_1
Added Net: Name=NetC18_2
Added Net: Name=NetC19_1
Added Net: Name=NetC19_2
Added Net: Name=NetC20_1
Added Net: Name=NetC20_2
Added Net: Name=NetC21_1
Added Net: Name=NetC21_2
Added Net: Name=NetC22_1
Added Net: Name=NetC22_2
Added Net: Name=NetC23_1
Added Net: Name=NetC23_2
Added Net: Name=NetC24_1
Added Net: Name=NetC24_2
Added Net: Name=NetC25_2
Added Net: Name=NetD1_2
Added Net: Name=NetD2_A
Added Net: Name=NetD3_A
Added Net: Name=NetD4_1
Added Net: Name=NetD4_2
Added Net: Name=NetD5_1
Added Net: Name=NetD5_2
Added Net: Name=NetD6_1
Added Net: Name=NetD6_2
Added Net: Name=NetD7_1
Added Net: Name=NetD7_2
Added Net: Name=NetD8_1
Added Net: Name=NetD8_2
Added Net: Name=NetD9_1
Added Net: Name=NetD9_2
Added Net: Name=NetD10_1
Added Net: Name=NetD10_2
Added Net: Name=NetD11_1
Added Net: Name=NetD11_2
Added Net: Name=NetD12_1
Added Net: Name=NetD12_2
Added Net: Name=NetD13_1
Added Net: Name=NetD13_2
Added Net: Name=NetD14_1
Added Net: Name=NetD14_2
Added Net: Name=NetD15_1
Added Net: Name=NetD15_2
Added Net: Name=NetD16_1
Added Net: Name=NetD16_2
Added Net: Name=NetD17_1
Added Net: Name=NetD17_2
Added Net: Name=NetD18_1
Added Net: Name=NetD18_2
Added Net: Name=NetD19_1
Added Net: Name=NetD19_2
Added Net: Name=NetD20_1
Added Net: Name=NetD20_2
Added Net: Name=NetD21_1
Added Net: Name=NetD21_2
Added Net: Name=NetD22_1
Added Net: Name=NetD22_2
Added Net: Name=NetD23_1
Added Net: Name=NetD23_2
Added Net: Name=NetD24_1
Added Net: Name=NetD24_2
Added Net: Name=NetD25_1
Added Net: Name=NetD25_2
Added Net: Name=NetD26_1
Added Net: Name=NetD26_2
Added Net: Name=NetD27_1
Added Net: Name=NetD27_2
Added Net: Name=NetD28_A
Added Net: Name=NetD29_A
Added Net: Name=Netfuse 1_1
Added Net: Name=NetJ1_1
Added Net: Name=NetJ1_2
Added Net: Name=NetJ5_1
Added Net: Name=NetJ5_2
Added Net: Name=NetJ6_1
Added Net: Name=NetJ6_2
Added Net: Name=NetJ7_1
Added Net: Name=NetJ7_2
Added Net: Name=NetJ8_1
Added Net: Name=NetJ8_2
Added Net: Name=NetJ9_1
Added Net: Name=NetJ9_2
Added Net: Name=NetJ10_1
Added Net: Name=NetJ10_2
Added Net: Name=NetJ11_1
Added Net: Name=NetJ11_2
Added Net: Name=NetJ12_1
Added Net: Name=NetJ12_2
Added Net: Name=NetQ1_2
Added Net: Name=NetQ2_2
Added Net: Name=NetQ3_2
Added Net: Name=NetQ4_2
Added Net: Name=NetQ5_1
Added Net: Name=NetQ6_1
Added Net: Name=NetQ7_1
Added Net: Name=NetQ8_1
Added Net: Name=NetQ9_1
Added Net: Name=NetQ10_1
Added Net: Name=NetQ11_1
Added Net: Name=NetQ12_1
Added Net: Name=NetQ13_1
Added Net: Name=NetQ14_1
Added Net: Name=NetQ15_1
Added Net: Name=NetQ16_1
Added Net: Name=NetQ17_1
Added Net: Name=NetQ18_1
Added Net: Name=NetQ19_1
Added Net: Name=NetQ20_1
Added Net: Name=NetQ21_1
Added Net: Name=NetQ22_1
Added Net: Name=NetQ23_2
Added Net: Name=NetQ24_2
Added Net: Name=NetQ25_2
Added Net: Name=NetQ26_2
Added Net: Name=NetQ27_2
Added Net: Name=NetQ28_2
Added Net: Name=NetQ29_1
Added Net: Name=NetQ30_1
Added Net: Name=NetR12_2
Added Net: Name=NetR13_1
Added Net: Name=NetR15_1
Added Net: Name=NetR20_2
Added Net: Name=NetR21_2
Added Net: Name=NetR30_2
Added Net: Name=NetR31_2
Added Net: Name=NetR32_2
Added Net: Name=NetR33_2
Added Net: Name=NetR34_2
Added Net: Name=NetR35_2
Added Net: Name=NetR36_2
Added Net: Name=NetR37_2
Added Net: Name=NetR46_2
Added Net: Name=NetR47_2
Added Net: Name=NetR48_2
Added Net: Name=NetR49_2
Added Net: Name=NetR50_2
Added Net: Name=NetR51_2
Added Net: Name=NetR52_2
Added Net: Name=NetR53_2
Added Net: Name=NetR54_1
Added Net: Name=NetR59_2
Added Net: Name=NetR61_2
Added Net: Name=NetR63_2
Added Net: Name=NetR65_2
Added Net: Name=NetR71_2
Added Net: Name=NetR73_2
Added Net: Name=NetR75_2
Added Net: Name=NetR77_2
Added Net: Name=NetR83_2
Added Net: Name=NetR85_2
Added Net: Name=NetR87_2
Added Net: Name=NetR89_2
Added Net: Name=NetR95_2
Added Net: Name=NetR97_2
Added Net: Name=NetR99_2
Added Net: Name=NetR101_2
Added Net: Name=NetR111_2
Added Net: Name=NetR112_1
Added Net: Name=NetR114_1
Added Net: Name=NetR119_2
Added Net: Name=NetR120_2
Added Net: Name=NetU3_49
Added Net: Name=NetU3_50
Added Net: Name=NetU3_51
Added Net: Name=NetU3_54
Added Net: Name=NetU3_55
Added Net: Name=NetU3_56
Added Net: Name=OSC_IN
Added Net: Name=OSC_OUT
Added Net: Name=RX
Added Net: Name=SCL
Added Net: Name=SDA
Added Net: Name=SWDCLK
Added Net: Name=SWDIO
Added Net: Name=TX
Added Net: Name=VCP1
Added Net: Name=VCP2
Added Class: Name=interface
Added Class: Name=jack driver 1
Added Class: Name=jack driver 2
Added Class: Name=MCU
Added Class: Name=motor driver 1
Added Class: Name=motor driver 2
Added Class: Name=Power
Added Class: Name=receiver 1
Added Class: Name=receiver 2
Added Rule: Name=Schematic Supply Nets
Added Rule: Name=Schematic Supply Nets_1
