Removed Pin From Net: NetName=GND Pin=C12-1
Removed Pin From Net: NetName=NetC12_2 Pin=C12-2
Removed Pin From Net: NetName=GND Pin=C15-1
Removed Pin From Net: NetName=NetC15_2 Pin=C15-2
Removed Pin From Net: NetName=GND Pin=C19-1
Removed Pin From Net: NetName=NetC19_2 Pin=C19-2
Removed Pin From Net: NetName=GND Pin=C28-1
Removed Pin From Net: NetName=NetC28_2 Pin=C28-2
Removed Pin From Net: NetName=GND Pin=C31-1
Removed Pin From Net: NetName=NetC31_2 Pin=C31-2
Removed Member From Class: ClassName=jack driver 1 Member=C12
Removed Member From Class: ClassName=motor driver 1 Member=C15
Removed Member From Class: ClassName=interface Member=C19
Removed Member From Class: ClassName=jack driver 2 Member=C28
Removed Member From Class: ClassName=motor driver 2 Member=C31
Change Net Name : Old Net Name=NetC12_2 New Net Name=NetQ1_2
Change Net Name : Old Net Name=NetC15_2 New Net Name=NetQ5_2
Change Net Name : Old Net Name=NetC19_2 New Net Name=NetQ26_2
Change Net Name : Old Net Name=NetC28_2 New Net Name=NetQ27_2
Change Net Name : Old Net Name=NetC31_2 New Net Name=NetQ31_2
Add Net: Net with name "power_ENC_1" already exists
Add Net: Net with name "power_ENC_2" already exists
