Removed Pin From Net: NetName=JACK-1-ENC-B Pin=P4-1
Removed Pin From Net: NetName=JACK-1-ENC-A Pin=P4-2
Removed Pin From Net: NetName=5v Pin=R8-2
Removed Pin From Net: NetName=5v Pin=R9-2
Removed Pin From Net: NetName=5v Pin=R14-2
Removed Pin From Net: NetName=5v Pin=R15-2
Removed Pin From Net: NetName=5v Pin=R105-2
Removed Pin From Net: NetName=5v Pin=R106-2
Removed Pin From Net: NetName=5v Pin=R111-2
Removed Pin From Net: NetName=5v Pin=R112-2
Change Component Designator: OldDesignator=C13 NewDesignator=C14
Change Component Designator: OldDesignator=C14 NewDesignator=C15
Change Component Designator: OldDesignator=C15 NewDesignator=C16
Change Component Designator: OldDesignator=C16 NewDesignator=C17
Change Component Designator: OldDesignator=C17 NewDesignator=C18
Change Component Designator: OldDesignator=C18 NewDesignator=C19
Change Component Designator: OldDesignator=C19 NewDesignator=C20
Change Component Designator: OldDesignator=C20 NewDesignator=C21
Change Component Designator: OldDesignator=C21 NewDesignator=C22
Change Component Description : Designator=J4 Old Description=Pluggable Header 5.08mm 12AWG 320V 12A 3 Position COMBICON MSTB Series New Description=Pluggable Header 5.08mm 12AWG 320V 12A 3 Position COMBICON MSTB Series | Phoenix Contact 1759020
Change Component Description : Designator=J13 Old Description=Pluggable Header 5.08mm 12AWG 320V 12A 3 Position COMBICON MSTB Series New Description=Pluggable Header 5.08mm 12AWG 320V 12A 3 Position COMBICON MSTB Series | Phoenix Contact 1759020
Added Component: Designator=C13(CAPC3216X180N)
Add component (AddParameter): Name = "Availability"; Value = "In Stock"; VariantName = "[No Variations]"
Add component (AddParameter): Name = "Check_prices"; Value = "https://www.snapeda.com/parts/CGA5L3X8R1H105M160AB/TDK/view-part/?ref=eda"; VariantName = "[No Variations]"
Add component (AddParameter): Name = "MF"; Value = "TDK"; VariantName = "[No Variations]"
Add component (AddParameter): Name = "MP"; Value = "CGA5L3X8R1H105M160AB"; VariantName = "[No Variations]"
Add component (AddParameter): Name = "Package"; Value = "3216 TDK"; VariantName = "[No Variations]"
Add component (AddParameter): Name = "Price"; Value = "None"; VariantName = "[No Variations]"
Add component (AddParameter): Name = "Purchase-URL"; Value = "https://pricing.snapeda.com/search/part/CGA5L3X8R1H105M160AB/?ref=eda"; VariantName = "[No Variations]"
Add component (AddParameter): Name = "SnapEDA_Link"; Value = "https://www.snapeda.com/parts/CGA5L3X8R1H105M160AB/TDK/view-part/?ref=snap"; VariantName = "[No Variations]"
Add component (AddParameter): Name = "Value"; Value = ""; VariantName = "[No Variations]"
Added Pin To Net: NetName=GND Pin=C13-1
Added Pin To Net: NetName=NetR52_1 Pin=C13-2
Added Pin To Net: NetName=JACK-1-ENC-A Pin=P4-1
Added Pin To Net: NetName=JACK-1-ENC-B Pin=P4-2
Added Pin To Net: NetName=power_ENC_3 Pin=R8-2
Added Pin To Net: NetName=power_ENC_3 Pin=R9-2
Added Pin To Net: NetName=power_ENC_1 Pin=R14-2
Added Pin To Net: NetName=power_ENC_1 Pin=R15-2
Added Pin To Net: NetName=power_ENC_4 Pin=R105-2
Added Pin To Net: NetName=power_ENC_4 Pin=R106-2
Added Pin To Net: NetName=power_ENC_2 Pin=R111-2
Added Pin To Net: NetName=power_ENC_2 Pin=R112-2
Change Net Name : Old Net Name=NetC13_1 New Net Name=NetC14_1
Change Net Name : Old Net Name=NetC13_2 New Net Name=NetC14_2
Change Net Name : Old Net Name=NetC14_1 New Net Name=NetC15_1
Change Net Name : Old Net Name=NetC14_2 New Net Name=NetC15_2
Change Net Name : Old Net Name=NetC15_1 New Net Name=NetC16_1
Change Net Name : Old Net Name=NetC15_2 New Net Name=NetC16_2
Change Net Name : Old Net Name=NetC16_1 New Net Name=NetC17_1
Change Net Name : Old Net Name=NetC16_2 New Net Name=NetC17_2
Change Net Name : Old Net Name=NetC17_1 New Net Name=NetC18_1
Change Net Name : Old Net Name=NetC17_2 New Net Name=NetC18_2
Change Net Name : Old Net Name=NetC18_1 New Net Name=NetC19_1
Change Net Name : Old Net Name=NetC18_2 New Net Name=NetC19_2
Change Net Name : Old Net Name=NetC19_1 New Net Name=NetC20_1
Change Net Name : Old Net Name=NetC19_2 New Net Name=NetC20_2
Change Net Name : Old Net Name=NetC20_1 New Net Name=NetC21_1
Change Net Name : Old Net Name=NetC20_2 New Net Name=NetC21_2
Change Net Name : Old Net Name=NetR52_1 New Net Name=NetC13_2
Added Member To Class: ClassName=interface Member=Component C13 1uf-1206
