Removed Pin From Net: NetName=GND Pin=C12-1
Removed Pin From Net: NetName=GND Pin=C14-1
Removed Pin From Net: NetName=24v_jack1 Pin=C14-2
Removed Pin From Net: NetName=24v_jack1 Pin=C15-2
Removed Pin From Net: NetName=GND Pin=C25-1
Removed Pin From Net: NetName=GND Pin=C27-1
Removed Pin From Net: NetName=24v_jack2 Pin=C27-2
Removed Pin From Net: NetName=24v_jack2 Pin=C28-2
Removed Pin From Net: NetName=GND Pin=R13-2
Removed Pin From Net: NetName=GND Pin=R14-1
Removed Pin From Net: NetName=3.3v Pin=R15-2
Removed Pin From Net: NetName=GND Pin=R112-2
Removed Pin From Net: NetName=GND Pin=R113-1
Removed Pin From Net: NetName=3.3v Pin=R114-2
Removed Pin From Net: NetName=NetR12_2 Pin=U3-52
Removed Pin From Net: NetName=3.3v Pin=U4-5
Removed Pin From Net: NetName=jack_extend1 Pin=U4-8
Removed Pin From Net: NetName=GND Pin=U4-9
Removed Pin From Net: NetName=jack_retract1 Pin=U4-10
Removed Pin From Net: NetName=24v_jack1 Pin=U4-11
Removed Pin From Net: NetName=GND Pin=U4-15
Removed Pin From Net: NetName=GND Pin=U4-16
Removed Pin From Net: NetName=3.3v Pin=U13-5
Removed Pin From Net: NetName=jack_extend2 Pin=U13-8
Removed Pin From Net: NetName=GND Pin=U13-9
Removed Pin From Net: NetName=jack_retract2 Pin=U13-10
Removed Pin From Net: NetName=24v_jack2 Pin=U13-11
Removed Pin From Net: NetName=GND Pin=U13-15
Removed Pin From Net: NetName=GND Pin=U13-16
Removed Member From Class: ClassName=jack driver 1 Member=C13
Removed Member From Class: ClassName=jack driver 1 Member=C14
Removed Member From Class: ClassName=jack driver 1 Member=C15
Removed Member From Class: ClassName=jack driver 1 Member=C16
Removed Member From Class: ClassName=jack driver 2 Member=C25
Removed Member From Class: ClassName=jack driver 2 Member=C27
Removed Member From Class: ClassName=jack driver 2 Member=C28
Removed Member From Class: ClassName=jack driver 2 Member=C29
Removed Member From Class: ClassName=jack driver 2 Member=JP?
Removed Member From Class: ClassName=motor driver 1 Member=JP?
Removed Member From Class: ClassName=motor driver 2 Member=JP?
Removed Member From Class: ClassName=jack driver 1 Member=R14
Removed Member From Class: ClassName=jack driver 1 Member=R15
Removed Member From Class: ClassName=jack driver 2 Member=R111
Removed Member From Class: ClassName=jack driver 2 Member=R112
Removed Member From Class: ClassName=jack driver 2 Member=R113
Removed Member From Class: ClassName=jack driver 2 Member=R114
Removed Member From Class: ClassName=jack driver 1 Member=U4
Removed Member From Class: ClassName=jack driver 2 Member=U13
Change Component Footprint: Designator=R12 Old Footprint=RESC2012X65N New Footprint=RESC3015X65N
Change Component Footprint: Designator=R13 Old Footprint=RESC2012X65N New Footprint=RESC3015X65N
Change Component Comment : Designator=R12 Old Comment=0 ohm-0805 New Comment=4.7k-1206
Change Component Comment : Designator=R13 Old Comment=0 ohm-0805 New Comment=4.7k-1206
Change Component Designator: OldDesignator=C13 NewDesignator=C12
Change Component Designator: OldDesignator=C17 NewDesignator=C13
Change Component Designator: OldDesignator=C18 NewDesignator=C14
Change Component Designator: OldDesignator=C19 NewDesignator=C15
Change Component Designator: OldDesignator=C20 NewDesignator=C16
Change Component Designator: OldDesignator=C21 NewDesignator=C17
Change Component Designator: OldDesignator=C22 NewDesignator=C18
Change Component Designator: OldDesignator=C23 NewDesignator=C19
Change Component Designator: OldDesignator=C24 NewDesignator=C20
Change Component Designator: OldDesignator=C26 NewDesignator=C21
Change Component Designator: OldDesignator=D2 NewDesignator=D4
Change Component Designator: OldDesignator=D3 NewDesignator=D5
Change Component Designator: OldDesignator=D4 NewDesignator=D6
Change Component Designator: OldDesignator=D5 NewDesignator=D7
Change Component Designator: OldDesignator=D6 NewDesignator=D8
Change Component Designator: OldDesignator=D7 NewDesignator=D9
Change Component Designator: OldDesignator=D8 NewDesignator=D10
Change Component Designator: OldDesignator=D9 NewDesignator=D11
Change Component Designator: OldDesignator=D10 NewDesignator=D12
Change Component Designator: OldDesignator=D11 NewDesignator=D13
Change Component Designator: OldDesignator=D12 NewDesignator=D14
Change Component Designator: OldDesignator=D13 NewDesignator=D15
Change Component Designator: OldDesignator=D14 NewDesignator=D16
Change Component Designator: OldDesignator=D15 NewDesignator=D17
Change Component Designator: OldDesignator=D16 NewDesignator=D18
Change Component Designator: OldDesignator=D17 NewDesignator=D19
Change Component Designator: OldDesignator=D18 NewDesignator=D20
Change Component Designator: OldDesignator=D19 NewDesignator=D21
Change Component Designator: OldDesignator=D20 NewDesignator=D22
Change Component Designator: OldDesignator=D21 NewDesignator=D23
Change Component Designator: OldDesignator=D22 NewDesignator=D24
Change Component Designator: OldDesignator=D23 NewDesignator=D25
Change Component Designator: OldDesignator=D24 NewDesignator=D26
Change Component Designator: OldDesignator=D25 NewDesignator=D27
Change Component Designator: OldDesignator=D26 NewDesignator=D28
Change Component Designator: OldDesignator=D27 NewDesignator=D29
Change Component Designator: OldDesignator=D28 NewDesignator=D32
Change Component Designator: OldDesignator=D29 NewDesignator=D33
Change Component Designator: OldDesignator=JP? NewDesignator=JP1
Change Component Designator: OldDesignator=JP? NewDesignator=JP2
Change Component Designator: OldDesignator=JP? NewDesignator=JP3
Change Component Designator: OldDesignator=JP? NewDesignator=JP4
Change Component Designator: OldDesignator=K1 NewDesignator=K3
Change Component Designator: OldDesignator=K2 NewDesignator=K4
Change Component Designator: OldDesignator=K3 NewDesignator=K7
Change Component Designator: OldDesignator=K4 NewDesignator=K8
Change Component Designator: OldDesignator=Q3 NewDesignator=Q5
Change Component Designator: OldDesignator=Q4 NewDesignator=Q6
Change Component Designator: OldDesignator=Q5 NewDesignator=Q7
Change Component Designator: OldDesignator=Q6 NewDesignator=Q8
Change Component Designator: OldDesignator=Q7 NewDesignator=Q9
Change Component Designator: OldDesignator=Q8 NewDesignator=Q10
Change Component Designator: OldDesignator=Q9 NewDesignator=Q11
Change Component Designator: OldDesignator=Q10 NewDesignator=Q12
Change Component Designator: OldDesignator=Q11 NewDesignator=Q13
Change Component Designator: OldDesignator=Q12 NewDesignator=Q14
Change Component Designator: OldDesignator=Q13 NewDesignator=Q15
Change Component Designator: OldDesignator=Q14 NewDesignator=Q16
Change Component Designator: OldDesignator=Q15 NewDesignator=Q17
Change Component Designator: OldDesignator=Q16 NewDesignator=Q18
Change Component Designator: OldDesignator=Q17 NewDesignator=Q19
Change Component Designator: OldDesignator=Q18 NewDesignator=Q20
Change Component Designator: OldDesignator=Q19 NewDesignator=Q21
Change Component Designator: OldDesignator=Q20 NewDesignator=Q22
Change Component Designator: OldDesignator=Q21 NewDesignator=Q23
Change Component Designator: OldDesignator=Q22 NewDesignator=Q24
Change Component Designator: OldDesignator=Q23 NewDesignator=Q25
Change Component Designator: OldDesignator=Q24 NewDesignator=Q26
Change Component Designator: OldDesignator=Q25 NewDesignator=Q27
Change Component Designator: OldDesignator=Q26 NewDesignator=Q28
Change Component Designator: OldDesignator=Q27 NewDesignator=Q31
Change Component Designator: OldDesignator=Q28 NewDesignator=Q32
Change Component Designator: OldDesignator=Q29 NewDesignator=Q33
Change Component Designator: OldDesignator=Q30 NewDesignator=Q34
Change Component Designator: OldDesignator=R16 NewDesignator=R14
Change Component Designator: OldDesignator=R17 NewDesignator=R15
Change Component Designator: OldDesignator=R18 NewDesignator=R16
Change Component Designator: OldDesignator=R19 NewDesignator=R17
Change Component Designator: OldDesignator=R20 NewDesignator=R18
Change Component Designator: OldDesignator=R21 NewDesignator=R19
Change Component Designator: OldDesignator=R22 NewDesignator=R20
Change Component Designator: OldDesignator=R23 NewDesignator=R21
Change Component Designator: OldDesignator=R24 NewDesignator=R22
Change Component Designator: OldDesignator=R25 NewDesignator=R23
Change Component Designator: OldDesignator=R26 NewDesignator=R24
Change Component Designator: OldDesignator=R27 NewDesignator=R25
Change Component Designator: OldDesignator=R28 NewDesignator=R26
Change Component Designator: OldDesignator=R29 NewDesignator=R27
Change Component Designator: OldDesignator=R30 NewDesignator=R28
Change Component Designator: OldDesignator=R31 NewDesignator=R29
Change Component Designator: OldDesignator=R32 NewDesignator=R30
Change Component Designator: OldDesignator=R33 NewDesignator=R31
Change Component Designator: OldDesignator=R34 NewDesignator=R32
Change Component Designator: OldDesignator=R35 NewDesignator=R33
Change Component Designator: OldDesignator=R36 NewDesignator=R34
Change Component Designator: OldDesignator=R37 NewDesignator=R35
Change Component Designator: OldDesignator=R38 NewDesignator=R36
Change Component Designator: OldDesignator=R39 NewDesignator=R37
Change Component Designator: OldDesignator=R40 NewDesignator=R38
Change Component Designator: OldDesignator=R41 NewDesignator=R39
Change Component Designator: OldDesignator=R42 NewDesignator=R40
Change Component Designator: OldDesignator=R43 NewDesignator=R41
Change Component Designator: OldDesignator=R44 NewDesignator=R42
Change Component Designator: OldDesignator=R45 NewDesignator=R43
Change Component Designator: OldDesignator=R46 NewDesignator=R44
Change Component Designator: OldDesignator=R47 NewDesignator=R45
Change Component Designator: OldDesignator=R48 NewDesignator=R46
Change Component Designator: OldDesignator=R49 NewDesignator=R47
Change Component Designator: OldDesignator=R50 NewDesignator=R48
Change Component Designator: OldDesignator=R51 NewDesignator=R49
Change Component Designator: OldDesignator=R52 NewDesignator=R50
Change Component Designator: OldDesignator=R53 NewDesignator=R51
Change Component Designator: OldDesignator=R54 NewDesignator=R52
Change Component Designator: OldDesignator=R55 NewDesignator=R53
Change Component Designator: OldDesignator=R56 NewDesignator=R54
Change Component Designator: OldDesignator=R57 NewDesignator=R55
Change Component Designator: OldDesignator=R58 NewDesignator=R56
Change Component Designator: OldDesignator=R59 NewDesignator=R57
Change Component Designator: OldDesignator=R60 NewDesignator=R58
Change Component Designator: OldDesignator=R61 NewDesignator=R59
Change Component Designator: OldDesignator=R62 NewDesignator=R60
Change Component Designator: OldDesignator=R63 NewDesignator=R61
Change Component Designator: OldDesignator=R64 NewDesignator=R62
Change Component Designator: OldDesignator=R65 NewDesignator=R63
Change Component Designator: OldDesignator=R66 NewDesignator=R64
Change Component Designator: OldDesignator=R67 NewDesignator=R65
Change Component Designator: OldDesignator=R68 NewDesignator=R66
Change Component Designator: OldDesignator=R69 NewDesignator=R67
Change Component Designator: OldDesignator=R70 NewDesignator=R68
Change Component Designator: OldDesignator=R71 NewDesignator=R69
Change Component Designator: OldDesignator=R72 NewDesignator=R70
Change Component Designator: OldDesignator=R73 NewDesignator=R71
Change Component Designator: OldDesignator=R74 NewDesignator=R72
Change Component Designator: OldDesignator=R75 NewDesignator=R73
Change Component Designator: OldDesignator=R76 NewDesignator=R74
Change Component Designator: OldDesignator=R77 NewDesignator=R75
Change Component Designator: OldDesignator=R78 NewDesignator=R76
Change Component Designator: OldDesignator=R79 NewDesignator=R77
Change Component Designator: OldDesignator=R80 NewDesignator=R78
Change Component Designator: OldDesignator=R81 NewDesignator=R79
Change Component Designator: OldDesignator=R82 NewDesignator=R80
Change Component Designator: OldDesignator=R83 NewDesignator=R81
Change Component Designator: OldDesignator=R84 NewDesignator=R82
Change Component Designator: OldDesignator=R85 NewDesignator=R83
Change Component Designator: OldDesignator=R86 NewDesignator=R84
Change Component Designator: OldDesignator=R87 NewDesignator=R85
Change Component Designator: OldDesignator=R88 NewDesignator=R86
Change Component Designator: OldDesignator=R89 NewDesignator=R87
Change Component Designator: OldDesignator=R90 NewDesignator=R88
Change Component Designator: OldDesignator=R91 NewDesignator=R89
Change Component Designator: OldDesignator=R92 NewDesignator=R90
Change Component Designator: OldDesignator=R93 NewDesignator=R91
Change Component Designator: OldDesignator=R94 NewDesignator=R92
Change Component Designator: OldDesignator=R95 NewDesignator=R93
Change Component Designator: OldDesignator=R96 NewDesignator=R94
Change Component Designator: OldDesignator=R97 NewDesignator=R95
Change Component Designator: OldDesignator=R98 NewDesignator=R96
Change Component Designator: OldDesignator=R99 NewDesignator=R97
Change Component Designator: OldDesignator=R100 NewDesignator=R98
Change Component Designator: OldDesignator=R101 NewDesignator=R99
Change Component Designator: OldDesignator=R102 NewDesignator=R100
Change Component Designator: OldDesignator=R103 NewDesignator=R101
Change Component Designator: OldDesignator=R104 NewDesignator=R102
Change Component Designator: OldDesignator=R105 NewDesignator=R103
Change Component Designator: OldDesignator=R106 NewDesignator=R104
Change Component Designator: OldDesignator=R107 NewDesignator=R105
Change Component Designator: OldDesignator=R108 NewDesignator=R106
Change Component Designator: OldDesignator=R109 NewDesignator=R107
Change Component Designator: OldDesignator=R110 NewDesignator=R108
Change Component Designator: OldDesignator=R115 NewDesignator=R111
Change Component Designator: OldDesignator=R116 NewDesignator=R112
Change Component Designator: OldDesignator=R117 NewDesignator=R113
Change Component Designator: OldDesignator=R118 NewDesignator=R114
Change Component Designator: OldDesignator=R119 NewDesignator=R115
Change Component Designator: OldDesignator=R120 NewDesignator=R116
Change Component Designator: OldDesignator=U5 NewDesignator=U4
Change Component Designator: OldDesignator=U6 NewDesignator=U5
Change Component Designator: OldDesignator=U7 NewDesignator=U6
Change Component Designator: OldDesignator=U8 NewDesignator=U7
Change Component Designator: OldDesignator=U9 NewDesignator=U8
Change Component Designator: OldDesignator=U10 NewDesignator=U9
Change Component Designator: OldDesignator=U11 NewDesignator=U10
Change Component Designator: OldDesignator=U12 NewDesignator=U11
Change component parameters: Designator = "R12" ("R12"); Footprint = "RESC2012X65N"; UniqueID = "\KFHBBZUV" ("\KFHBBZUV")
Change component parameters (AddParameter): Name = "Check_prices"; Value = "https://www.snapeda.com/parts/CPF1206B10KE1/TE+Connectivity/view-part/?ref=eda"; VariantName = "[No Variations]"
Change component parameters (AddParameter): Name = "EU_RoHS_Compliance"; Value = "Compliant"; VariantName = "[No Variations]"
Change component parameters (AddParameter): Name = "MF"; Value = "TE Connectivity"; VariantName = "[No Variations]"
Change component parameters (AddParameter): Name = "MP"; Value = "CPF1206B10KE1"; VariantName = "[No Variations]"
Change component parameters (AddParameter): Name = "Package"; Value = "1206"; VariantName = "[No Variations]"
Change component parameters (AddParameter): Name = "Power_Rating"; Value = ".125 W"; VariantName = "[No Variations]"
Change component parameters (AddParameter): Name = "Resistance"; Value = "10K"; VariantName = "[No Variations]"
Change component parameters (AddParameter): Name = "SnapEDA_Link"; Value = "https://www.snapeda.com/parts/CPF1206B10KE1/TE+Connectivity/view-part/?ref=snap"; VariantName = "[No Variations]"
Change component parameters (AddParameter): Name = "Tolerance"; Value = ".1%"; VariantName = "[No Variations]"
Change component parameters (AddParameter): Name = "Value"; Value = ""; VariantName = "[No Variations]"
Change component parameters (AddParameter): Name = "Voltage_Rating"; Value = "150 V"; VariantName = "[No Variations]"
Change component parameters: Designator = "R13" ("R13"); Footprint = "RESC2012X65N"; UniqueID = "\UECXHLGE" ("\UECXHLGE")
Change component parameters (AddParameter): Name = "Check_prices"; Value = "https://www.snapeda.com/parts/CPF1206B10KE1/TE+Connectivity/view-part/?ref=eda"; VariantName = "[No Variations]"
Change component parameters (AddParameter): Name = "EU_RoHS_Compliance"; Value = "Compliant"; VariantName = "[No Variations]"
Change component parameters (AddParameter): Name = "MF"; Value = "TE Connectivity"; VariantName = "[No Variations]"
Change component parameters (AddParameter): Name = "MP"; Value = "CPF1206B10KE1"; VariantName = "[No Variations]"
Change component parameters (AddParameter): Name = "Package"; Value = "1206"; VariantName = "[No Variations]"
Change component parameters (AddParameter): Name = "Power_Rating"; Value = ".125 W"; VariantName = "[No Variations]"
Change component parameters (AddParameter): Name = "Resistance"; Value = "10K"; VariantName = "[No Variations]"
Change component parameters (AddParameter): Name = "SnapEDA_Link"; Value = "https://www.snapeda.com/parts/CPF1206B10KE1/TE+Connectivity/view-part/?ref=snap"; VariantName = "[No Variations]"
Change component parameters (AddParameter): Name = "Tolerance"; Value = ".1%"; VariantName = "[No Variations]"
Change component parameters (AddParameter): Name = "Value"; Value = ""; VariantName = "[No Variations]"
Change component parameters (AddParameter): Name = "Voltage_Rating"; Value = "150 V"; VariantName = "[No Variations]"
Added Component: Designator=D2(DIOM4325X250N)
Add component (AddParameter): Name = "Check_prices"; Value = "https://www.snapeda.com/parts/SMAJ26A/taiwan/view-part/?ref=eda"; VariantName = "[No Variations]"
Add component (AddParameter): Name = "MF"; Value = "Taiwan Semiconductor"; VariantName = "[No Variations]"
Add component (AddParameter): Name = "MP"; Value = "SMAJ26A"; VariantName = "[No Variations]"
Add component (AddParameter): Name = "Package"; Value = "SMA-2 Taiwan Semiconductor"; VariantName = "[No Variations]"
Add component (AddParameter): Name = "SnapEDA_Link"; Value = "https://www.snapeda.com/parts/SMAJ26A/taiwan/view-part/?ref=snap"; VariantName = "[No Variations]"
Add component (AddParameter): Name = "Value"; Value = ""; VariantName = "[No Variations]"
Added Component: Designator=D3(DIOM4325X250N)
Add component (AddParameter): Name = "Check_prices"; Value = "https://www.snapeda.com/parts/SMAJ26A/taiwan/view-part/?ref=eda"; VariantName = "[No Variations]"
Add component (AddParameter): Name = "MF"; Value = "Taiwan Semiconductor"; VariantName = "[No Variations]"
Add component (AddParameter): Name = "MP"; Value = "SMAJ26A"; VariantName = "[No Variations]"
Add component (AddParameter): Name = "Package"; Value = "SMA-2 Taiwan Semiconductor"; VariantName = "[No Variations]"
Add component (AddParameter): Name = "SnapEDA_Link"; Value = "https://www.snapeda.com/parts/SMAJ26A/taiwan/view-part/?ref=snap"; VariantName = "[No Variations]"
Add component (AddParameter): Name = "Value"; Value = ""; VariantName = "[No Variations]"
Added Component: Designator=D30(DIOM4325X250N)
Add component (AddParameter): Name = "Check_prices"; Value = "https://www.snapeda.com/parts/SMAJ26A/taiwan/view-part/?ref=eda"; VariantName = "[No Variations]"
Add component (AddParameter): Name = "MF"; Value = "Taiwan Semiconductor"; VariantName = "[No Variations]"
Add component (AddParameter): Name = "MP"; Value = "SMAJ26A"; VariantName = "[No Variations]"
Add component (AddParameter): Name = "Package"; Value = "SMA-2 Taiwan Semiconductor"; VariantName = "[No Variations]"
Add component (AddParameter): Name = "SnapEDA_Link"; Value = "https://www.snapeda.com/parts/SMAJ26A/taiwan/view-part/?ref=snap"; VariantName = "[No Variations]"
Add component (AddParameter): Name = "Value"; Value = ""; VariantName = "[No Variations]"
Added Component: Designator=D31(DIOM4325X250N)
Add component (AddParameter): Name = "Check_prices"; Value = "https://www.snapeda.com/parts/SMAJ26A/taiwan/view-part/?ref=eda"; VariantName = "[No Variations]"
Add component (AddParameter): Name = "MF"; Value = "Taiwan Semiconductor"; VariantName = "[No Variations]"
Add component (AddParameter): Name = "MP"; Value = "SMAJ26A"; VariantName = "[No Variations]"
Add component (AddParameter): Name = "Package"; Value = "SMA-2 Taiwan Semiconductor"; VariantName = "[No Variations]"
Add component (AddParameter): Name = "SnapEDA_Link"; Value = "https://www.snapeda.com/parts/SMAJ26A/taiwan/view-part/?ref=snap"; VariantName = "[No Variations]"
Add component (AddParameter): Name = "Value"; Value = ""; VariantName = "[No Variations]"
Added Component: Designator=K1(REL_SPDT_5_1512)
Add component (AddParameter): Name = "MANF"; Value = "OMRON"; VariantName = "[No Variations]"
Add component (AddParameter): Name = "MANF_P#"; Value = "G8QN-1C4 DC12"; VariantName = "[No Variations]"
Add component (AddParameter): Name = "PARAM"; Value = "12V, 50mA"; VariantName = "[No Variations]"
Add component (AddParameter): Name = "PARAM2"; Value = "16VDC, 30A"; VariantName = "[No Variations]"
Add component (AddParameter): Name = "PRICE"; Value = "PRICE"; VariantName = "[No Variations]"
Add component (AddParameter): Name = "Value"; Value = "RELAY_SPDT"; VariantName = "[No Variations]"
Added Component: Designator=K2(REL_SPDT_5_1512)
Add component (AddParameter): Name = "MANF"; Value = "OMRON"; VariantName = "[No Variations]"
Add component (AddParameter): Name = "MANF_P#"; Value = "G8QN-1C4 DC12"; VariantName = "[No Variations]"
Add component (AddParameter): Name = "PARAM"; Value = "12V, 50mA"; VariantName = "[No Variations]"
Add component (AddParameter): Name = "PARAM2"; Value = "16VDC, 30A"; VariantName = "[No Variations]"
Add component (AddParameter): Name = "PRICE"; Value = "PRICE"; VariantName = "[No Variations]"
Add component (AddParameter): Name = "Value"; Value = "RELAY_SPDT"; VariantName = "[No Variations]"
Added Component: Designator=K5(REL_SPDT_5_1512)
Add component (AddParameter): Name = "MANF"; Value = "OMRON"; VariantName = "[No Variations]"
Add component (AddParameter): Name = "MANF_P#"; Value = "G8QN-1C4 DC12"; VariantName = "[No Variations]"
Add component (AddParameter): Name = "PARAM"; Value = "12V, 50mA"; VariantName = "[No Variations]"
Add component (AddParameter): Name = "PARAM2"; Value = "16VDC, 30A"; VariantName = "[No Variations]"
Add component (AddParameter): Name = "PRICE"; Value = "PRICE"; VariantName = "[No Variations]"
Add component (AddParameter): Name = "Value"; Value = "RELAY_SPDT"; VariantName = "[No Variations]"
Added Component: Designator=K6(REL_SPDT_5_1512)
Add component (AddParameter): Name = "MANF"; Value = "OMRON"; VariantName = "[No Variations]"
Add component (AddParameter): Name = "MANF_P#"; Value = "G8QN-1C4 DC12"; VariantName = "[No Variations]"
Add component (AddParameter): Name = "PARAM"; Value = "12V, 50mA"; VariantName = "[No Variations]"
Add component (AddParameter): Name = "PARAM2"; Value = "16VDC, 30A"; VariantName = "[No Variations]"
Add component (AddParameter): Name = "PRICE"; Value = "PRICE"; VariantName = "[No Variations]"
Add component (AddParameter): Name = "Value"; Value = "RELAY_SPDT"; VariantName = "[No Variations]"
Added Component: Designator=Q3(TRANS_SS8050-G)
Add component (AddParameter): Name = "Check_prices"; Value = "https://www.snapeda.com/parts/SS8050G/Comchip/view-part/?ref=eda"; VariantName = "[No Variations]"
Add component (AddParameter): Name = "Digi-Key_Part_Number"; Value = "641-1790-2-ND"; VariantName = "[No Variations]"
Add component (AddParameter): Name = "MF"; Value = "Comchip"; VariantName = "[No Variations]"
Add component (AddParameter): Name = "MP"; Value = "SS8050G"; VariantName = "[No Variations]"
Add component (AddParameter): Name = "Package"; Value = "None"; VariantName = "[No Variations]"
Add component (AddParameter): Name = "SnapEDA_Link"; Value = "https://www.snapeda.com/parts/SS8050G/Comchip/view-part/?ref=snap"; VariantName = "[No Variations]"
Add component (AddParameter): Name = "Value"; Value = ""; VariantName = "[No Variations]"
Added Component: Designator=Q4(TRANS_SS8050-G)
Add component (AddParameter): Name = "Check_prices"; Value = "https://www.snapeda.com/parts/SS8050G/Comchip/view-part/?ref=eda"; VariantName = "[No Variations]"
Add component (AddParameter): Name = "Digi-Key_Part_Number"; Value = "641-1790-2-ND"; VariantName = "[No Variations]"
Add component (AddParameter): Name = "MF"; Value = "Comchip"; VariantName = "[No Variations]"
Add component (AddParameter): Name = "MP"; Value = "SS8050G"; VariantName = "[No Variations]"
Add component (AddParameter): Name = "Package"; Value = "None"; VariantName = "[No Variations]"
Add component (AddParameter): Name = "SnapEDA_Link"; Value = "https://www.snapeda.com/parts/SS8050G/Comchip/view-part/?ref=snap"; VariantName = "[No Variations]"
Add component (AddParameter): Name = "Value"; Value = ""; VariantName = "[No Variations]"
Added Component: Designator=Q29(TRANS_SS8050-G)
Add component (AddParameter): Name = "Check_prices"; Value = "https://www.snapeda.com/parts/SS8050G/Comchip/view-part/?ref=eda"; VariantName = "[No Variations]"
Add component (AddParameter): Name = "Digi-Key_Part_Number"; Value = "641-1790-2-ND"; VariantName = "[No Variations]"
Add component (AddParameter): Name = "MF"; Value = "Comchip"; VariantName = "[No Variations]"
Add component (AddParameter): Name = "MP"; Value = "SS8050G"; VariantName = "[No Variations]"
Add component (AddParameter): Name = "Package"; Value = "None"; VariantName = "[No Variations]"
Add component (AddParameter): Name = "SnapEDA_Link"; Value = "https://www.snapeda.com/parts/SS8050G/Comchip/view-part/?ref=snap"; VariantName = "[No Variations]"
Add component (AddParameter): Name = "Value"; Value = ""; VariantName = "[No Variations]"
Added Component: Designator=Q30(TRANS_SS8050-G)
Add component (AddParameter): Name = "Check_prices"; Value = "https://www.snapeda.com/parts/SS8050G/Comchip/view-part/?ref=eda"; VariantName = "[No Variations]"
Add component (AddParameter): Name = "Digi-Key_Part_Number"; Value = "641-1790-2-ND"; VariantName = "[No Variations]"
Add component (AddParameter): Name = "MF"; Value = "Comchip"; VariantName = "[No Variations]"
Add component (AddParameter): Name = "MP"; Value = "SS8050G"; VariantName = "[No Variations]"
Add component (AddParameter): Name = "Package"; Value = "None"; VariantName = "[No Variations]"
Add component (AddParameter): Name = "SnapEDA_Link"; Value = "https://www.snapeda.com/parts/SS8050G/Comchip/view-part/?ref=snap"; VariantName = "[No Variations]"
Add component (AddParameter): Name = "Value"; Value = ""; VariantName = "[No Variations]"
Added Component: Designator=R109(RESC3015X65N)
Add component (AddParameter): Name = "Check_prices"; Value = "https://www.snapeda.com/parts/CPF1206B10KE1/TE+Connectivity/view-part/?ref=eda"; VariantName = "[No Variations]"
Add component (AddParameter): Name = "EU_RoHS_Compliance"; Value = "Compliant"; VariantName = "[No Variations]"
Add component (AddParameter): Name = "MF"; Value = "TE Connectivity"; VariantName = "[No Variations]"
Add component (AddParameter): Name = "MP"; Value = "CPF1206B10KE1"; VariantName = "[No Variations]"
Add component (AddParameter): Name = "Package"; Value = "1206"; VariantName = "[No Variations]"
Add component (AddParameter): Name = "Power_Rating"; Value = ".125 W"; VariantName = "[No Variations]"
Add component (AddParameter): Name = "Resistance"; Value = "10K"; VariantName = "[No Variations]"
Add component (AddParameter): Name = "SnapEDA_Link"; Value = "https://www.snapeda.com/parts/CPF1206B10KE1/TE+Connectivity/view-part/?ref=snap"; VariantName = "[No Variations]"
Add component (AddParameter): Name = "Tolerance"; Value = ".1%"; VariantName = "[No Variations]"
Add component (AddParameter): Name = "Value"; Value = ""; VariantName = "[No Variations]"
Add component (AddParameter): Name = "Voltage_Rating"; Value = "150 V"; VariantName = "[No Variations]"
Added Component: Designator=R110(RESC3015X65N)
Add component (AddParameter): Name = "Check_prices"; Value = "https://www.snapeda.com/parts/CPF1206B10KE1/TE+Connectivity/view-part/?ref=eda"; VariantName = "[No Variations]"
Add component (AddParameter): Name = "EU_RoHS_Compliance"; Value = "Compliant"; VariantName = "[No Variations]"
Add component (AddParameter): Name = "MF"; Value = "TE Connectivity"; VariantName = "[No Variations]"
Add component (AddParameter): Name = "MP"; Value = "CPF1206B10KE1"; VariantName = "[No Variations]"
Add component (AddParameter): Name = "Package"; Value = "1206"; VariantName = "[No Variations]"
Add component (AddParameter): Name = "Power_Rating"; Value = ".125 W"; VariantName = "[No Variations]"
Add component (AddParameter): Name = "Resistance"; Value = "10K"; VariantName = "[No Variations]"
Add component (AddParameter): Name = "SnapEDA_Link"; Value = "https://www.snapeda.com/parts/CPF1206B10KE1/TE+Connectivity/view-part/?ref=snap"; VariantName = "[No Variations]"
Add component (AddParameter): Name = "Tolerance"; Value = ".1%"; VariantName = "[No Variations]"
Add component (AddParameter): Name = "Value"; Value = ""; VariantName = "[No Variations]"
Add component (AddParameter): Name = "Voltage_Rating"; Value = "150 V"; VariantName = "[No Variations]"
Added Pin To Net: NetName=12v Pin=D2-C
Added Pin To Net: NetName=12v Pin=D3-C
Added Pin To Net: NetName=12v Pin=D30-C
Added Pin To Net: NetName=12v Pin=D31-C
Added Pin To Net: NetName=jack_extend1 Pin=K1-1
Added Pin To Net: NetName=GND Pin=K1-2
Added Pin To Net: NetName=24v_jack1 Pin=K1-3
Added Pin To Net: NetName=12v Pin=K1-4
Added Pin To Net: NetName=jack_retract1 Pin=K2-1
Added Pin To Net: NetName=GND Pin=K2-2
Added Pin To Net: NetName=24v_jack1 Pin=K2-3
Added Pin To Net: NetName=12v Pin=K2-4
Added Pin To Net: NetName=jack_extend2 Pin=K5-1
Added Pin To Net: NetName=GND Pin=K5-2
Added Pin To Net: NetName=24v_jack2 Pin=K5-3
Added Pin To Net: NetName=12v Pin=K5-4
Added Pin To Net: NetName=jack_retract2 Pin=K6-1
Added Pin To Net: NetName=GND Pin=K6-2
Added Pin To Net: NetName=24v_jack2 Pin=K6-3
Added Pin To Net: NetName=12v Pin=K6-4
Added Pin To Net: NetName=GND Pin=Q3-2
Added Pin To Net: NetName=GND Pin=Q4-2
Added Pin To Net: NetName=GND Pin=Q29-2
Added Pin To Net: NetName=GND Pin=Q30-2
Added Pin To Net: NetName=NetR12_2 Pin=U3-55
Change Net Name : Old Net Name=NetC17_1 New Net Name=NetC13_1
Change Net Name : Old Net Name=NetC17_2 New Net Name=NetC13_2
Change Net Name : Old Net Name=NetC18_1 New Net Name=NetC14_1
Change Net Name : Old Net Name=NetC18_2 New Net Name=NetC14_2
Change Net Name : Old Net Name=NetC19_1 New Net Name=NetC15_1
Change Net Name : Old Net Name=NetC19_2 New Net Name=NetC15_2
Change Net Name : Old Net Name=NetC20_1 New Net Name=NetC16_1
Change Net Name : Old Net Name=NetC20_2 New Net Name=NetC16_2
Change Net Name : Old Net Name=NetC21_1 New Net Name=NetC17_1
Change Net Name : Old Net Name=NetC21_2 New Net Name=NetC17_2
Change Net Name : Old Net Name=NetC22_1 New Net Name=NetC18_1
Change Net Name : Old Net Name=NetC22_2 New Net Name=NetC18_2
Change Net Name : Old Net Name=NetC23_1 New Net Name=NetC19_1
Change Net Name : Old Net Name=NetC23_2 New Net Name=NetC19_2
Change Net Name : Old Net Name=NetC24_1 New Net Name=NetC20_1
Change Net Name : Old Net Name=NetC24_2 New Net Name=NetC20_2
Change Net Name : Old Net Name=NetD2_A New Net Name=NetD4_A
Change Net Name : Old Net Name=NetD3_A New Net Name=NetD5_A
Change Net Name : Old Net Name=NetD4_1 New Net Name=NetD6_1
Change Net Name : Old Net Name=NetD4_2 New Net Name=NetD6_2
Change Net Name : Old Net Name=NetD5_1 New Net Name=NetD7_1
Change Net Name : Old Net Name=NetD5_2 New Net Name=NetD7_2
Change Net Name : Old Net Name=NetD6_1 New Net Name=NetD8_1
Change Net Name : Old Net Name=NetD6_2 New Net Name=NetD8_2
Change Net Name : Old Net Name=NetD7_1 New Net Name=NetD9_1
Change Net Name : Old Net Name=NetD7_2 New Net Name=NetD9_2
Change Net Name : Old Net Name=NetD8_1 New Net Name=NetD10_1
Change Net Name : Old Net Name=NetD8_2 New Net Name=NetD10_2
Change Net Name : Old Net Name=NetD9_1 New Net Name=NetD11_1
Change Net Name : Old Net Name=NetD9_2 New Net Name=NetD11_2
Change Net Name : Old Net Name=NetD10_1 New Net Name=NetD12_1
Change Net Name : Old Net Name=NetD10_2 New Net Name=NetD12_2
Change Net Name : Old Net Name=NetD11_1 New Net Name=NetD13_1
Change Net Name : Old Net Name=NetD11_2 New Net Name=NetD13_2
Change Net Name : Old Net Name=NetD12_1 New Net Name=NetD14_1
Change Net Name : Old Net Name=NetD12_2 New Net Name=NetD14_2
Change Net Name : Old Net Name=NetD13_1 New Net Name=NetD15_1
Change Net Name : Old Net Name=NetD13_2 New Net Name=NetD15_2
Change Net Name : Old Net Name=NetD14_1 New Net Name=NetD16_1
Change Net Name : Old Net Name=NetD14_2 New Net Name=NetD16_2
Change Net Name : Old Net Name=NetD15_1 New Net Name=NetD17_1
Change Net Name : Old Net Name=NetD15_2 New Net Name=NetD17_2
Change Net Name : Old Net Name=NetD16_1 New Net Name=NetD18_1
Change Net Name : Old Net Name=NetD16_2 New Net Name=NetD18_2
Change Net Name : Old Net Name=NetD17_1 New Net Name=NetD19_1
Change Net Name : Old Net Name=NetD17_2 New Net Name=NetD19_2
Change Net Name : Old Net Name=NetD18_1 New Net Name=NetD20_1
Change Net Name : Old Net Name=NetD18_2 New Net Name=NetD20_2
Change Net Name : Old Net Name=NetD19_1 New Net Name=NetD21_1
Change Net Name : Old Net Name=NetD19_2 New Net Name=NetD21_2
Change Net Name : Old Net Name=NetD20_1 New Net Name=NetD22_1
Change Net Name : Old Net Name=NetD20_2 New Net Name=NetD22_2
Change Net Name : Old Net Name=NetD21_1 New Net Name=NetD23_1
Change Net Name : Old Net Name=NetD21_2 New Net Name=NetD23_2
Change Net Name : Old Net Name=NetD22_1 New Net Name=NetD24_1
Change Net Name : Old Net Name=NetD22_2 New Net Name=NetD24_2
Change Net Name : Old Net Name=NetD23_1 New Net Name=NetD25_1
Change Net Name : Old Net Name=NetD23_2 New Net Name=NetD25_2
Change Net Name : Old Net Name=NetD24_1 New Net Name=NetD26_1
Change Net Name : Old Net Name=NetD24_2 New Net Name=NetD26_2
Change Net Name : Old Net Name=NetD25_1 New Net Name=NetD27_1
Change Net Name : Old Net Name=NetD25_2 New Net Name=NetD27_2
Change Net Name : Old Net Name=NetD26_1 New Net Name=NetD28_1
Change Net Name : Old Net Name=NetD26_2 New Net Name=NetD28_2
Change Net Name : Old Net Name=NetD27_1 New Net Name=NetD29_1
Change Net Name : Old Net Name=NetD27_2 New Net Name=NetD29_2
Change Net Name : Old Net Name=NetD28_A New Net Name=NetD32_A
Change Net Name : Old Net Name=NetD29_A New Net Name=NetD33_A
Change Net Name : Old Net Name=NetQ3_2 New Net Name=NetQ5_2
Change Net Name : Old Net Name=NetQ4_2 New Net Name=NetQ6_2
Change Net Name : Old Net Name=NetQ5_1 New Net Name=NetQ7_1
Change Net Name : Old Net Name=NetQ6_1 New Net Name=NetQ8_1
Change Net Name : Old Net Name=NetQ7_1 New Net Name=NetQ9_1
Change Net Name : Old Net Name=NetQ8_1 New Net Name=NetQ10_1
Change Net Name : Old Net Name=NetQ9_1 New Net Name=NetQ11_1
Change Net Name : Old Net Name=NetQ10_1 New Net Name=NetQ12_1
Change Net Name : Old Net Name=NetQ11_1 New Net Name=NetQ13_1
Change Net Name : Old Net Name=NetQ12_1 New Net Name=NetQ14_1
Change Net Name : Old Net Name=NetQ13_1 New Net Name=NetQ15_1
Change Net Name : Old Net Name=NetQ14_1 New Net Name=NetQ16_1
Change Net Name : Old Net Name=NetQ15_1 New Net Name=NetQ17_1
Change Net Name : Old Net Name=NetQ16_1 New Net Name=NetQ18_1
Change Net Name : Old Net Name=NetQ17_1 New Net Name=NetQ19_1
Change Net Name : Old Net Name=NetQ18_1 New Net Name=NetQ20_1
Change Net Name : Old Net Name=NetQ19_1 New Net Name=NetQ21_1
Change Net Name : Old Net Name=NetQ20_1 New Net Name=NetQ22_1
Change Net Name : Old Net Name=NetQ21_1 New Net Name=NetQ23_1
Change Net Name : Old Net Name=NetQ22_1 New Net Name=NetQ24_1
Change Net Name : Old Net Name=NetQ23_2 New Net Name=NetQ25_2
Change Net Name : Old Net Name=NetQ24_2 New Net Name=NetQ26_2
Change Net Name : Old Net Name=NetQ25_2 New Net Name=NetQ27_2
Change Net Name : Old Net Name=NetQ26_2 New Net Name=NetQ28_2
Change Net Name : Old Net Name=NetQ27_2 New Net Name=NetQ31_2
Change Net Name : Old Net Name=NetQ28_2 New Net Name=NetQ32_2
Change Net Name : Old Net Name=NetQ29_1 New Net Name=NetQ33_1
Change Net Name : Old Net Name=NetQ30_1 New Net Name=NetQ34_1
Change Net Name : Old Net Name=NetR20_2 New Net Name=NetR18_2
Change Net Name : Old Net Name=NetR21_2 New Net Name=NetR19_2
Change Net Name : Old Net Name=NetR30_2 New Net Name=NetR28_2
Change Net Name : Old Net Name=NetR31_2 New Net Name=NetR29_2
Change Net Name : Old Net Name=NetR32_2 New Net Name=NetR30_2
Change Net Name : Old Net Name=NetR33_2 New Net Name=NetR31_2
Change Net Name : Old Net Name=NetR34_2 New Net Name=NetR32_2
Change Net Name : Old Net Name=NetR35_2 New Net Name=NetR33_2
Change Net Name : Old Net Name=NetR36_2 New Net Name=NetR34_2
Change Net Name : Old Net Name=NetR37_2 New Net Name=NetR35_2
Change Net Name : Old Net Name=NetR46_2 New Net Name=NetR44_2
Change Net Name : Old Net Name=NetR47_2 New Net Name=NetR45_2
Change Net Name : Old Net Name=NetR48_2 New Net Name=NetR46_2
Change Net Name : Old Net Name=NetR49_2 New Net Name=NetR47_2
Change Net Name : Old Net Name=NetR50_2 New Net Name=NetR48_2
Change Net Name : Old Net Name=NetR51_2 New Net Name=NetR49_2
Change Net Name : Old Net Name=NetR52_2 New Net Name=NetR50_2
Change Net Name : Old Net Name=NetR53_2 New Net Name=NetR51_2
Change Net Name : Old Net Name=NetR54_1 New Net Name=NetR52_1
Change Net Name : Old Net Name=NetR59_2 New Net Name=NetR57_2
Change Net Name : Old Net Name=NetR61_2 New Net Name=NetR59_2
Change Net Name : Old Net Name=NetR63_2 New Net Name=NetR61_2
Change Net Name : Old Net Name=NetR65_2 New Net Name=NetR63_2
Change Net Name : Old Net Name=NetR71_2 New Net Name=NetR69_2
Change Net Name : Old Net Name=NetR73_2 New Net Name=NetR71_2
Change Net Name : Old Net Name=NetR75_2 New Net Name=NetR73_2
Change Net Name : Old Net Name=NetR77_2 New Net Name=NetR75_2
Change Net Name : Old Net Name=NetR83_2 New Net Name=NetR81_2
Change Net Name : Old Net Name=NetR85_2 New Net Name=NetR83_2
Change Net Name : Old Net Name=NetR87_2 New Net Name=NetR85_2
Change Net Name : Old Net Name=NetR89_2 New Net Name=NetR87_2
Change Net Name : Old Net Name=NetR95_2 New Net Name=NetR93_2
Change Net Name : Old Net Name=NetR97_2 New Net Name=NetR95_2
Change Net Name : Old Net Name=NetR99_2 New Net Name=NetR97_2
Change Net Name : Old Net Name=NetR101_2 New Net Name=NetR99_2
Change Net Name : Old Net Name=NetR119_2 New Net Name=NetR115_2
Change Net Name : Old Net Name=NetR120_2 New Net Name=NetR116_2
Added Pin To Net: NetName=NetD2_A Pin=D2-A
Added Pin To Net: NetName=NetD2_A Pin=K1-5
Added Pin To Net: NetName=NetD2_A Pin=Q3-3
Added Net: Name=NetD2_A
Added Pin To Net: NetName=NetD3_A Pin=D3-A
Added Pin To Net: NetName=NetD3_A Pin=K2-5
Added Pin To Net: NetName=NetD3_A Pin=Q4-3
Added Net: Name=NetD3_A
Added Pin To Net: NetName=NetD30_A Pin=D30-A
Added Pin To Net: NetName=NetD30_A Pin=K5-5
Added Pin To Net: NetName=NetD30_A Pin=Q29-3
Added Net: Name=NetD30_A
Added Pin To Net: NetName=NetD31_A Pin=D31-A
Added Pin To Net: NetName=NetD31_A Pin=K6-5
Added Pin To Net: NetName=NetD31_A Pin=Q30-3
Added Net: Name=NetD31_A
Added Pin To Net: NetName=NetQ3_1 Pin=Q3-1
Added Pin To Net: NetName=NetQ3_1 Pin=R12-1
Added Net: Name=NetQ3_1
Added Pin To Net: NetName=NetQ4_1 Pin=Q4-1
Added Pin To Net: NetName=NetQ4_1 Pin=R13-1
Added Net: Name=NetQ4_1
Added Pin To Net: NetName=NetQ29_1 Pin=Q29-1
Added Pin To Net: NetName=NetQ29_1 Pin=R109-1
Added Net: Name=NetQ29_1
Added Pin To Net: NetName=NetQ30_1 Pin=Q30-1
Added Pin To Net: NetName=NetQ30_1 Pin=R110-1
Added Net: Name=NetQ30_1
Added Pin To Net: NetName=NetR13_2 Pin=R13-2
Added Pin To Net: NetName=NetR13_2 Pin=U3-56
Added Net: Name=NetR13_2
Added Pin To Net: NetName=NetR109_2 Pin=R109-2
Added Pin To Net: NetName=NetR109_2 Pin=U3-50
Added Net: Name=NetR109_2
Added Pin To Net: NetName=NetR110_2 Pin=R110-2
Added Pin To Net: NetName=NetR110_2 Pin=U3-51
Added Net: Name=NetR110_2
Added Member To Class: ClassName=jack driver 1 Member=Component D2 1N4007-SMA
Added Member To Class: ClassName=jack driver 1 Member=Component D3 1N4007-SMA
Added Member To Class: ClassName=jack driver 2 Member=Component D30 1N4007-SMA
Added Member To Class: ClassName=jack driver 2 Member=Component D31 1N4007-SMA
Added Member To Class: ClassName=motor driver 1 Member=Component JP2 HDRF3
Added Member To Class: ClassName=jack driver 2 Member=Component JP3 HDRF3
Added Member To Class: ClassName=motor driver 2 Member=Component JP4 HDRF3
Added Member To Class: ClassName=jack driver 1 Member=Component K1 RELAY_SPDT
Added Member To Class: ClassName=jack driver 1 Member=Component K2 RELAY_SPDT
Added Member To Class: ClassName=jack driver 2 Member=Component K5 RELAY_SPDT
Added Member To Class: ClassName=jack driver 2 Member=Component K6 RELAY_SPDT
Added Member To Class: ClassName=jack driver 1 Member=Component Q3 SS8050
Added Member To Class: ClassName=jack driver 1 Member=Component Q4 SS8050
Added Member To Class: ClassName=jack driver 2 Member=Component Q29 SS8050
Added Member To Class: ClassName=jack driver 2 Member=Component Q30 SS8050
Added Member To Class: ClassName=jack driver 2 Member=Component R109 4.7k-1206
Added Member To Class: ClassName=jack driver 2 Member=Component R110 4.7k-1206
