Removed Member From Class: ClassName=jack driver 1 Member=
Removed Member From Class: ClassName=jack driver 2 Member=
Removed Member From Class: ClassName=MCU Member=
Removed Member From Class: ClassName=motor driver 1 Member=
Removed Member From Class: ClassName=motor driver 2 Member=
Removed Member From Class: ClassName=Power Member=
Removed Member From Class: ClassName=receiver 1 Member=
Removed Member From Class: ClassName=receiver 2 Member=
Change Component Comment : Designator= Old Comment= New Comment=1N4007-SMA
Change Component Comment : Designator= Old Comment= New Comment=1N4007-SMA
Change Component Comment : Designator= Old Comment= New Comment=1N4007-SMA
Change Component Comment : Designator= Old Comment= New Comment=1N4007-SMA
Change Component Comment : Designator= Old Comment= New Comment=1N4007-SMA
Change Component Comment : Designator= Old Comment= New Comment=1N4007-SMA
Change Component Comment : Designator= Old Comment= New Comment=1N4007-SMA
Change Component Comment : Designator= Old Comment= New Comment=1N4007-SMA
Change Component Comment : Designator= Old Comment= New Comment=1nf-1206
Change Component Comment : Designator= Old Comment= New Comment=1nf-1206
Change Component Comment : Designator= Old Comment= New Comment=1nf-1206
Change Component Comment : Designator= Old Comment= New Comment=1nF-1206
Change Component Comment : Designator= Old Comment= New Comment=1nf-1206
Change Component Comment : Designator= Old Comment= New Comment=1nf-1206
Change Component Comment : Designator= Old Comment= New Comment=1uf-1206
Change Component Comment : Designator= Old Comment= New Comment=1uf-1206
Change Component Comment : Designator= Old Comment= New Comment=1uf-1206
Change Component Comment : Designator= Old Comment= New Comment=1uf-1206
Change Component Comment : Designator= Old Comment= New Comment=1uf-1206
Change Component Comment : Designator= Old Comment= New Comment=1uf-1206
Change Component Comment : Designator= Old Comment= New Comment=1uf-1206
Change Component Comment : Designator= Old Comment= New Comment=1uf-1206
Change Component Comment : Designator= Old Comment= New Comment=1uf-1206
Change Component Comment : Designator= Old Comment= New Comment=1uf-1206
Change Component Comment : Designator= Old Comment= New Comment=1uf-1206
Change Component Comment : Designator= Old Comment= New Comment=1uf-1206
Change Component Comment : Designator= Old Comment= New Comment=1uf-1206
Change Component Comment : Designator= Old Comment= New Comment=2N7002
Change Component Comment : Designator= Old Comment= New Comment=2N7002
Change Component Comment : Designator= Old Comment= New Comment=2N7002
Change Component Comment : Designator= Old Comment= New Comment=2N7002
Change Component Comment : Designator= Old Comment= New Comment=2N7002
Change Component Comment : Designator= Old Comment= New Comment=2N7002
Change Component Comment : Designator= Old Comment= New Comment=2N7002
Change Component Comment : Designator= Old Comment= New Comment=2N7002
Change Component Comment : Designator= Old Comment= New Comment=2N7002
Change Component Comment : Designator= Old Comment= New Comment=2N7002
Change Component Comment : Designator= Old Comment= New Comment=4.7k -0805
Change Component Comment : Designator= Old Comment= New Comment=4.7k -0805
Change Component Comment : Designator= Old Comment= New Comment=4.7k-1206
Change Component Comment : Designator= Old Comment= New Comment=4.7k-1206
Change Component Comment : Designator= Old Comment= New Comment=4.7k-1206
Change Component Comment : Designator= Old Comment= New Comment=4.7k-1206
Change Component Comment : Designator= Old Comment= New Comment=4.7k-1206
Change Component Comment : Designator= Old Comment= New Comment=4.7k-1206
Change Component Comment : Designator= Old Comment= New Comment=4.7k-1206
Change Component Comment : Designator= Old Comment= New Comment=4.7k-1206
Change Component Comment : Designator= Old Comment= New Comment=4.7k-1206
Change Component Comment : Designator= Old Comment= New Comment=4.7k-1206
Change Component Comment : Designator= Old Comment= New Comment=4.7k-1206
Change Component Comment : Designator= Old Comment= New Comment=4.7k-1206
Change Component Comment : Designator= Old Comment= New Comment=4.7k-1206
Change Component Comment : Designator= Old Comment= New Comment=4.7k-1206
Change Component Comment : Designator= Old Comment= New Comment=4.7k-1206
Change Component Comment : Designator= Old Comment= New Comment=4.7k-1206
Change Component Comment : Designator= Old Comment= New Comment=4.7k-1206
Change Component Comment : Designator= Old Comment= New Comment=4.7k-1206
Change Component Comment : Designator= Old Comment= New Comment=4.7k-1206
Change Component Comment : Designator= Old Comment= New Comment=4.7k-1206
Change Component Comment : Designator= Old Comment= New Comment=4.7k-1206
Change Component Comment : Designator= Old Comment= New Comment=4.7k-1206
Change Component Comment : Designator= Old Comment= New Comment=4.7k-1206
Change Component Comment : Designator= Old Comment= New Comment=4.7k-1206
Change Component Comment : Designator= Old Comment= New Comment=4.7k-1206
Change Component Comment : Designator= Old Comment= New Comment=4.7k-1206
Change Component Comment : Designator= Old Comment= New Comment=4.7k-1206
Change Component Comment : Designator= Old Comment= New Comment=4.7k-1206
Change Component Comment : Designator= Old Comment= New Comment=4.7k-1206
Change Component Comment : Designator= Old Comment= New Comment=4.7k-1206
Change Component Comment : Designator= Old Comment= New Comment=4.7k-1206
Change Component Comment : Designator= Old Comment= New Comment=4.7k-1206
Change Component Comment : Designator= Old Comment= New Comment=4.7k-1206
Change Component Comment : Designator= Old Comment= New Comment=4.7k-1206
Change Component Comment : Designator= Old Comment= New Comment=4.7k-1206
Change Component Comment : Designator= Old Comment= New Comment=4.7k-1206
Change Component Comment : Designator= Old Comment= New Comment=4.7k-1206
Change Component Comment : Designator= Old Comment= New Comment=4.7k-1206
Change Component Comment : Designator= Old Comment= New Comment=4.7k-1206
Change Component Comment : Designator= Old Comment= New Comment=4.7k-1206
Change Component Comment : Designator= Old Comment= New Comment=4.7k-1206
Change Component Comment : Designator= Old Comment= New Comment=4.7k-1206
Change Component Comment : Designator= Old Comment= New Comment=4.7k-1206
Change Component Comment : Designator= Old Comment= New Comment=4.7k-1206
Change Component Comment : Designator= Old Comment= New Comment=4.7k-1206
Change Component Comment : Designator= Old Comment= New Comment=4.7k-1206
Change Component Comment : Designator= Old Comment= New Comment=4.7k-1206
Change Component Comment : Designator= Old Comment= New Comment=4.7k-1206
Change Component Comment : Designator= Old Comment= New Comment=4.7k-1206
Change Component Comment : Designator= Old Comment= New Comment=4.7k-1206
Change Component Comment : Designator= Old Comment= New Comment=4.7k-1206
Change Component Comment : Designator= Old Comment= New Comment=4.7k-1206
Change Component Comment : Designator= Old Comment= New Comment=4.7k-1206
Change Component Comment : Designator= Old Comment= New Comment=4.7k-1206
Change Component Comment : Designator= Old Comment= New Comment=4.7k-1206
Change Component Comment : Designator= Old Comment= New Comment=4.7k-1206
Change Component Comment : Designator= Old Comment= New Comment=8MHZ
Change Component Comment : Designator= Old Comment= New Comment=10K -1206
Change Component Comment : Designator= Old Comment= New Comment=10K -1206
Change Component Comment : Designator= Old Comment= New Comment=10K -1206
Change Component Comment : Designator= Old Comment= New Comment=10K -1206
Change Component Comment : Designator= Old Comment= New Comment=10K -1206
Change Component Comment : Designator= Old Comment= New Comment=10K -1206
Change Component Comment : Designator= Old Comment= New Comment=10K -1206
Change Component Comment : Designator= Old Comment= New Comment=10K -1206
Change Component Comment : Designator= Old Comment= New Comment=10k-2512
Change Component Comment : Designator= Old Comment= New Comment=10k-2512
Change Component Comment : Designator= Old Comment= New Comment=10k-2512
Change Component Comment : Designator= Old Comment= New Comment=10k-2512
Change Component Comment : Designator= Old Comment= New Comment=10k-2512
Change Component Comment : Designator= Old Comment= New Comment=10k-2512
Change Component Comment : Designator= Old Comment= New Comment=10k-2512
Change Component Comment : Designator= Old Comment= New Comment=10k-2512
Change Component Comment : Designator= Old Comment= New Comment=10k-2512
Change Component Comment : Designator= Old Comment= New Comment=10k-2512
Change Component Comment : Designator= Old Comment= New Comment=10k-2512
Change Component Comment : Designator= Old Comment= New Comment=10k-2512
Change Component Comment : Designator= Old Comment= New Comment=10k-2512
Change Component Comment : Designator= Old Comment= New Comment=10k-2512
Change Component Comment : Designator= Old Comment= New Comment=10k-2512
Change Component Comment : Designator= Old Comment= New Comment=10k-2512
Change Component Comment : Designator= Old Comment= New Comment=10k-2512
Change Component Comment : Designator= Old Comment= New Comment=10k-2512
Change Component Comment : Designator= Old Comment= New Comment=10k-2512
Change Component Comment : Designator= Old Comment= New Comment=10k-2512
Change Component Comment : Designator= Old Comment= New Comment=10k-2512
Change Component Comment : Designator= Old Comment= New Comment=10k-2512
Change Component Comment : Designator= Old Comment= New Comment=10k-2512
Change Component Comment : Designator= Old Comment= New Comment=10k-2512
Change Component Comment : Designator= Old Comment= New Comment=10k-2512
Change Component Comment : Designator= Old Comment= New Comment=10k-2512
Change Component Comment : Designator= Old Comment= New Comment=10k-2512
Change Component Comment : Designator= Old Comment= New Comment=10k-2512
Change Component Comment : Designator= Old Comment= New Comment=10k-2512
Change Component Comment : Designator= Old Comment= New Comment=10k-2512
Change Component Comment : Designator= Old Comment= New Comment=10k-2512
Change Component Comment : Designator= Old Comment= New Comment=10k-2512
Change Component Comment : Designator= Old Comment= New Comment=22k-1206
Change Component Comment : Designator= Old Comment= New Comment=22pf-1206
Change Component Comment : Designator= Old Comment= New Comment=22pf-1206
Change Component Comment : Designator= Old Comment= New Comment=100uF-50v-polymer
Change Component Comment : Designator= Old Comment= New Comment=100uF-50v-polymer
Change Component Comment : Designator= Old Comment= New Comment=220k-1206
Change Component Comment : Designator= Old Comment= New Comment=300 ohm-1206
Change Component Comment : Designator= Old Comment= New Comment=300 ohm-1206
Change Component Comment : Designator= Old Comment= New Comment=300 ohm-1206
Change Component Comment : Designator= Old Comment= New Comment=300 ohm-1206
Change Component Comment : Designator= Old Comment= New Comment=300 ohm-1206
Change Component Comment : Designator= Old Comment= New Comment=300 ohm-1206
Change Component Comment : Designator= Old Comment= New Comment=300 ohm-1206
Change Component Comment : Designator= Old Comment= New Comment=300 ohm-1206
Change Component Comment : Designator= Old Comment= New Comment=300 ohm-1206
Change Component Comment : Designator= Old Comment= New Comment=300 ohm-1206
Change Component Comment : Designator= Old Comment= New Comment=300 ohm-1206
Change Component Comment : Designator= Old Comment= New Comment=300 ohm-1206
Change Component Comment : Designator= Old Comment= New Comment=300 ohm-1206
Change Component Comment : Designator= Old Comment= New Comment=300 ohm-1206
Change Component Comment : Designator= Old Comment= New Comment=300 ohm-1206
Change Component Comment : Designator= Old Comment= New Comment=300 ohm-1206
Change Component Comment : Designator= Old Comment= New Comment=470uF-6.3v-polymer
Change Component Comment : Designator= Old Comment= New Comment=470uF-16v-polymer
Change Component Comment : Designator= Old Comment= New Comment=470uF-16v-polymer
Change Component Comment : Designator= Old Comment= New Comment=470uF-16v-polymer
Change Component Comment : Designator= Old Comment= New Comment=AMS1117
Change Component Comment : Designator= Old Comment= New Comment=Component_1
Change Component Comment : Designator= Old Comment= New Comment=EL817
Change Component Comment : Designator= Old Comment= New Comment=EL817
Change Component Comment : Designator= Old Comment= New Comment=EL817
Change Component Comment : Designator= Old Comment= New Comment=EL817
Change Component Comment : Designator= Old Comment= New Comment=EL817
Change Component Comment : Designator= Old Comment= New Comment=EL817
Change Component Comment : Designator= Old Comment= New Comment=EL817
Change Component Comment : Designator= Old Comment= New Comment=EL817
Change Component Comment : Designator= Old Comment= New Comment=HDRF3
Change Component Comment : Designator= Old Comment= New Comment=HDRF3
Change Component Comment : Designator= Old Comment= New Comment=HDRF3
Change Component Comment : Designator= Old Comment= New Comment=HDRF3
Change Component Comment : Designator= Old Comment= New Comment=led-red-1206
Change Component Comment : Designator= Old Comment= New Comment=led-red-1206
Change Component Comment : Designator= Old Comment= New Comment=led-red-1206
Change Component Comment : Designator= Old Comment= New Comment=led-red-1206
Change Component Comment : Designator= Old Comment= New Comment=led-red-1206
Change Component Comment : Designator= Old Comment= New Comment=led-red-1206
Change Component Comment : Designator= Old Comment= New Comment=led-red-1206
Change Component Comment : Designator= Old Comment= New Comment=led-red-1206
Change Component Comment : Designator= Old Comment= New Comment=led-red-1206
Change Component Comment : Designator= Old Comment= New Comment=led-red-1206
Change Component Comment : Designator= Old Comment= New Comment=led-red-1206
Change Component Comment : Designator= Old Comment= New Comment=led-red-1206
Change Component Comment : Designator= Old Comment= New Comment=led-red-1206
Change Component Comment : Designator= Old Comment= New Comment=led-red-1206
Change Component Comment : Designator= Old Comment= New Comment=led-red-1206
Change Component Comment : Designator= Old Comment= New Comment=led-red-1206
Change Component Comment : Designator= Old Comment= New Comment=led-red-1206
Change Component Comment : Designator= Old Comment= New Comment=led-red-1206
Change Component Comment : Designator= Old Comment= New Comment=led-red-1206
Change Component Comment : Designator= Old Comment= New Comment=led-red-1206
Change Component Comment : Designator= Old Comment= New Comment=led-red-1206
Change Component Comment : Designator= Old Comment= New Comment=led-red-1206
Change Component Comment : Designator= Old Comment= New Comment=led-red-1206
Change Component Comment : Designator= Old Comment= New Comment=led-red-1206
Change Component Comment : Designator= Old Comment= New Comment=led-red-1206
Change Component Comment : Designator= Old Comment= New Comment=LF50
Change Component Comment : Designator= Old Comment= New Comment=mp 1584 12v
Change Component Comment : Designator= Old Comment= New Comment=MTSW-104-24-G-S-230
Change Component Comment : Designator= Old Comment= New Comment=MTSW-104-24-G-S-230
Change Component Comment : Designator= Old Comment= New Comment=phoenix-3.81mm-2pos
Change Component Comment : Designator= Old Comment= New Comment=phoenix-3.81mm-2pos
Change Component Comment : Designator= Old Comment= New Comment=phoenix-3.81mm-2pos
Change Component Comment : Designator= Old Comment= New Comment=phoenix-3.81mm-2pos
Change Component Comment : Designator= Old Comment= New Comment=phoenix-3.81mm-2pos
Change Component Comment : Designator= Old Comment= New Comment=phoenix-3.81mm-2pos
Change Component Comment : Designator= Old Comment= New Comment=phoenix-3.81mm-2pos
Change Component Comment : Designator= Old Comment= New Comment=phoenix-3.81mm-2pos
Change Component Comment : Designator= Old Comment= New Comment=phoenix-3.81mm-2pos
Change Component Comment : Designator= Old Comment= New Comment=phoenix-3.81mm-2pos
Change Component Comment : Designator= Old Comment= New Comment=phoenix-3.81mm-2pos
Change Component Comment : Designator= Old Comment= New Comment=phoenix-3.81mm-2pos
Change Component Comment : Designator= Old Comment= New Comment=phoenix-3.81mm-2pos
Change Component Comment : Designator= Old Comment= New Comment=phoenix-5.08mm-2pos
Change Component Comment : Designator= Old Comment= New Comment=phoenix-5.08mm-2pos
Change Component Comment : Designator= Old Comment= New Comment=phoenix-5.08mm-2pos
Change Component Comment : Designator= Old Comment= New Comment=phoenix-5.08mm-2pos
Change Component Comment : Designator= Old Comment= New Comment=phoenix-5.08mm-2pos
Change Component Comment : Designator= Old Comment= New Comment=phoenix-5.08mm-2pos
Change Component Comment : Designator= Old Comment= New Comment=phoenix-5.08mm-2pos
Change Component Comment : Designator= Old Comment= New Comment=phoenix-5.08mm-2pos
Change Component Comment : Designator= Old Comment= New Comment=phoenix-5.08mm-2pos
Change Component Comment : Designator= Old Comment= New Comment=phoenix-5.08mm-3pos
Change Component Comment : Designator= Old Comment= New Comment=phoenix-5.08mm-3pos
Change Component Comment : Designator= Old Comment= New Comment=RELAY_SPDT
Change Component Comment : Designator= Old Comment= New Comment=RELAY_SPDT
Change Component Comment : Designator= Old Comment= New Comment=RELAY_SPDT
Change Component Comment : Designator= Old Comment= New Comment=RELAY_SPDT
Change Component Comment : Designator= Old Comment= New Comment=RELAY_SPDT
Change Component Comment : Designator= Old Comment= New Comment=RELAY_SPDT
Change Component Comment : Designator= Old Comment= New Comment=RELAY_SPDT
Change Component Comment : Designator= Old Comment= New Comment=RELAY_SPDT
Change Component Comment : Designator= Old Comment= New Comment=RotaryEncoderSwitch
Change Component Comment : Designator= Old Comment= New Comment=SS8050
Change Component Comment : Designator= Old Comment= New Comment=SS8050
Change Component Comment : Designator= Old Comment= New Comment=SS8050
Change Component Comment : Designator= Old Comment= New Comment=SS8050
Change Component Comment : Designator= Old Comment= New Comment=SS8050
Change Component Comment : Designator= Old Comment= New Comment=SS8050
Change Component Comment : Designator= Old Comment= New Comment=SS8050
Change Component Comment : Designator= Old Comment= New Comment=SS8050
Change Component Comment : Designator= Old Comment= New Comment=SS8050
Change Component Comment : Designator= Old Comment= New Comment=SS8050
Change Component Comment : Designator= Old Comment= New Comment=SS8050
Change Component Comment : Designator= Old Comment= New Comment=SS8050
Change Component Comment : Designator= Old Comment= New Comment=SS8050
Change Component Comment : Designator= Old Comment= New Comment=SS8050
Change Component Comment : Designator= Old Comment= New Comment=SS8050
Change Component Comment : Designator= Old Comment= New Comment=SS8050
Change Component Comment : Designator= Old Comment= New Comment=SS8050
Change Component Comment : Designator= Old Comment= New Comment=SS8050
Change Component Comment : Designator= Old Comment= New Comment=SS8050
Change Component Comment : Designator= Old Comment= New Comment=SS8050
Change Component Comment : Designator= Old Comment= New Comment=SS8050
Change Component Comment : Designator= Old Comment= New Comment=SS8050
Change Component Comment : Designator= Old Comment= New Comment=SS8050
Change Component Comment : Designator= Old Comment= New Comment=SS8050
Change Component Comment : Designator= Old Comment= New Comment=STM32G070RBT6
Change Component Designator: OldDesignator= NewDesignator=*1
Change Component Designator: OldDesignator= NewDesignator=C1
Change Component Designator: OldDesignator= NewDesignator=C2
Change Component Designator: OldDesignator= NewDesignator=C3
Change Component Designator: OldDesignator= NewDesignator=C4
Change Component Designator: OldDesignator= NewDesignator=C5
Change Component Designator: OldDesignator= NewDesignator=C6
Change Component Designator: OldDesignator= NewDesignator=C7
Change Component Designator: OldDesignator= NewDesignator=C8
Change Component Designator: OldDesignator= NewDesignator=C9
Change Component Designator: OldDesignator= NewDesignator=C10
Change Component Designator: OldDesignator= NewDesignator=C11
Change Component Designator: OldDesignator= NewDesignator=C12
Change Component Designator: OldDesignator= NewDesignator=C13
Change Component Designator: OldDesignator= NewDesignator=C14
Change Component Designator: OldDesignator= NewDesignator=C15
Change Component Designator: OldDesignator= NewDesignator=C16
Change Component Designator: OldDesignator= NewDesignator=C17
Change Component Designator: OldDesignator= NewDesignator=C18
Change Component Designator: OldDesignator= NewDesignator=C19
Change Component Designator: OldDesignator= NewDesignator=C20
Change Component Designator: OldDesignator= NewDesignator=C21
Change Component Designator: OldDesignator= NewDesignator=C22
Change Component Designator: OldDesignator= NewDesignator=C23
Change Component Designator: OldDesignator= NewDesignator=C24
Change Component Designator: OldDesignator= NewDesignator=C25
Change Component Designator: OldDesignator= NewDesignator=C26
Change Component Designator: OldDesignator= NewDesignator=C27
Change Component Designator: OldDesignator= NewDesignator=D1
Change Component Designator: OldDesignator= NewDesignator=D2
Change Component Designator: OldDesignator= NewDesignator=D3
Change Component Designator: OldDesignator= NewDesignator=D4
Change Component Designator: OldDesignator= NewDesignator=D5
Change Component Designator: OldDesignator= NewDesignator=D6
Change Component Designator: OldDesignator= NewDesignator=D7
Change Component Designator: OldDesignator= NewDesignator=D8
Change Component Designator: OldDesignator= NewDesignator=D9
Change Component Designator: OldDesignator= NewDesignator=D10
Change Component Designator: OldDesignator= NewDesignator=D11
Change Component Designator: OldDesignator= NewDesignator=D12
Change Component Designator: OldDesignator= NewDesignator=D13
Change Component Designator: OldDesignator= NewDesignator=D14
Change Component Designator: OldDesignator= NewDesignator=D15
Change Component Designator: OldDesignator= NewDesignator=D16
Change Component Designator: OldDesignator= NewDesignator=D17
Change Component Designator: OldDesignator= NewDesignator=D18
Change Component Designator: OldDesignator= NewDesignator=D19
Change Component Designator: OldDesignator= NewDesignator=D20
Change Component Designator: OldDesignator= NewDesignator=D21
Change Component Designator: OldDesignator= NewDesignator=D22
Change Component Designator: OldDesignator= NewDesignator=D23
Change Component Designator: OldDesignator= NewDesignator=D24
Change Component Designator: OldDesignator= NewDesignator=D25
Change Component Designator: OldDesignator= NewDesignator=D26
Change Component Designator: OldDesignator= NewDesignator=D27
Change Component Designator: OldDesignator= NewDesignator=D28
Change Component Designator: OldDesignator= NewDesignator=D29
Change Component Designator: OldDesignator= NewDesignator=D30
Change Component Designator: OldDesignator= NewDesignator=D31
Change Component Designator: OldDesignator= NewDesignator=D32
Change Component Designator: OldDesignator= NewDesignator=D33
Change Component Designator: OldDesignator= NewDesignator=EEPROM1
Change Component Designator: OldDesignator= NewDesignator=J1
Change Component Designator: OldDesignator= NewDesignator=J2
Change Component Designator: OldDesignator= NewDesignator=J3
Change Component Designator: OldDesignator= NewDesignator=J4
Change Component Designator: OldDesignator= NewDesignator=J5
Change Component Designator: OldDesignator= NewDesignator=J6
Change Component Designator: OldDesignator= NewDesignator=J7
Change Component Designator: OldDesignator= NewDesignator=J8
Change Component Designator: OldDesignator= NewDesignator=J9
Change Component Designator: OldDesignator= NewDesignator=J10
Change Component Designator: OldDesignator= NewDesignator=J11
Change Component Designator: OldDesignator= NewDesignator=J12
Change Component Designator: OldDesignator= NewDesignator=J13
Change Component Designator: OldDesignator= NewDesignator=JP1
Change Component Designator: OldDesignator= NewDesignator=JP2
Change Component Designator: OldDesignator= NewDesignator=JP3
Change Component Designator: OldDesignator= NewDesignator=JP4
Change Component Designator: OldDesignator= NewDesignator=K1
Change Component Designator: OldDesignator= NewDesignator=K2
Change Component Designator: OldDesignator= NewDesignator=K3
Change Component Designator: OldDesignator= NewDesignator=K4
Change Component Designator: OldDesignator= NewDesignator=K5
Change Component Designator: OldDesignator= NewDesignator=K6
Change Component Designator: OldDesignator= NewDesignator=K7
Change Component Designator: OldDesignator= NewDesignator=K8
Change Component Designator: OldDesignator= NewDesignator=P1
Change Component Designator: OldDesignator= NewDesignator=P2
Change Component Designator: OldDesignator= NewDesignator=P3
Change Component Designator: OldDesignator= NewDesignator=P4
Change Component Designator: OldDesignator= NewDesignator=P5
Change Component Designator: OldDesignator= NewDesignator=P6
Change Component Designator: OldDesignator= NewDesignator=P7
Change Component Designator: OldDesignator= NewDesignator=P8
Change Component Designator: OldDesignator= NewDesignator=P9
Change Component Designator: OldDesignator= NewDesignator=P10
Change Component Designator: OldDesignator= NewDesignator=P11
Change Component Designator: OldDesignator= NewDesignator=P12
Change Component Designator: OldDesignator= NewDesignator=P13
Change Component Designator: OldDesignator= NewDesignator=Q1
Change Component Designator: OldDesignator= NewDesignator=Q2
Change Component Designator: OldDesignator= NewDesignator=Q3
Change Component Designator: OldDesignator= NewDesignator=Q4
Change Component Designator: OldDesignator= NewDesignator=Q5
Change Component Designator: OldDesignator= NewDesignator=Q6
Change Component Designator: OldDesignator= NewDesignator=Q7
Change Component Designator: OldDesignator= NewDesignator=Q8
Change Component Designator: OldDesignator= NewDesignator=Q9
Change Component Designator: OldDesignator= NewDesignator=Q10
Change Component Designator: OldDesignator= NewDesignator=Q11
Change Component Designator: OldDesignator= NewDesignator=Q12
Change Component Designator: OldDesignator= NewDesignator=Q13
Change Component Designator: OldDesignator= NewDesignator=Q14
Change Component Designator: OldDesignator= NewDesignator=Q15
Change Component Designator: OldDesignator= NewDesignator=Q16
Change Component Designator: OldDesignator= NewDesignator=Q17
Change Component Designator: OldDesignator= NewDesignator=Q18
Change Component Designator: OldDesignator= NewDesignator=Q19
Change Component Designator: OldDesignator= NewDesignator=Q20
Change Component Designator: OldDesignator= NewDesignator=Q21
Change Component Designator: OldDesignator= NewDesignator=Q22
Change Component Designator: OldDesignator= NewDesignator=Q23
Change Component Designator: OldDesignator= NewDesignator=Q24
Change Component Designator: OldDesignator= NewDesignator=Q25
Change Component Designator: OldDesignator= NewDesignator=Q26
Change Component Designator: OldDesignator= NewDesignator=Q27
Change Component Designator: OldDesignator= NewDesignator=Q28
Change Component Designator: OldDesignator= NewDesignator=Q29
Change Component Designator: OldDesignator= NewDesignator=Q30
Change Component Designator: OldDesignator= NewDesignator=Q31
Change Component Designator: OldDesignator= NewDesignator=Q32
Change Component Designator: OldDesignator= NewDesignator=Q33
Change Component Designator: OldDesignator= NewDesignator=Q34
Change Component Designator: OldDesignator= NewDesignator=R1
Change Component Designator: OldDesignator= NewDesignator=R2
Change Component Designator: OldDesignator= NewDesignator=R3
Change Component Designator: OldDesignator= NewDesignator=R4
Change Component Designator: OldDesignator= NewDesignator=R5
Change Component Designator: OldDesignator= NewDesignator=R6
Change Component Designator: OldDesignator= NewDesignator=R7
Change Component Designator: OldDesignator= NewDesignator=R8
Change Component Designator: OldDesignator= NewDesignator=R9
Change Component Designator: OldDesignator= NewDesignator=R10
Change Component Designator: OldDesignator= NewDesignator=R11
Change Component Designator: OldDesignator= NewDesignator=R12
Change Component Designator: OldDesignator= NewDesignator=R13
Change Component Designator: OldDesignator= NewDesignator=R14
Change Component Designator: OldDesignator= NewDesignator=R15
Change Component Designator: OldDesignator= NewDesignator=R16
Change Component Designator: OldDesignator= NewDesignator=R17
Change Component Designator: OldDesignator= NewDesignator=R18
Change Component Designator: OldDesignator= NewDesignator=R19
Change Component Designator: OldDesignator= NewDesignator=R20
Change Component Designator: OldDesignator= NewDesignator=R21
Change Component Designator: OldDesignator= NewDesignator=R22
Change Component Designator: OldDesignator= NewDesignator=R23
Change Component Designator: OldDesignator= NewDesignator=R24
Change Component Designator: OldDesignator= NewDesignator=R25
Change Component Designator: OldDesignator= NewDesignator=R26
Change Component Designator: OldDesignator= NewDesignator=R27
Change Component Designator: OldDesignator= NewDesignator=R28
Change Component Designator: OldDesignator= NewDesignator=R29
Change Component Designator: OldDesignator= NewDesignator=R30
Change Component Designator: OldDesignator= NewDesignator=R31
Change Component Designator: OldDesignator= NewDesignator=R32
Change Component Designator: OldDesignator= NewDesignator=R33
Change Component Designator: OldDesignator= NewDesignator=R34
Change Component Designator: OldDesignator= NewDesignator=R35
Change Component Designator: OldDesignator= NewDesignator=R36
Change Component Designator: OldDesignator= NewDesignator=R37
Change Component Designator: OldDesignator= NewDesignator=R38
Change Component Designator: OldDesignator= NewDesignator=R39
Change Component Designator: OldDesignator= NewDesignator=R40
Change Component Designator: OldDesignator= NewDesignator=R41
Change Component Designator: OldDesignator= NewDesignator=R42
Change Component Designator: OldDesignator= NewDesignator=R43
Change Component Designator: OldDesignator= NewDesignator=R44
Change Component Designator: OldDesignator= NewDesignator=R45
Change Component Designator: OldDesignator= NewDesignator=R46
Change Component Designator: OldDesignator= NewDesignator=R47
Change Component Designator: OldDesignator= NewDesignator=R48
Change Component Designator: OldDesignator= NewDesignator=R49
Change Component Designator: OldDesignator= NewDesignator=R50
Change Component Designator: OldDesignator= NewDesignator=R51
Change Component Designator: OldDesignator= NewDesignator=R52
Change Component Designator: OldDesignator= NewDesignator=R53
Change Component Designator: OldDesignator= NewDesignator=R54
Change Component Designator: OldDesignator= NewDesignator=R55
Change Component Designator: OldDesignator= NewDesignator=R56
Change Component Designator: OldDesignator= NewDesignator=R57
Change Component Designator: OldDesignator= NewDesignator=R58
Change Component Designator: OldDesignator= NewDesignator=R59
Change Component Designator: OldDesignator= NewDesignator=R60
Change Component Designator: OldDesignator= NewDesignator=R61
Change Component Designator: OldDesignator= NewDesignator=R62
Change Component Designator: OldDesignator= NewDesignator=R63
Change Component Designator: OldDesignator= NewDesignator=R64
Change Component Designator: OldDesignator= NewDesignator=R65
Change Component Designator: OldDesignator= NewDesignator=R66
Change Component Designator: OldDesignator= NewDesignator=R67
Change Component Designator: OldDesignator= NewDesignator=R68
Change Component Designator: OldDesignator= NewDesignator=R69
Change Component Designator: OldDesignator= NewDesignator=R70
Change Component Designator: OldDesignator= NewDesignator=R71
Change Component Designator: OldDesignator= NewDesignator=R72
Change Component Designator: OldDesignator= NewDesignator=R73
Change Component Designator: OldDesignator= NewDesignator=R74
Change Component Designator: OldDesignator= NewDesignator=R75
Change Component Designator: OldDesignator= NewDesignator=R76
Change Component Designator: OldDesignator= NewDesignator=R77
Change Component Designator: OldDesignator= NewDesignator=R78
Change Component Designator: OldDesignator= NewDesignator=R79
Change Component Designator: OldDesignator= NewDesignator=R80
Change Component Designator: OldDesignator= NewDesignator=R81
Change Component Designator: OldDesignator= NewDesignator=R82
Change Component Designator: OldDesignator= NewDesignator=R83
Change Component Designator: OldDesignator= NewDesignator=R84
Change Component Designator: OldDesignator= NewDesignator=R85
Change Component Designator: OldDesignator= NewDesignator=R86
Change Component Designator: OldDesignator= NewDesignator=R87
Change Component Designator: OldDesignator= NewDesignator=R88
Change Component Designator: OldDesignator= NewDesignator=R89
Change Component Designator: OldDesignator= NewDesignator=R90
Change Component Designator: OldDesignator= NewDesignator=R91
Change Component Designator: OldDesignator= NewDesignator=R92
Change Component Designator: OldDesignator= NewDesignator=R93
Change Component Designator: OldDesignator= NewDesignator=R94
Change Component Designator: OldDesignator= NewDesignator=R95
Change Component Designator: OldDesignator= NewDesignator=R96
Change Component Designator: OldDesignator= NewDesignator=R97
Change Component Designator: OldDesignator= NewDesignator=R98
Change Component Designator: OldDesignator= NewDesignator=R99
Change Component Designator: OldDesignator= NewDesignator=R100
Change Component Designator: OldDesignator= NewDesignator=R101
Change Component Designator: OldDesignator= NewDesignator=R102
Change Component Designator: OldDesignator= NewDesignator=R103
Change Component Designator: OldDesignator= NewDesignator=R104
Change Component Designator: OldDesignator= NewDesignator=R105
Change Component Designator: OldDesignator= NewDesignator=R106
Change Component Designator: OldDesignator= NewDesignator=R107
Change Component Designator: OldDesignator= NewDesignator=R108
Change Component Designator: OldDesignator= NewDesignator=R109
Change Component Designator: OldDesignator= NewDesignator=R110
Change Component Designator: OldDesignator= NewDesignator=R111
Change Component Designator: OldDesignator= NewDesignator=R112
Change Component Designator: OldDesignator= NewDesignator=R113
Change Component Designator: OldDesignator= NewDesignator=R114
Change Component Designator: OldDesignator= NewDesignator=R115
Change Component Designator: OldDesignator= NewDesignator=R116
Change Component Designator: OldDesignator= NewDesignator=SW1
Change Component Designator: OldDesignator= NewDesignator=U1
Change Component Designator: OldDesignator= NewDesignator=U2
Change Component Designator: OldDesignator= NewDesignator=U3
Change Component Designator: OldDesignator= NewDesignator=U4
Change Component Designator: OldDesignator= NewDesignator=U5
Change Component Designator: OldDesignator= NewDesignator=U6
Change Component Designator: OldDesignator= NewDesignator=U7
Change Component Designator: OldDesignator= NewDesignator=U8
Change Component Designator: OldDesignator= NewDesignator=U9
Change Component Designator: OldDesignator= NewDesignator=U10
Change Component Designator: OldDesignator= NewDesignator=U11
Change Component Designator: OldDesignator= NewDesignator=Y1
Added Member To Class: ClassName=Power Member=Component *1 mp 1584 12v
Added Member To Class: ClassName=Power Member=Component C1 470uF-16v-polymer
Added Member To Class: ClassName=Power Member=Component C2 470uF-16v-polymer
Added Member To Class: ClassName=Power Member=Component C3 470uF-16v-polymer
Added Member To Class: ClassName=Power Member=Component C4 1nF-1206
Added Member To Class: ClassName=Power Member=Component C5 470uF-6.3v-polymer
Added Member To Class: ClassName=MCU Member=Component C6 22pf-1206
Added Member To Class: ClassName=MCU Member=Component C7 22pf-1206
Added Member To Class: ClassName=MCU Member=Component C8 1uf-1206
Added Member To Class: ClassName=MCU Member=Component C9 1uf-1206
Added Member To Class: ClassName=MCU Member=Component C10 1uf-1206
Added Member To Class: ClassName=MCU Member=Component C11 1uf-1206
Added Member To Class: ClassName=jack driver 1 Member=Component C12 1nf-1206
Added Member To Class: ClassName=jack driver 1 Member=Component C13 100uF-50v-polymer
Added Member To Class: ClassName=motor driver 1 Member=Component C14 1nf-1206
Added Member To Class: ClassName=interface Member=Component C15 1uf-1206
Added Member To Class: ClassName=interface Member=Component C16 1nf-1206
Added Member To Class: ClassName=receiver 1 Member=Component C17 1uf-1206
Added Member To Class: ClassName=receiver 1 Member=Component C18 1uf-1206
Added Member To Class: ClassName=receiver 1 Member=Component C19 1uf-1206
Added Member To Class: ClassName=receiver 1 Member=Component C20 1uf-1206
Added Member To Class: ClassName=receiver 2 Member=Component C21 1uf-1206
Added Member To Class: ClassName=receiver 2 Member=Component C22 1uf-1206
Added Member To Class: ClassName=receiver 2 Member=Component C23 1uf-1206
Added Member To Class: ClassName=receiver 2 Member=Component C24 1uf-1206
Added Member To Class: ClassName=jack driver 2 Member=Component C25 1nf-1206
Added Member To Class: ClassName=jack driver 2 Member=Component C26 100uF-50v-polymer
Added Member To Class: ClassName=motor driver 2 Member=Component C27 1nf-1206
Added Member To Class: ClassName=Power Member=Component D1 led-red-1206
Added Member To Class: ClassName=jack driver 1 Member=Component D2 1N4007-SMA
Added Member To Class: ClassName=jack driver 1 Member=Component D3 1N4007-SMA
Added Member To Class: ClassName=motor driver 1 Member=Component D4 1N4007-SMA
Added Member To Class: ClassName=motor driver 1 Member=Component D5 1N4007-SMA
Added Member To Class: ClassName=interface Member=Component D6 led-red-1206
Added Member To Class: ClassName=interface Member=Component D7 led-red-1206
Added Member To Class: ClassName=interface Member=Component D8 led-red-1206
Added Member To Class: ClassName=interface Member=Component D9 led-red-1206
Added Member To Class: ClassName=interface Member=Component D10 led-red-1206
Added Member To Class: ClassName=interface Member=Component D11 led-red-1206
Added Member To Class: ClassName=interface Member=Component D12 led-red-1206
Added Member To Class: ClassName=interface Member=Component D13 led-red-1206
Added Member To Class: ClassName=interface Member=Component D14 led-red-1206
Added Member To Class: ClassName=interface Member=Component D15 led-red-1206
Added Member To Class: ClassName=interface Member=Component D16 led-red-1206
Added Member To Class: ClassName=interface Member=Component D17 led-red-1206
Added Member To Class: ClassName=interface Member=Component D18 led-red-1206
Added Member To Class: ClassName=interface Member=Component D19 led-red-1206
Added Member To Class: ClassName=interface Member=Component D20 led-red-1206
Added Member To Class: ClassName=interface Member=Component D21 led-red-1206
Added Member To Class: ClassName=receiver 1 Member=Component D22 led-red-1206
Added Member To Class: ClassName=receiver 1 Member=Component D23 led-red-1206
Added Member To Class: ClassName=receiver 1 Member=Component D24 led-red-1206
Added Member To Class: ClassName=receiver 1 Member=Component D25 led-red-1206
Added Member To Class: ClassName=receiver 2 Member=Component D26 led-red-1206
Added Member To Class: ClassName=receiver 2 Member=Component D27 led-red-1206
Added Member To Class: ClassName=receiver 2 Member=Component D28 led-red-1206
Added Member To Class: ClassName=receiver 2 Member=Component D29 led-red-1206
Added Member To Class: ClassName=jack driver 2 Member=Component D30 1N4007-SMA
Added Member To Class: ClassName=jack driver 2 Member=Component D31 1N4007-SMA
Added Member To Class: ClassName=motor driver 2 Member=Component D32 1N4007-SMA
Added Member To Class: ClassName=motor driver 2 Member=Component D33 1N4007-SMA
Added Member To Class: ClassName=MCU Member=Component EEPROM1 Component_1
Added Member To Class: ClassName=Power Member=Component J1 phoenix-5.08mm-2pos
Added Member To Class: ClassName=MCU Member=Component J2 MTSW-104-24-G-S-230
Added Member To Class: ClassName=MCU Member=Component J3 MTSW-104-24-G-S-230
Added Member To Class: ClassName=motor driver 1 Member=Component J4 phoenix-5.08mm-3pos
Added Member To Class: ClassName=receiver 1 Member=Component J5 phoenix-5.08mm-2pos
Added Member To Class: ClassName=receiver 1 Member=Component J6 phoenix-5.08mm-2pos
Added Member To Class: ClassName=receiver 1 Member=Component J7 phoenix-5.08mm-2pos
Added Member To Class: ClassName=receiver 1 Member=Component J8 phoenix-5.08mm-2pos
Added Member To Class: ClassName=receiver 2 Member=Component J9 phoenix-5.08mm-2pos
Added Member To Class: ClassName=receiver 2 Member=Component J10 phoenix-5.08mm-2pos
Added Member To Class: ClassName=receiver 2 Member=Component J11 phoenix-5.08mm-2pos
Added Member To Class: ClassName=receiver 2 Member=Component J12 phoenix-5.08mm-2pos
Added Member To Class: ClassName=motor driver 2 Member=Component J13 phoenix-5.08mm-3pos
Added Member To Class: ClassName=jack driver 1 Member=Component JP1 HDRF3
Added Member To Class: ClassName=motor driver 1 Member=Component JP2 HDRF3
Added Member To Class: ClassName=jack driver 2 Member=Component JP3 HDRF3
Added Member To Class: ClassName=motor driver 2 Member=Component JP4 HDRF3
Added Member To Class: ClassName=jack driver 1 Member=Component K1 RELAY_SPDT
Added Member To Class: ClassName=jack driver 1 Member=Component K2 RELAY_SPDT
Added Member To Class: ClassName=motor driver 1 Member=Component K3 RELAY_SPDT
Added Member To Class: ClassName=motor driver 1 Member=Component K4 RELAY_SPDT
Added Member To Class: ClassName=jack driver 2 Member=Component K5 RELAY_SPDT
Added Member To Class: ClassName=jack driver 2 Member=Component K6 RELAY_SPDT
Added Member To Class: ClassName=motor driver 2 Member=Component K7 RELAY_SPDT
Added Member To Class: ClassName=motor driver 2 Member=Component K8 RELAY_SPDT
Added Member To Class: ClassName=Power Member=Component P1 phoenix-3.81mm-2pos
Added Member To Class: ClassName=jack driver 1 Member=Component P2 phoenix-3.81mm-2pos
Added Member To Class: ClassName=jack driver 1 Member=Component P3 phoenix-3.81mm-2pos
Added Member To Class: ClassName=jack driver 1 Member=Component P4 phoenix-3.81mm-2pos
Added Member To Class: ClassName=jack driver 1 Member=Component P5 phoenix-3.81mm-2pos
Added Member To Class: ClassName=motor driver 1 Member=Component P6 phoenix-3.81mm-2pos
Added Member To Class: ClassName=motor driver 1 Member=Component P7 phoenix-3.81mm-2pos
Added Member To Class: ClassName=jack driver 2 Member=Component P8 phoenix-3.81mm-2pos
Added Member To Class: ClassName=jack driver 2 Member=Component P9 phoenix-3.81mm-2pos
Added Member To Class: ClassName=jack driver 2 Member=Component P10 phoenix-3.81mm-2pos
Added Member To Class: ClassName=jack driver 2 Member=Component P11 phoenix-3.81mm-2pos
Added Member To Class: ClassName=motor driver 2 Member=Component P12 phoenix-3.81mm-2pos
Added Member To Class: ClassName=motor driver 2 Member=Component P13 phoenix-3.81mm-2pos
Added Member To Class: ClassName=jack driver 1 Member=Component Q1 2N7002
Added Member To Class: ClassName=jack driver 1 Member=Component Q2 2N7002
Added Member To Class: ClassName=jack driver 1 Member=Component Q3 SS8050
Added Member To Class: ClassName=jack driver 1 Member=Component Q4 SS8050
Added Member To Class: ClassName=motor driver 1 Member=Component Q5 2N7002
Added Member To Class: ClassName=motor driver 1 Member=Component Q6 2N7002
Added Member To Class: ClassName=motor driver 1 Member=Component Q7 SS8050
Added Member To Class: ClassName=motor driver 1 Member=Component Q8 SS8050
Added Member To Class: ClassName=interface Member=Component Q9 SS8050
Added Member To Class: ClassName=interface Member=Component Q10 SS8050
Added Member To Class: ClassName=interface Member=Component Q11 SS8050
Added Member To Class: ClassName=interface Member=Component Q12 SS8050
Added Member To Class: ClassName=interface Member=Component Q13 SS8050
Added Member To Class: ClassName=interface Member=Component Q14 SS8050
Added Member To Class: ClassName=interface Member=Component Q15 SS8050
Added Member To Class: ClassName=interface Member=Component Q16 SS8050
Added Member To Class: ClassName=interface Member=Component Q17 SS8050
Added Member To Class: ClassName=interface Member=Component Q18 SS8050
Added Member To Class: ClassName=interface Member=Component Q19 SS8050
Added Member To Class: ClassName=interface Member=Component Q20 SS8050
Added Member To Class: ClassName=interface Member=Component Q21 SS8050
Added Member To Class: ClassName=interface Member=Component Q22 SS8050
Added Member To Class: ClassName=interface Member=Component Q23 SS8050
Added Member To Class: ClassName=interface Member=Component Q24 SS8050
Added Member To Class: ClassName=interface Member=Component Q25 2N7002
Added Member To Class: ClassName=interface Member=Component Q26 2N7002
Added Member To Class: ClassName=jack driver 2 Member=Component Q27 2N7002
Added Member To Class: ClassName=jack driver 2 Member=Component Q28 2N7002
Added Member To Class: ClassName=jack driver 2 Member=Component Q29 SS8050
Added Member To Class: ClassName=jack driver 2 Member=Component Q30 SS8050
Added Member To Class: ClassName=motor driver 2 Member=Component Q31 2N7002
Added Member To Class: ClassName=motor driver 2 Member=Component Q32 2N7002
Added Member To Class: ClassName=motor driver 2 Member=Component Q33 SS8050
Added Member To Class: ClassName=motor driver 2 Member=Component Q34 SS8050
Added Member To Class: ClassName=Power Member=Component R1 4.7k-1206
Added Member To Class: ClassName=Power Member=Component R2 220k-1206
Added Member To Class: ClassName=Power Member=Component R3 22k-1206
Added Member To Class: ClassName=MCU Member=Component R4 4.7k-1206
Added Member To Class: ClassName=MCU Member=Component R5 4.7k-1206
Added Member To Class: ClassName=MCU Member=Component R6 4.7k -0805
Added Member To Class: ClassName=MCU Member=Component R7 4.7k -0805
Added Member To Class: ClassName=jack driver 1 Member=Component R8 4.7k-1206
Added Member To Class: ClassName=jack driver 1 Member=Component R9 4.7k-1206
Added Member To Class: ClassName=jack driver 1 Member=Component R10 4.7k-1206
Added Member To Class: ClassName=jack driver 1 Member=Component R11 4.7k-1206
Added Member To Class: ClassName=jack driver 1 Member=Component R12 4.7k-1206
Added Member To Class: ClassName=jack driver 1 Member=Component R13 4.7k-1206
Added Member To Class: ClassName=motor driver 1 Member=Component R14 4.7k-1206
Added Member To Class: ClassName=motor driver 1 Member=Component R15 4.7k-1206
Added Member To Class: ClassName=motor driver 1 Member=Component R16 4.7k-1206
Added Member To Class: ClassName=motor driver 1 Member=Component R17 4.7k-1206
Added Member To Class: ClassName=motor driver 1 Member=Component R18 4.7k-1206
Added Member To Class: ClassName=motor driver 1 Member=Component R19 4.7k-1206
Added Member To Class: ClassName=interface Member=Component R20 300 ohm-1206
Added Member To Class: ClassName=interface Member=Component R21 300 ohm-1206
Added Member To Class: ClassName=interface Member=Component R22 300 ohm-1206
Added Member To Class: ClassName=interface Member=Component R23 300 ohm-1206
Added Member To Class: ClassName=interface Member=Component R24 300 ohm-1206
Added Member To Class: ClassName=interface Member=Component R25 300 ohm-1206
Added Member To Class: ClassName=interface Member=Component R26 300 ohm-1206
Added Member To Class: ClassName=interface Member=Component R27 300 ohm-1206
Added Member To Class: ClassName=interface Member=Component R28 4.7k-1206
Added Member To Class: ClassName=interface Member=Component R29 4.7k-1206
Added Member To Class: ClassName=interface Member=Component R30 4.7k-1206
Added Member To Class: ClassName=interface Member=Component R32 4.7k-1206
Added Member To Class: ClassName=interface Member=Component R33 4.7k-1206
Added Member To Class: ClassName=interface Member=Component R34 4.7k-1206
Added Member To Class: ClassName=interface Member=Component R35 4.7k-1206
Added Member To Class: ClassName=interface Member=Component R36 300 ohm-1206
Added Member To Class: ClassName=interface Member=Component R37 300 ohm-1206
Added Member To Class: ClassName=interface Member=Component R38 300 ohm-1206
Added Member To Class: ClassName=interface Member=Component R39 300 ohm-1206
Added Member To Class: ClassName=interface Member=Component R40 300 ohm-1206
Added Member To Class: ClassName=interface Member=Component R41 300 ohm-1206
Added Member To Class: ClassName=interface Member=Component R42 300 ohm-1206
Added Member To Class: ClassName=interface Member=Component R43 300 ohm-1206
Added Member To Class: ClassName=interface Member=Component R44 4.7k-1206
Added Member To Class: ClassName=interface Member=Component R45 4.7k-1206
Added Member To Class: ClassName=interface Member=Component R46 4.7k-1206
Added Member To Class: ClassName=interface Member=Component R47 4.7k-1206
Added Member To Class: ClassName=interface Member=Component R48 4.7k-1206
Added Member To Class: ClassName=interface Member=Component R49 4.7k-1206
Added Member To Class: ClassName=interface Member=Component R50 4.7k-1206
Added Member To Class: ClassName=interface Member=Component R51 4.7k-1206
Added Member To Class: ClassName=interface Member=Component R52 4.7k-1206
Added Member To Class: ClassName=interface Member=Component R53 4.7k-1206
Added Member To Class: ClassName=interface Member=Component R54 4.7k-1206
Added Member To Class: ClassName=interface Member=Component R55 4.7k-1206
Added Member To Class: ClassName=interface Member=Component R56 4.7k-1206
Added Member To Class: ClassName=receiver 1 Member=Component R57 10k-2512
Added Member To Class: ClassName=receiver 1 Member=Component R58 10k-2512
Added Member To Class: ClassName=receiver 1 Member=Component R59 10k-2512
Added Member To Class: ClassName=receiver 1 Member=Component R60 10k-2512
Added Member To Class: ClassName=receiver 1 Member=Component R61 10k-2512
Added Member To Class: ClassName=receiver 1 Member=Component R62 10k-2512
Added Member To Class: ClassName=receiver 1 Member=Component R63 10k-2512
Added Member To Class: ClassName=receiver 1 Member=Component R64 10k-2512
Added Member To Class: ClassName=receiver 1 Member=Component R65 10K -1206
Added Member To Class: ClassName=receiver 1 Member=Component R66 10K -1206
Added Member To Class: ClassName=receiver 1 Member=Component R67 4.7k-1206
Added Member To Class: ClassName=receiver 1 Member=Component R68 4.7k-1206
Added Member To Class: ClassName=receiver 1 Member=Component R69 10k-2512
Added Member To Class: ClassName=receiver 1 Member=Component R70 10k-2512
Added Member To Class: ClassName=receiver 1 Member=Component R71 10k-2512
Added Member To Class: ClassName=receiver 1 Member=Component R72 10k-2512
Added Member To Class: ClassName=receiver 1 Member=Component R73 10k-2512
Added Member To Class: ClassName=receiver 1 Member=Component R74 10k-2512
Added Member To Class: ClassName=receiver 1 Member=Component R75 10k-2512
Added Member To Class: ClassName=receiver 1 Member=Component R76 10k-2512
Added Member To Class: ClassName=receiver 1 Member=Component R77 10K -1206
Added Member To Class: ClassName=receiver 1 Member=Component R78 10K -1206
Added Member To Class: ClassName=receiver 1 Member=Component R79 4.7k-1206
Added Member To Class: ClassName=receiver 1 Member=Component R80 4.7k-1206
Added Member To Class: ClassName=receiver 2 Member=Component R81 10k-2512
Added Member To Class: ClassName=receiver 2 Member=Component R82 10k-2512
Added Member To Class: ClassName=receiver 2 Member=Component R83 10k-2512
Added Member To Class: ClassName=receiver 2 Member=Component R84 10k-2512
Added Member To Class: ClassName=receiver 2 Member=Component R85 10k-2512
Added Member To Class: ClassName=receiver 2 Member=Component R86 10k-2512
Added Member To Class: ClassName=receiver 2 Member=Component R87 10k-2512
Added Member To Class: ClassName=receiver 2 Member=Component R88 10k-2512
Added Member To Class: ClassName=receiver 2 Member=Component R89 10K -1206
Added Member To Class: ClassName=receiver 2 Member=Component R90 10K -1206
Added Member To Class: ClassName=receiver 2 Member=Component R91 4.7k-1206
Added Member To Class: ClassName=receiver 2 Member=Component R92 4.7k-1206
Added Member To Class: ClassName=receiver 2 Member=Component R93 10k-2512
Added Member To Class: ClassName=receiver 2 Member=Component R94 10k-2512
Added Member To Class: ClassName=receiver 2 Member=Component R95 10k-2512
Added Member To Class: ClassName=receiver 2 Member=Component R96 10k-2512
Added Member To Class: ClassName=receiver 2 Member=Component R97 10k-2512
Added Member To Class: ClassName=receiver 2 Member=Component R98 10k-2512
Added Member To Class: ClassName=receiver 2 Member=Component R99 10k-2512
Added Member To Class: ClassName=receiver 2 Member=Component R100 10k-2512
Added Member To Class: ClassName=receiver 2 Member=Component R101 10K -1206
Added Member To Class: ClassName=receiver 2 Member=Component R102 10K -1206
Added Member To Class: ClassName=receiver 2 Member=Component R103 4.7k-1206
Added Member To Class: ClassName=receiver 2 Member=Component R104 4.7k-1206
Added Member To Class: ClassName=jack driver 2 Member=Component R105 4.7k-1206
Added Member To Class: ClassName=jack driver 2 Member=Component R106 4.7k-1206
Added Member To Class: ClassName=jack driver 2 Member=Component R107 4.7k-1206
Added Member To Class: ClassName=jack driver 2 Member=Component R108 4.7k-1206
Added Member To Class: ClassName=jack driver 2 Member=Component R109 4.7k-1206
Added Member To Class: ClassName=jack driver 2 Member=Component R110 4.7k-1206
Added Member To Class: ClassName=motor driver 2 Member=Component R111 4.7k-1206
Added Member To Class: ClassName=motor driver 2 Member=Component R112 4.7k-1206
Added Member To Class: ClassName=motor driver 2 Member=Component R113 4.7k-1206
Added Member To Class: ClassName=motor driver 2 Member=Component R114 4.7k-1206
Added Member To Class: ClassName=motor driver 2 Member=Component R115 4.7k-1206
Added Member To Class: ClassName=motor driver 2 Member=Component R116 4.7k-1206
Added Member To Class: ClassName=interface Member=Component SW1 RotaryEncoderSwitch
Added Member To Class: ClassName=Power Member=Component U1 LF50
Added Member To Class: ClassName=Power Member=Component U2 AMS1117
Added Member To Class: ClassName=MCU Member=Component U3 STM32G070RBT6
Added Member To Class: ClassName=receiver 1 Member=Component U4 EL817
Added Member To Class: ClassName=receiver 1 Member=Component U5 EL817
Added Member To Class: ClassName=receiver 1 Member=Component U6 EL817
Added Member To Class: ClassName=receiver 1 Member=Component U7 EL817
Added Member To Class: ClassName=receiver 2 Member=Component U8 EL817
Added Member To Class: ClassName=receiver 2 Member=Component U9 EL817
Added Member To Class: ClassName=receiver 2 Member=Component U10 EL817
Added Member To Class: ClassName=receiver 2 Member=Component U11 EL817
Added Member To Class: ClassName=MCU Member=Component Y1 8MHZ
